---------------------------------------------------------------
[ 2017-08-16T09:43:05+08:00 ] 127.0.0.1 127.0.0.1 GET /admin
[ info ] win.admin.com/admin [运行时间：0.030529s][吞吐率：32.76req/s] [内存消耗：1,363.56kb] [文件加载：38]
[ info ] [ LANG ] D:\phpStudy\admin\thinkphp\lang\zh-cn.php
[ info ] [ ROUTE ] array (
  'type' => 'module',
  'module' => 
  array (
    0 => 'admin',
    1 => NULL,
    2 => NULL,
  ),
)
[ info ] [ HEADER ] array (
  'host' => 'win.admin.com',
  'connection' => 'keep-alive',
  'upgrade-insecure-requests' => '1',
  'user-agent' => 'Mozilla/5.0 (Windows NT 10.0; WOW64) AppleWebKit/537.36 (KHTML, like Gecko) Chrome/60.0.3112.90 Safari/537.36',
  'accept' => 'text/html,application/xhtml+xml,application/xml;q=0.9,image/webp,image/apng,*/*;q=0.8',
  'accept-encoding' => 'gzip, deflate',
  'accept-language' => 'zh-CN,zh;q=0.8',
)
[ info ] [ PARAM ] array (
)
[ info ] [ SESSION ] INIT array (
  'id' => '',
  'var_session_id' => '',
  'prefix' => 'think',
  'type' => '',
  'auto_start' => true,
)
[ info ] [ VIEW ] D:\phpStudy\admin\thinkphp\tpl\dispatch_jump.tpl [ array (
  0 => 'code',
  1 => 'msg',
  2 => 'data',
  3 => 'url',
  4 => 'wait',
) ]
[ info ] [ LOG ] INIT File
---------------------------------------------------------------
[ 2017-08-16T09:43:07+08:00 ] 127.0.0.1 127.0.0.1 GET /admin/user/login.html
[ info ] win.admin.com/admin/user/login.html [运行时间：0.014185s][吞吐率：70.50req/s] [内存消耗：1,274.03kb] [文件加载：35]
[ info ] [ LANG ] D:\phpStudy\admin\thinkphp\lang\zh-cn.php
[ info ] [ ROUTE ] array (
  'type' => 'module',
  'module' => 
  array (
    0 => 'admin',
    1 => 'user',
    2 => 'login',
  ),
)
[ info ] [ HEADER ] array (
  'host' => 'win.admin.com',
  'connection' => 'keep-alive',
  'upgrade-insecure-requests' => '1',
  'user-agent' => 'Mozilla/5.0 (Windows NT 10.0; WOW64) AppleWebKit/537.36 (KHTML, like Gecko) Chrome/60.0.3112.90 Safari/537.36',
  'accept' => 'text/html,application/xhtml+xml,application/xml;q=0.9,image/webp,image/apng,*/*;q=0.8',
  'referer' => 'http://win.admin.com/admin',
  'accept-encoding' => 'gzip, deflate',
  'accept-language' => 'zh-CN,zh;q=0.8',
  'cookie' => 'PHPSESSID=ocubv62abv5mfaukg0t8934605',
)
[ info ] [ PARAM ] array (
)
[ info ] [ RUN ] app\admin\controller\User->login[ D:\phpStudy\admin\application\admin\controller\User.php ]
[ info ] [ VIEW ] D:\phpStudy\admin/application/admin\view\user\login.html [ array (
) ]
[ info ] [ LOG ] INIT File
---------------------------------------------------------------
[ 2017-08-16T09:43:07+08:00 ] 127.0.0.1 127.0.0.1 GET /public/static/css/style.css
[ info ] win.admin.com/public/static/css/style.css [运行时间：0.018425s][吞吐率：54.27req/s] [内存消耗：1,021.20kb] [文件加载：30]
[ info ] [ LANG ] D:\phpStudy\admin\thinkphp\lang\zh-cn.php
[ info ] [ ROUTE ] array (
  'type' => 'module',
  'module' => 
  array (
    0 => 'public',
    1 => 'static',
    2 => 'css',
  ),
)
[ info ] [ HEADER ] array (
  'host' => 'win.admin.com',
  'connection' => 'keep-alive',
  'user-agent' => 'Mozilla/5.0 (Windows NT 10.0; WOW64) AppleWebKit/537.36 (KHTML, like Gecko) Chrome/60.0.3112.90 Safari/537.36',
  'accept' => 'text/css,*/*;q=0.1',
  'referer' => 'http://win.admin.com/admin/user/login.html',
  'accept-encoding' => 'gzip, deflate',
  'accept-language' => 'zh-CN,zh;q=0.8',
  'cookie' => 'PHPSESSID=ocubv62abv5mfaukg0t8934605',
)
[ info ] [ PARAM ] array (
)
[ info ] [ LOG ] INIT File
---------------------------------------------------------------
[ 2017-08-16T09:48:36+08:00 ] 10.3.9.51 10.3.9.51 GET /
[ info ] 10.3.9.51/ [运行时间：0.013750s][吞吐率：72.73req/s] [内存消耗：1,021.81kb] [文件加载：30]
[ info ] [ LANG ] D:\phpStudy\admin\thinkphp\lang\zh-cn.php
[ info ] [ ROUTE ] array (
  'type' => 'module',
  'module' => 
  array (
    0 => '',
    1 => NULL,
    2 => NULL,
  ),
)
[ info ] [ HEADER ] array (
  'host' => '10.3.9.51',
  'connection' => 'keep-alive',
  'cache-control' => 'max-age=0',
  'upgrade-insecure-requests' => '1',
  'user-agent' => 'Mozilla/5.0 (Windows NT 10.0; WOW64) AppleWebKit/537.36 (KHTML, like Gecko) Chrome/60.0.3112.90 Safari/537.36',
  'accept' => 'text/html,application/xhtml+xml,application/xml;q=0.9,image/webp,image/apng,*/*;q=0.8',
  'accept-encoding' => 'gzip, deflate',
  'accept-language' => 'zh-CN,zh;q=0.8',
  'cookie' => 'UM_distinctid=15da733c861288-0cf7a8dd403aa6-36624308-1fa400-15da733c8625aa; CNZZDATA4223994=cnzz_eid%3D895840053-1501746802-%26ntime%3D1502422158',
)
[ info ] [ PARAM ] array (
)
[ info ] [ LOG ] INIT File
---------------------------------------------------------------
[ 2017-08-16T10:03:20+08:00 ] 10.3.9.51 10.3.9.51 GET /
[ info ] 10.3.9.51/ [运行时间：0.012563s][吞吐率：79.60req/s] [内存消耗：1,021.81kb] [文件加载：30]
[ info ] [ LANG ] D:\phpStudy\admin\thinkphp\lang\zh-cn.php
[ info ] [ ROUTE ] array (
  'type' => 'module',
  'module' => 
  array (
    0 => '',
    1 => NULL,
    2 => NULL,
  ),
)
[ info ] [ HEADER ] array (
  'host' => '10.3.9.51',
  'connection' => 'keep-alive',
  'cache-control' => 'max-age=0',
  'upgrade-insecure-requests' => '1',
  'user-agent' => 'Mozilla/5.0 (Windows NT 10.0; WOW64) AppleWebKit/537.36 (KHTML, like Gecko) Chrome/60.0.3112.90 Safari/537.36',
  'accept' => 'text/html,application/xhtml+xml,application/xml;q=0.9,image/webp,image/apng,*/*;q=0.8',
  'accept-encoding' => 'gzip, deflate',
  'accept-language' => 'zh-CN,zh;q=0.8',
  'cookie' => 'UM_distinctid=15da733c861288-0cf7a8dd403aa6-36624308-1fa400-15da733c8625aa; CNZZDATA4223994=cnzz_eid%3D895840053-1501746802-%26ntime%3D1502422158',
)
[ info ] [ PARAM ] array (
)
[ info ] [ LOG ] INIT File
---------------------------------------------------------------
[ 2017-08-16T10:03:21+08:00 ] 10.3.9.51 10.3.9.51 GET /
[ info ] 10.3.9.51/ [运行时间：0.011168s][吞吐率：89.54req/s] [内存消耗：1,021.81kb] [文件加载：30]
[ info ] [ LANG ] D:\phpStudy\admin\thinkphp\lang\zh-cn.php
[ info ] [ ROUTE ] array (
  'type' => 'module',
  'module' => 
  array (
    0 => '',
    1 => NULL,
    2 => NULL,
  ),
)
[ info ] [ HEADER ] array (
  'host' => '10.3.9.51',
  'connection' => 'keep-alive',
  'cache-control' => 'max-age=0',
  'upgrade-insecure-requests' => '1',
  'user-agent' => 'Mozilla/5.0 (Windows NT 10.0; WOW64) AppleWebKit/537.36 (KHTML, like Gecko) Chrome/60.0.3112.90 Safari/537.36',
  'accept' => 'text/html,application/xhtml+xml,application/xml;q=0.9,image/webp,image/apng,*/*;q=0.8',
  'accept-encoding' => 'gzip, deflate',
  'accept-language' => 'zh-CN,zh;q=0.8',
  'cookie' => 'UM_distinctid=15da733c861288-0cf7a8dd403aa6-36624308-1fa400-15da733c8625aa; CNZZDATA4223994=cnzz_eid%3D895840053-1501746802-%26ntime%3D1502422158',
)
[ info ] [ PARAM ] array (
)
[ info ] [ LOG ] INIT File
---------------------------------------------------------------
[ 2017-08-16T10:03:30+08:00 ] 10.3.9.51 10.3.9.51 GET /admin
[ info ] 10.3.9.51/admin [运行时间：0.016265s][吞吐率：61.48req/s] [内存消耗：1,364.30kb] [文件加载：38]
[ info ] [ LANG ] D:\phpStudy\admin\thinkphp\lang\zh-cn.php
[ info ] [ ROUTE ] array (
  'type' => 'module',
  'module' => 
  array (
    0 => 'admin',
    1 => NULL,
    2 => NULL,
  ),
)
[ info ] [ HEADER ] array (
  'host' => '10.3.9.51',
  'connection' => 'keep-alive',
  'upgrade-insecure-requests' => '1',
  'user-agent' => 'Mozilla/5.0 (Windows NT 10.0; WOW64) AppleWebKit/537.36 (KHTML, like Gecko) Chrome/60.0.3112.90 Safari/537.36',
  'accept' => 'text/html,application/xhtml+xml,application/xml;q=0.9,image/webp,image/apng,*/*;q=0.8',
  'accept-encoding' => 'gzip, deflate',
  'accept-language' => 'zh-CN,zh;q=0.8',
  'cookie' => 'UM_distinctid=15da733c861288-0cf7a8dd403aa6-36624308-1fa400-15da733c8625aa; CNZZDATA4223994=cnzz_eid%3D895840053-1501746802-%26ntime%3D1502422158',
)
[ info ] [ PARAM ] array (
)
[ info ] [ SESSION ] INIT array (
  'id' => '',
  'var_session_id' => '',
  'prefix' => 'think',
  'type' => '',
  'auto_start' => true,
)
[ info ] [ VIEW ] D:\phpStudy\admin\thinkphp\tpl\dispatch_jump.tpl [ array (
  0 => 'code',
  1 => 'msg',
  2 => 'data',
  3 => 'url',
  4 => 'wait',
) ]
[ info ] [ LOG ] INIT File
---------------------------------------------------------------
[ 2017-08-16T10:03:32+08:00 ] 10.3.9.51 10.3.9.51 GET /admin/user/login.html
[ info ] 10.3.9.51/admin/user/login.html [运行时间：0.013178s][吞吐率：75.88req/s] [内存消耗：1,274.52kb] [文件加载：35]
[ info ] [ LANG ] D:\phpStudy\admin\thinkphp\lang\zh-cn.php
[ info ] [ ROUTE ] array (
  'type' => 'module',
  'module' => 
  array (
    0 => 'admin',
    1 => 'user',
    2 => 'login',
  ),
)
[ info ] [ HEADER ] array (
  'host' => '10.3.9.51',
  'connection' => 'keep-alive',
  'upgrade-insecure-requests' => '1',
  'user-agent' => 'Mozilla/5.0 (Windows NT 10.0; WOW64) AppleWebKit/537.36 (KHTML, like Gecko) Chrome/60.0.3112.90 Safari/537.36',
  'accept' => 'text/html,application/xhtml+xml,application/xml;q=0.9,image/webp,image/apng,*/*;q=0.8',
  'referer' => 'http://10.3.9.51/admin',
  'accept-encoding' => 'gzip, deflate',
  'accept-language' => 'zh-CN,zh;q=0.8',
  'cookie' => 'UM_distinctid=15da733c861288-0cf7a8dd403aa6-36624308-1fa400-15da733c8625aa; CNZZDATA4223994=cnzz_eid%3D895840053-1501746802-%26ntime%3D1502422158; PHPSESSID=msgf41r0ghct5mauhic65dvkd4',
)
[ info ] [ PARAM ] array (
)
[ info ] [ RUN ] app\admin\controller\User->login[ D:\phpStudy\admin\application\admin\controller\User.php ]
[ info ] [ VIEW ] D:\phpStudy\admin/application/admin\view\user\login.html [ array (
) ]
[ info ] [ LOG ] INIT File
---------------------------------------------------------------
[ 2017-08-16T10:03:32+08:00 ] 10.3.9.51 10.3.9.51 GET /public/static/css/style.css
[ info ] 10.3.9.51/public/static/css/style.css [运行时间：0.015962s][吞吐率：62.65req/s] [内存消耗：1,021.77kb] [文件加载：30]
[ info ] [ LANG ] D:\phpStudy\admin\thinkphp\lang\zh-cn.php
[ info ] [ ROUTE ] array (
  'type' => 'module',
  'module' => 
  array (
    0 => 'public',
    1 => 'static',
    2 => 'css',
  ),
)
[ info ] [ HEADER ] array (
  'host' => '10.3.9.51',
  'connection' => 'keep-alive',
  'user-agent' => 'Mozilla/5.0 (Windows NT 10.0; WOW64) AppleWebKit/537.36 (KHTML, like Gecko) Chrome/60.0.3112.90 Safari/537.36',
  'accept' => 'text/css,*/*;q=0.1',
  'referer' => 'http://10.3.9.51/admin/user/login.html',
  'accept-encoding' => 'gzip, deflate',
  'accept-language' => 'zh-CN,zh;q=0.8',
  'cookie' => 'UM_distinctid=15da733c861288-0cf7a8dd403aa6-36624308-1fa400-15da733c8625aa; CNZZDATA4223994=cnzz_eid%3D895840053-1501746802-%26ntime%3D1502422158; PHPSESSID=msgf41r0ghct5mauhic65dvkd4',
)
[ info ] [ PARAM ] array (
)
[ info ] [ LOG ] INIT File
---------------------------------------------------------------
[ 2017-08-16T10:03:37+08:00 ] 10.3.9.51 10.3.9.51 POST /admin/user/login.html
[ info ] 10.3.9.51/admin/user/login.html [运行时间：0.047490s][吞吐率：21.06req/s] [内存消耗：2,323.56kb] [文件加载：48]
[ info ] [ LANG ] D:\phpStudy\admin\thinkphp\lang\zh-cn.php
[ info ] [ ROUTE ] array (
  'type' => 'module',
  'module' => 
  array (
    0 => 'admin',
    1 => 'user',
    2 => 'login',
  ),
)
[ info ] [ HEADER ] array (
  'host' => '10.3.9.51',
  'connection' => 'keep-alive',
  'content-length' => '30',
  'cache-control' => 'max-age=0',
  'origin' => 'http://10.3.9.51',
  'upgrade-insecure-requests' => '1',
  'user-agent' => 'Mozilla/5.0 (Windows NT 10.0; WOW64) AppleWebKit/537.36 (KHTML, like Gecko) Chrome/60.0.3112.90 Safari/537.36',
  'content-type' => 'application/x-www-form-urlencoded',
  'accept' => 'text/html,application/xhtml+xml,application/xml;q=0.9,image/webp,image/apng,*/*;q=0.8',
  'referer' => 'http://10.3.9.51/admin/user/login.html',
  'accept-encoding' => 'gzip, deflate',
  'accept-language' => 'zh-CN,zh;q=0.8',
  'cookie' => 'UM_distinctid=15da733c861288-0cf7a8dd403aa6-36624308-1fa400-15da733c8625aa; CNZZDATA4223994=cnzz_eid%3D895840053-1501746802-%26ntime%3D1502422158; PHPSESSID=msgf41r0ghct5mauhic65dvkd4',
)
[ info ] [ PARAM ] array (
  'username' => 'admin',
  'password' => '111111',
)
[ info ] [ RUN ] app\admin\controller\User->login[ D:\phpStudy\admin\application\admin\controller\User.php ]
[ info ] [ DB ] INIT mysql
[ info ] [ CACHE ] INIT File
[ info ] [ SESSION ] INIT array (
  'id' => '',
  'var_session_id' => '',
  'prefix' => 'think',
  'type' => '',
  'auto_start' => true,
)
[ info ] [ VIEW ] D:\phpStudy\admin\thinkphp\tpl\dispatch_jump.tpl [ array (
  0 => 'code',
  1 => 'msg',
  2 => 'data',
  3 => 'url',
  4 => 'wait',
) ]
[ info ] [ LOG ] INIT File
[ sql ] [ DB ] CONNECT:[ UseTime:0.000936s ] mysql:dbname=admin;host=127.0.0.1;port=3306;charset=utf8
[ sql ] [ SQL ] SHOW COLUMNS FROM `sys_admin_user` [ RunTime:0.013799s ]
[ sql ] [ SQL ] SELECT * FROM `sys_admin_user` WHERE  `username` = 'admin'  AND `password` = '96e79218965eb72c92a549dd5a330112' LIMIT 1 [ RunTime:0.000478s ]
[ sql ] [ SQL ] UPDATE `sys_admin_user`  SET `login_time`=1502849017,`ip`='10.3.9.51'  WHERE  `id` = 2 [ RunTime:0.000388s ]
---------------------------------------------------------------
[ 2017-08-16T10:03:39+08:00 ] 10.3.9.51 10.3.9.51 GET /admin/index/index.html
[ info ] 10.3.9.51/admin/index/index.html [运行时间：0.057292s][吞吐率：17.45req/s] [内存消耗：2,092.51kb] [文件加载：44]
[ info ] [ LANG ] D:\phpStudy\admin\thinkphp\lang\zh-cn.php
[ info ] [ ROUTE ] array (
  'type' => 'module',
  'module' => 
  array (
    0 => 'admin',
    1 => 'index',
    2 => 'index',
  ),
)
[ info ] [ HEADER ] array (
  'host' => '10.3.9.51',
  'connection' => 'keep-alive',
  'upgrade-insecure-requests' => '1',
  'user-agent' => 'Mozilla/5.0 (Windows NT 10.0; WOW64) AppleWebKit/537.36 (KHTML, like Gecko) Chrome/60.0.3112.90 Safari/537.36',
  'accept' => 'text/html,application/xhtml+xml,application/xml;q=0.9,image/webp,image/apng,*/*;q=0.8',
  'referer' => 'http://10.3.9.51/admin/user/login.html',
  'accept-encoding' => 'gzip, deflate',
  'accept-language' => 'zh-CN,zh;q=0.8',
  'cookie' => 'UM_distinctid=15da733c861288-0cf7a8dd403aa6-36624308-1fa400-15da733c8625aa; CNZZDATA4223994=cnzz_eid%3D895840053-1501746802-%26ntime%3D1502422158; PHPSESSID=msgf41r0ghct5mauhic65dvkd4',
)
[ info ] [ PARAM ] array (
)
[ info ] [ SESSION ] INIT array (
  'id' => '',
  'var_session_id' => '',
  'prefix' => 'think',
  'type' => '',
  'auto_start' => true,
)
[ info ] [ DB ] INIT mysql
[ info ] [ RUN ] app\admin\controller\Index->index[ D:\phpStudy\admin\application\admin\controller\Index.php ]
[ info ] [ VIEW ] D:\phpStudy\admin/application/admin\view\index\index.html [ array (
) ]
[ info ] [ LOG ] INIT File
[ sql ] [ DB ] CONNECT:[ UseTime:0.011393s ] mysql:dbname=admin;host=127.0.0.1;port=3306;charset=utf8
[ sql ] [ SQL ] SHOW COLUMNS FROM `sys_admin_role` [ RunTime:0.011407s ]
[ sql ] [ SQL ] SELECT * FROM `sys_admin_role` WHERE  `id` = 6 LIMIT 1 [ RunTime:0.000416s ]
[ sql ] [ SQL ] SHOW COLUMNS FROM `sys_privilege_src` [ RunTime:0.011245s ]
[ sql ] [ SQL ] SELECT * FROM `sys_privilege_src` WHERE  `id` IN (1,2,3,4,5,6,7,21,22,26,27,28,29,30,8,9,10,11,12,13,14,15,31,32,33,34,16,17,25,19,20) [ RunTime:0.000779s ]
---------------------------------------------------------------
[ 2017-08-16T10:03:39+08:00 ] 10.3.9.51 10.3.9.51 GET //admin/index/welcome
[ info ] 10.3.9.51//admin/index/welcome [运行时间：0.019167s][吞吐率：52.17req/s] [内存消耗：1,329.84kb] [文件加载：37]
[ info ] [ LANG ] D:\phpStudy\admin\thinkphp\lang\zh-cn.php
[ info ] [ ROUTE ] array (
  'type' => 'module',
  'module' => 
  array (
    0 => 'admin',
    1 => 'index',
    2 => 'welcome',
  ),
)
[ info ] [ HEADER ] array (
  'host' => '10.3.9.51',
  'connection' => 'keep-alive',
  'upgrade-insecure-requests' => '1',
  'user-agent' => 'Mozilla/5.0 (Windows NT 10.0; WOW64) AppleWebKit/537.36 (KHTML, like Gecko) Chrome/60.0.3112.90 Safari/537.36',
  'accept' => 'text/html,application/xhtml+xml,application/xml;q=0.9,image/webp,image/apng,*/*;q=0.8',
  'referer' => 'http://10.3.9.51/admin/index/index.html',
  'accept-encoding' => 'gzip, deflate',
  'accept-language' => 'zh-CN,zh;q=0.8',
  'cookie' => 'UM_distinctid=15da733c861288-0cf7a8dd403aa6-36624308-1fa400-15da733c8625aa; CNZZDATA4223994=cnzz_eid%3D895840053-1501746802-%26ntime%3D1502422158; PHPSESSID=msgf41r0ghct5mauhic65dvkd4; currentmoduleName=%E6%AC%A2%E8%BF%8E%E9%A1%B5; currentmoduleId=10008',
)
[ info ] [ PARAM ] array (
)
[ info ] [ SESSION ] INIT array (
  'id' => '',
  'var_session_id' => '',
  'prefix' => 'think',
  'type' => '',
  'auto_start' => true,
)
[ info ] [ RUN ] app\admin\controller\Index->welcome[ D:\phpStudy\admin\application\admin\controller\Index.php ]
[ info ] [ VIEW ] D:\phpStudy\admin/application/admin\view\index\welcome.html [ array (
  0 => 'server',
) ]
[ info ] [ LOG ] INIT File
---------------------------------------------------------------
[ 2017-08-16T10:03:39+08:00 ] 10.3.9.51 10.3.9.51 POST /admin/index/menu
[ info ] 10.3.9.51/admin/index/menu [运行时间：0.019051s][吞吐率：52.49req/s] [内存消耗：1,343.38kb] [文件加载：38]
[ info ] [ LANG ] D:\phpStudy\admin\thinkphp\lang\zh-cn.php
[ info ] [ ROUTE ] array (
  'type' => 'module',
  'module' => 
  array (
    0 => 'admin',
    1 => 'index',
    2 => 'menu',
  ),
)
[ info ] [ HEADER ] array (
  'host' => '10.3.9.51',
  'connection' => 'keep-alive',
  'content-length' => '0',
  'accept' => 'application/json, text/javascript, */*; q=0.01',
  'origin' => 'http://10.3.9.51',
  'x-requested-with' => 'XMLHttpRequest',
  'user-agent' => 'Mozilla/5.0 (Windows NT 10.0; WOW64) AppleWebKit/537.36 (KHTML, like Gecko) Chrome/60.0.3112.90 Safari/537.36',
  'referer' => 'http://10.3.9.51/admin/index/index.html',
  'accept-encoding' => 'gzip, deflate',
  'accept-language' => 'zh-CN,zh;q=0.8',
  'cookie' => 'UM_distinctid=15da733c861288-0cf7a8dd403aa6-36624308-1fa400-15da733c8625aa; CNZZDATA4223994=cnzz_eid%3D895840053-1501746802-%26ntime%3D1502422158; PHPSESSID=msgf41r0ghct5mauhic65dvkd4; currentmoduleName=%E6%AC%A2%E8%BF%8E%E9%A1%B5; currentmoduleId=10008',
)
[ info ] [ PARAM ] array (
)
[ info ] [ SESSION ] INIT array (
  'id' => '',
  'var_session_id' => '',
  'prefix' => 'think',
  'type' => '',
  'auto_start' => true,
)
[ info ] [ RUN ] app\admin\controller\Index->menu[ D:\phpStudy\admin\application\admin\controller\Index.php ]
[ info ] [ LOG ] INIT File
---------------------------------------------------------------
[ 2017-08-16T10:03:51+08:00 ] 10.3.9.51 10.3.9.51 GET //admin/goods/goods_lst
[ info ] 10.3.9.51//admin/goods/goods_lst [运行时间：0.054811s][吞吐率：18.24req/s] [内存消耗：2,256.54kb] [文件加载：47]
[ info ] [ LANG ] D:\phpStudy\admin\thinkphp\lang\zh-cn.php
[ info ] [ ROUTE ] array (
  'type' => 'module',
  'module' => 
  array (
    0 => 'admin',
    1 => 'goods',
    2 => 'goods_lst',
  ),
)
[ info ] [ HEADER ] array (
  'host' => '10.3.9.51',
  'connection' => 'keep-alive',
  'upgrade-insecure-requests' => '1',
  'user-agent' => 'Mozilla/5.0 (Windows NT 10.0; WOW64) AppleWebKit/537.36 (KHTML, like Gecko) Chrome/60.0.3112.90 Safari/537.36',
  'accept' => 'text/html,application/xhtml+xml,application/xml;q=0.9,image/webp,image/apng,*/*;q=0.8',
  'referer' => 'http://10.3.9.51/admin/index/index.html',
  'accept-encoding' => 'gzip, deflate',
  'accept-language' => 'zh-CN,zh;q=0.8',
  'cookie' => 'UM_distinctid=15da733c861288-0cf7a8dd403aa6-36624308-1fa400-15da733c8625aa; CNZZDATA4223994=cnzz_eid%3D895840053-1501746802-%26ntime%3D1502422158; PHPSESSID=msgf41r0ghct5mauhic65dvkd4; currentmoduleName=%E5%95%86%E5%93%81%E5%88%97%E8%A1%A8; currentmoduleId=100012',
)
[ info ] [ PARAM ] array (
)
[ info ] [ SESSION ] INIT array (
  'id' => '',
  'var_session_id' => '',
  'prefix' => 'think',
  'type' => '',
  'auto_start' => true,
)
[ info ] [ RUN ] app\admin\controller\Goods->goods_lst[ D:\phpStudy\admin\application\admin\controller\Goods.php ]
[ info ] [ DB ] INIT mysql
[ info ] [ VIEW ] D:\phpStudy\admin/application/admin\view\goods\goods_lst.html [ array (
  0 => 'control',
  1 => 'action',
  2 => 'list',
) ]
[ info ] [ LOG ] INIT File
[ sql ] [ DB ] CONNECT:[ UseTime:0.000902s ] mysql:dbname=admin;host=127.0.0.1;port=3306;charset=utf8
[ sql ] [ SQL ] SHOW COLUMNS FROM `sys_setting` [ RunTime:0.013645s ]
[ sql ] [ SQL ] SELECT * FROM `sys_setting` WHERE  `name` = 'admin_pagesize' LIMIT 1 [ RunTime:0.000579s ]
[ sql ] [ SQL ] SELECT * FROM `sys_setting` WHERE  `name` = 'admin_pagesize' LIMIT 1 [ RunTime:0.000396s ]
[ sql ] [ SQL ] SHOW COLUMNS FROM `sys_goods` [ RunTime:0.012067s ]
[ sql ] [ SQL ] SELECT COUNT(*) AS tp_count FROM `sys_goods` LIMIT 1 [ RunTime:0.000292s ]
[ sql ] [ SQL ] SELECT * FROM `sys_goods` LIMIT 0,8 [ RunTime:0.000602s ]
---------------------------------------------------------------
[ 2017-08-16T10:03:54+08:00 ] 10.3.9.51 10.3.9.51 GET /admin/goods/goods_edit/goods_id/2
[ info ] 10.3.9.51/admin/goods/goods_edit/goods_id/2 [运行时间：0.066951s][吞吐率：14.94req/s] [内存消耗：2,152.62kb] [文件加载：44]
[ info ] [ LANG ] D:\phpStudy\admin\thinkphp\lang\zh-cn.php
[ info ] [ ROUTE ] array (
  'type' => 'module',
  'module' => 
  array (
    0 => 'admin',
    1 => 'goods',
    2 => 'goods_edit',
  ),
)
[ info ] [ HEADER ] array (
  'host' => '10.3.9.51',
  'connection' => 'keep-alive',
  'upgrade-insecure-requests' => '1',
  'user-agent' => 'Mozilla/5.0 (Windows NT 10.0; WOW64) AppleWebKit/537.36 (KHTML, like Gecko) Chrome/60.0.3112.90 Safari/537.36',
  'accept' => 'text/html,application/xhtml+xml,application/xml;q=0.9,image/webp,image/apng,*/*;q=0.8',
  'referer' => 'http://10.3.9.51//admin/goods/goods_lst',
  'accept-encoding' => 'gzip, deflate',
  'accept-language' => 'zh-CN,zh;q=0.8',
  'cookie' => 'UM_distinctid=15da733c861288-0cf7a8dd403aa6-36624308-1fa400-15da733c8625aa; CNZZDATA4223994=cnzz_eid%3D895840053-1501746802-%26ntime%3D1502422158; PHPSESSID=msgf41r0ghct5mauhic65dvkd4; currentmoduleName=%E5%95%86%E5%93%81%E5%88%97%E8%A1%A8; currentmoduleId=100012',
)
[ info ] [ PARAM ] array (
  'goods_id' => '2',
)
[ info ] [ SESSION ] INIT array (
  'id' => '',
  'var_session_id' => '',
  'prefix' => 'think',
  'type' => '',
  'auto_start' => true,
)
[ info ] [ RUN ] app\admin\controller\Goods->goods_edit[ D:\phpStudy\admin\application\admin\controller\Goods.php ]
[ info ] [ DB ] INIT mysql
[ info ] [ VIEW ] D:\phpStudy\admin/application/admin\view\goods\goods_edit.html [ array (
  0 => 'control',
  1 => 'action',
  2 => 'goods_info',
  3 => 'cat_info',
  4 => 'brand_info',
) ]
[ info ] [ LOG ] INIT File
[ sql ] [ DB ] CONNECT:[ UseTime:0.010566s ] mysql:dbname=admin;host=127.0.0.1;port=3306;charset=utf8
[ sql ] [ SQL ] SHOW COLUMNS FROM `sys_goods` [ RunTime:0.010550s ]
[ sql ] [ SQL ] SELECT * FROM `sys_goods` WHERE  `goods_id` = 2 LIMIT 1 [ RunTime:0.000393s ]
[ sql ] [ SQL ] SHOW COLUMNS FROM `sys_goods_cat` [ RunTime:0.011081s ]
[ sql ] [ SQL ] SELECT * FROM `sys_goods_cat` [ RunTime:0.000512s ]
[ sql ] [ SQL ] SHOW COLUMNS FROM `sys_goods_brand` [ RunTime:0.011461s ]
[ sql ] [ SQL ] SELECT * FROM `sys_goods_brand` [ RunTime:0.000413s ]
---------------------------------------------------------------
[ 2017-08-16T10:04:06+08:00 ] 10.3.9.51 10.3.9.51 GET //admin/goods/goods_lst
[ info ] 10.3.9.51//admin/goods/goods_lst [运行时间：0.053302s][吞吐率：18.76req/s] [内存消耗：2,256.56kb] [文件加载：47]
[ info ] [ LANG ] D:\phpStudy\admin\thinkphp\lang\zh-cn.php
[ info ] [ ROUTE ] array (
  'type' => 'module',
  'module' => 
  array (
    0 => 'admin',
    1 => 'goods',
    2 => 'goods_lst',
  ),
)
[ info ] [ HEADER ] array (
  'host' => '10.3.9.51',
  'connection' => 'keep-alive',
  'upgrade-insecure-requests' => '1',
  'user-agent' => 'Mozilla/5.0 (Windows NT 10.0; WOW64) AppleWebKit/537.36 (KHTML, like Gecko) Chrome/60.0.3112.90 Safari/537.36',
  'accept' => 'text/html,application/xhtml+xml,application/xml;q=0.9,image/webp,image/apng,*/*;q=0.8',
  'referer' => 'http://10.3.9.51/admin/index/index.html',
  'accept-encoding' => 'gzip, deflate',
  'accept-language' => 'zh-CN,zh;q=0.8',
  'cookie' => 'UM_distinctid=15da733c861288-0cf7a8dd403aa6-36624308-1fa400-15da733c8625aa; CNZZDATA4223994=cnzz_eid%3D895840053-1501746802-%26ntime%3D1502422158; PHPSESSID=msgf41r0ghct5mauhic65dvkd4; currentmoduleName=%E5%95%86%E5%93%81%E5%88%97%E8%A1%A8; currentmoduleId=100012',
)
[ info ] [ PARAM ] array (
)
[ info ] [ SESSION ] INIT array (
  'id' => '',
  'var_session_id' => '',
  'prefix' => 'think',
  'type' => '',
  'auto_start' => true,
)
[ info ] [ RUN ] app\admin\controller\Goods->goods_lst[ D:\phpStudy\admin\application\admin\controller\Goods.php ]
[ info ] [ DB ] INIT mysql
[ info ] [ VIEW ] D:\phpStudy\admin/application/admin\view\goods\goods_lst.html [ array (
  0 => 'control',
  1 => 'action',
  2 => 'list',
) ]
[ info ] [ LOG ] INIT File
[ sql ] [ DB ] CONNECT:[ UseTime:0.010094s ] mysql:dbname=admin;host=127.0.0.1;port=3306;charset=utf8
[ sql ] [ SQL ] SHOW COLUMNS FROM `sys_setting` [ RunTime:0.010520s ]
[ sql ] [ SQL ] SELECT * FROM `sys_setting` WHERE  `name` = 'admin_pagesize' LIMIT 1 [ RunTime:0.000526s ]
[ sql ] [ SQL ] SELECT * FROM `sys_setting` WHERE  `name` = 'admin_pagesize' LIMIT 1 [ RunTime:0.000336s ]
[ sql ] [ SQL ] SHOW COLUMNS FROM `sys_goods` [ RunTime:0.009891s ]
[ sql ] [ SQL ] SELECT COUNT(*) AS tp_count FROM `sys_goods` LIMIT 1 [ RunTime:0.000317s ]
[ sql ] [ SQL ] SELECT * FROM `sys_goods` LIMIT 0,8 [ RunTime:0.000347s ]
---------------------------------------------------------------
[ 2017-08-16T10:04:13+08:00 ] 10.3.9.51 10.3.9.51 GET /admin/goods/goods_edit/goods_id/6
[ info ] 10.3.9.51/admin/goods/goods_edit/goods_id/6 [运行时间：0.063298s][吞吐率：15.80req/s] [内存消耗：2,152.62kb] [文件加载：44]
[ info ] [ LANG ] D:\phpStudy\admin\thinkphp\lang\zh-cn.php
[ info ] [ ROUTE ] array (
  'type' => 'module',
  'module' => 
  array (
    0 => 'admin',
    1 => 'goods',
    2 => 'goods_edit',
  ),
)
[ info ] [ HEADER ] array (
  'host' => '10.3.9.51',
  'connection' => 'keep-alive',
  'upgrade-insecure-requests' => '1',
  'user-agent' => 'Mozilla/5.0 (Windows NT 10.0; WOW64) AppleWebKit/537.36 (KHTML, like Gecko) Chrome/60.0.3112.90 Safari/537.36',
  'accept' => 'text/html,application/xhtml+xml,application/xml;q=0.9,image/webp,image/apng,*/*;q=0.8',
  'referer' => 'http://10.3.9.51//admin/goods/goods_lst',
  'accept-encoding' => 'gzip, deflate',
  'accept-language' => 'zh-CN,zh;q=0.8',
  'cookie' => 'UM_distinctid=15da733c861288-0cf7a8dd403aa6-36624308-1fa400-15da733c8625aa; CNZZDATA4223994=cnzz_eid%3D895840053-1501746802-%26ntime%3D1502422158; PHPSESSID=msgf41r0ghct5mauhic65dvkd4; currentmoduleName=%E5%95%86%E5%93%81%E5%88%97%E8%A1%A8; currentmoduleId=100012',
)
[ info ] [ PARAM ] array (
  'goods_id' => '6',
)
[ info ] [ SESSION ] INIT array (
  'id' => '',
  'var_session_id' => '',
  'prefix' => 'think',
  'type' => '',
  'auto_start' => true,
)
[ info ] [ RUN ] app\admin\controller\Goods->goods_edit[ D:\phpStudy\admin\application\admin\controller\Goods.php ]
[ info ] [ DB ] INIT mysql
[ info ] [ VIEW ] D:\phpStudy\admin/application/admin\view\goods\goods_edit.html [ array (
  0 => 'control',
  1 => 'action',
  2 => 'goods_info',
  3 => 'cat_info',
  4 => 'brand_info',
) ]
[ info ] [ LOG ] INIT File
[ sql ] [ DB ] CONNECT:[ UseTime:0.010467s ] mysql:dbname=admin;host=127.0.0.1;port=3306;charset=utf8
[ sql ] [ SQL ] SHOW COLUMNS FROM `sys_goods` [ RunTime:0.010068s ]
[ sql ] [ SQL ] SELECT * FROM `sys_goods` WHERE  `goods_id` = 6 LIMIT 1 [ RunTime:0.000416s ]
[ sql ] [ SQL ] SHOW COLUMNS FROM `sys_goods_cat` [ RunTime:0.009575s ]
[ sql ] [ SQL ] SELECT * FROM `sys_goods_cat` [ RunTime:0.000362s ]
[ sql ] [ SQL ] SHOW COLUMNS FROM `sys_goods_brand` [ RunTime:0.010236s ]
[ sql ] [ SQL ] SELECT * FROM `sys_goods_brand` [ RunTime:0.000363s ]
---------------------------------------------------------------
[ 2017-08-16T10:04:16+08:00 ] 10.3.9.51 10.3.9.51 GET //admin/goods/goods_lst
[ info ] 10.3.9.51//admin/goods/goods_lst [运行时间：0.043716s][吞吐率：22.87req/s] [内存消耗：2,256.56kb] [文件加载：47]
[ info ] [ LANG ] D:\phpStudy\admin\thinkphp\lang\zh-cn.php
[ info ] [ ROUTE ] array (
  'type' => 'module',
  'module' => 
  array (
    0 => 'admin',
    1 => 'goods',
    2 => 'goods_lst',
  ),
)
[ info ] [ HEADER ] array (
  'host' => '10.3.9.51',
  'connection' => 'keep-alive',
  'upgrade-insecure-requests' => '1',
  'user-agent' => 'Mozilla/5.0 (Windows NT 10.0; WOW64) AppleWebKit/537.36 (KHTML, like Gecko) Chrome/60.0.3112.90 Safari/537.36',
  'accept' => 'text/html,application/xhtml+xml,application/xml;q=0.9,image/webp,image/apng,*/*;q=0.8',
  'referer' => 'http://10.3.9.51/admin/index/index.html',
  'accept-encoding' => 'gzip, deflate',
  'accept-language' => 'zh-CN,zh;q=0.8',
  'cookie' => 'UM_distinctid=15da733c861288-0cf7a8dd403aa6-36624308-1fa400-15da733c8625aa; CNZZDATA4223994=cnzz_eid%3D895840053-1501746802-%26ntime%3D1502422158; PHPSESSID=msgf41r0ghct5mauhic65dvkd4; currentmoduleName=%E5%95%86%E5%93%81%E5%88%97%E8%A1%A8; currentmoduleId=100012',
)
[ info ] [ PARAM ] array (
)
[ info ] [ SESSION ] INIT array (
  'id' => '',
  'var_session_id' => '',
  'prefix' => 'think',
  'type' => '',
  'auto_start' => true,
)
[ info ] [ RUN ] app\admin\controller\Goods->goods_lst[ D:\phpStudy\admin\application\admin\controller\Goods.php ]
[ info ] [ DB ] INIT mysql
[ info ] [ VIEW ] D:\phpStudy\admin/application/admin\view\goods\goods_lst.html [ array (
  0 => 'control',
  1 => 'action',
  2 => 'list',
) ]
[ info ] [ LOG ] INIT File
[ sql ] [ DB ] CONNECT:[ UseTime:0.000704s ] mysql:dbname=admin;host=127.0.0.1;port=3306;charset=utf8
[ sql ] [ SQL ] SHOW COLUMNS FROM `sys_setting` [ RunTime:0.009894s ]
[ sql ] [ SQL ] SELECT * FROM `sys_setting` WHERE  `name` = 'admin_pagesize' LIMIT 1 [ RunTime:0.000423s ]
[ sql ] [ SQL ] SELECT * FROM `sys_setting` WHERE  `name` = 'admin_pagesize' LIMIT 1 [ RunTime:0.000317s ]
[ sql ] [ SQL ] SHOW COLUMNS FROM `sys_goods` [ RunTime:0.010003s ]
[ sql ] [ SQL ] SELECT COUNT(*) AS tp_count FROM `sys_goods` LIMIT 1 [ RunTime:0.000316s ]
[ sql ] [ SQL ] SELECT * FROM `sys_goods` LIMIT 0,8 [ RunTime:0.000425s ]
---------------------------------------------------------------
[ 2017-08-16T10:04:18+08:00 ] 10.3.9.51 10.3.9.51 GET /admin/goods/goods_edit/goods_id/5
[ info ] 10.3.9.51/admin/goods/goods_edit/goods_id/5 [运行时间：0.061718s][吞吐率：16.20req/s] [内存消耗：2,152.62kb] [文件加载：44]
[ info ] [ LANG ] D:\phpStudy\admin\thinkphp\lang\zh-cn.php
[ info ] [ ROUTE ] array (
  'type' => 'module',
  'module' => 
  array (
    0 => 'admin',
    1 => 'goods',
    2 => 'goods_edit',
  ),
)
[ info ] [ HEADER ] array (
  'host' => '10.3.9.51',
  'connection' => 'keep-alive',
  'upgrade-insecure-requests' => '1',
  'user-agent' => 'Mozilla/5.0 (Windows NT 10.0; WOW64) AppleWebKit/537.36 (KHTML, like Gecko) Chrome/60.0.3112.90 Safari/537.36',
  'accept' => 'text/html,application/xhtml+xml,application/xml;q=0.9,image/webp,image/apng,*/*;q=0.8',
  'referer' => 'http://10.3.9.51//admin/goods/goods_lst',
  'accept-encoding' => 'gzip, deflate',
  'accept-language' => 'zh-CN,zh;q=0.8',
  'cookie' => 'UM_distinctid=15da733c861288-0cf7a8dd403aa6-36624308-1fa400-15da733c8625aa; CNZZDATA4223994=cnzz_eid%3D895840053-1501746802-%26ntime%3D1502422158; PHPSESSID=msgf41r0ghct5mauhic65dvkd4; currentmoduleName=%E5%95%86%E5%93%81%E5%88%97%E8%A1%A8; currentmoduleId=100012',
)
[ info ] [ PARAM ] array (
  'goods_id' => '5',
)
[ info ] [ SESSION ] INIT array (
  'id' => '',
  'var_session_id' => '',
  'prefix' => 'think',
  'type' => '',
  'auto_start' => true,
)
[ info ] [ RUN ] app\admin\controller\Goods->goods_edit[ D:\phpStudy\admin\application\admin\controller\Goods.php ]
[ info ] [ DB ] INIT mysql
[ info ] [ VIEW ] D:\phpStudy\admin/application/admin\view\goods\goods_edit.html [ array (
  0 => 'control',
  1 => 'action',
  2 => 'goods_info',
  3 => 'cat_info',
  4 => 'brand_info',
) ]
[ info ] [ LOG ] INIT File
[ sql ] [ DB ] CONNECT:[ UseTime:0.009702s ] mysql:dbname=admin;host=127.0.0.1;port=3306;charset=utf8
[ sql ] [ SQL ] SHOW COLUMNS FROM `sys_goods` [ RunTime:0.010227s ]
[ sql ] [ SQL ] SELECT * FROM `sys_goods` WHERE  `goods_id` = 5 LIMIT 1 [ RunTime:0.000415s ]
[ sql ] [ SQL ] SHOW COLUMNS FROM `sys_goods_cat` [ RunTime:0.009406s ]
[ sql ] [ SQL ] SELECT * FROM `sys_goods_cat` [ RunTime:0.000342s ]
[ sql ] [ SQL ] SHOW COLUMNS FROM `sys_goods_brand` [ RunTime:0.010083s ]
[ sql ] [ SQL ] SELECT * FROM `sys_goods_brand` [ RunTime:0.000366s ]
---------------------------------------------------------------
[ 2017-08-16T10:04:18+08:00 ] 10.3.9.51 10.3.9.51 GET //admin/goods/goods_lst
[ info ] 10.3.9.51//admin/goods/goods_lst [运行时间：0.046229s][吞吐率：21.63req/s] [内存消耗：2,256.56kb] [文件加载：47]
[ info ] [ LANG ] D:\phpStudy\admin\thinkphp\lang\zh-cn.php
[ info ] [ ROUTE ] array (
  'type' => 'module',
  'module' => 
  array (
    0 => 'admin',
    1 => 'goods',
    2 => 'goods_lst',
  ),
)
[ info ] [ HEADER ] array (
  'host' => '10.3.9.51',
  'connection' => 'keep-alive',
  'upgrade-insecure-requests' => '1',
  'user-agent' => 'Mozilla/5.0 (Windows NT 10.0; WOW64) AppleWebKit/537.36 (KHTML, like Gecko) Chrome/60.0.3112.90 Safari/537.36',
  'accept' => 'text/html,application/xhtml+xml,application/xml;q=0.9,image/webp,image/apng,*/*;q=0.8',
  'referer' => 'http://10.3.9.51/admin/index/index.html',
  'accept-encoding' => 'gzip, deflate',
  'accept-language' => 'zh-CN,zh;q=0.8',
  'cookie' => 'UM_distinctid=15da733c861288-0cf7a8dd403aa6-36624308-1fa400-15da733c8625aa; CNZZDATA4223994=cnzz_eid%3D895840053-1501746802-%26ntime%3D1502422158; PHPSESSID=msgf41r0ghct5mauhic65dvkd4; currentmoduleName=%E5%95%86%E5%93%81%E5%88%97%E8%A1%A8; currentmoduleId=100012',
)
[ info ] [ PARAM ] array (
)
[ info ] [ SESSION ] INIT array (
  'id' => '',
  'var_session_id' => '',
  'prefix' => 'think',
  'type' => '',
  'auto_start' => true,
)
[ info ] [ RUN ] app\admin\controller\Goods->goods_lst[ D:\phpStudy\admin\application\admin\controller\Goods.php ]
[ info ] [ DB ] INIT mysql
[ info ] [ VIEW ] D:\phpStudy\admin/application/admin\view\goods\goods_lst.html [ array (
  0 => 'control',
  1 => 'action',
  2 => 'list',
) ]
[ info ] [ LOG ] INIT File
[ sql ] [ DB ] CONNECT:[ UseTime:0.000703s ] mysql:dbname=admin;host=127.0.0.1;port=3306;charset=utf8
[ sql ] [ SQL ] SHOW COLUMNS FROM `sys_setting` [ RunTime:0.011198s ]
[ sql ] [ SQL ] SELECT * FROM `sys_setting` WHERE  `name` = 'admin_pagesize' LIMIT 1 [ RunTime:0.000398s ]
[ sql ] [ SQL ] SELECT * FROM `sys_setting` WHERE  `name` = 'admin_pagesize' LIMIT 1 [ RunTime:0.000339s ]
[ sql ] [ SQL ] SHOW COLUMNS FROM `sys_goods` [ RunTime:0.010788s ]
[ sql ] [ SQL ] SELECT COUNT(*) AS tp_count FROM `sys_goods` LIMIT 1 [ RunTime:0.000357s ]
[ sql ] [ SQL ] SELECT * FROM `sys_goods` LIMIT 0,8 [ RunTime:0.000398s ]
---------------------------------------------------------------
[ 2017-08-16T10:04:20+08:00 ] 10.3.9.51 10.3.9.51 GET //admin/goods/goods_cat_lst
[ info ] 10.3.9.51//admin/goods/goods_cat_lst [运行时间：0.032194s][吞吐率：31.06req/s] [内存消耗：2,163.34kb] [文件加载：44]
[ info ] [ LANG ] D:\phpStudy\admin\thinkphp\lang\zh-cn.php
[ info ] [ ROUTE ] array (
  'type' => 'module',
  'module' => 
  array (
    0 => 'admin',
    1 => 'goods',
    2 => 'goods_cat_lst',
  ),
)
[ info ] [ HEADER ] array (
  'host' => '10.3.9.51',
  'connection' => 'keep-alive',
  'upgrade-insecure-requests' => '1',
  'user-agent' => 'Mozilla/5.0 (Windows NT 10.0; WOW64) AppleWebKit/537.36 (KHTML, like Gecko) Chrome/60.0.3112.90 Safari/537.36',
  'accept' => 'text/html,application/xhtml+xml,application/xml;q=0.9,image/webp,image/apng,*/*;q=0.8',
  'referer' => 'http://10.3.9.51/admin/index/index.html',
  'accept-encoding' => 'gzip, deflate',
  'accept-language' => 'zh-CN,zh;q=0.8',
  'cookie' => 'UM_distinctid=15da733c861288-0cf7a8dd403aa6-36624308-1fa400-15da733c8625aa; CNZZDATA4223994=cnzz_eid%3D895840053-1501746802-%26ntime%3D1502422158; PHPSESSID=msgf41r0ghct5mauhic65dvkd4; currentmoduleName=%E5%95%86%E5%93%81%E5%88%86%E7%B1%BB; currentmoduleId=100011',
)
[ info ] [ PARAM ] array (
)
[ info ] [ SESSION ] INIT array (
  'id' => '',
  'var_session_id' => '',
  'prefix' => 'think',
  'type' => '',
  'auto_start' => true,
)
[ info ] [ RUN ] app\admin\controller\Goods->goods_cat_lst[ D:\phpStudy\admin\application\admin\controller\Goods.php ]
[ info ] [ DB ] INIT mysql
[ info ] [ VIEW ] D:\phpStudy\admin/application/admin\view\goods\goods_cat_lst.html [ array (
  0 => 'control',
  1 => 'action',
  2 => 'cat_info',
  3 => 'tree',
) ]
[ info ] [ LOG ] INIT File
[ sql ] [ DB ] CONNECT:[ UseTime:0.000772s ] mysql:dbname=admin;host=127.0.0.1;port=3306;charset=utf8
[ sql ] [ SQL ] SHOW COLUMNS FROM `sys_goods_cat` [ RunTime:0.010345s ]
[ sql ] [ SQL ] SELECT * FROM `sys_goods_cat` [ RunTime:0.000458s ]
---------------------------------------------------------------
[ 2017-08-16T10:04:24+08:00 ] 10.3.9.51 10.3.9.51 GET //admin/system/setting
[ info ] 10.3.9.51//admin/system/setting [运行时间：0.041647s][吞吐率：24.01req/s] [内存消耗：2,054.27kb] [文件加载：44]
[ info ] [ LANG ] D:\phpStudy\admin\thinkphp\lang\zh-cn.php
[ info ] [ ROUTE ] array (
  'type' => 'module',
  'module' => 
  array (
    0 => 'admin',
    1 => 'system',
    2 => 'setting',
  ),
)
[ info ] [ HEADER ] array (
  'host' => '10.3.9.51',
  'connection' => 'keep-alive',
  'upgrade-insecure-requests' => '1',
  'user-agent' => 'Mozilla/5.0 (Windows NT 10.0; WOW64) AppleWebKit/537.36 (KHTML, like Gecko) Chrome/60.0.3112.90 Safari/537.36',
  'accept' => 'text/html,application/xhtml+xml,application/xml;q=0.9,image/webp,image/apng,*/*;q=0.8',
  'referer' => 'http://10.3.9.51/admin/index/index.html',
  'accept-encoding' => 'gzip, deflate',
  'accept-language' => 'zh-CN,zh;q=0.8',
  'cookie' => 'UM_distinctid=15da733c861288-0cf7a8dd403aa6-36624308-1fa400-15da733c8625aa; CNZZDATA4223994=cnzz_eid%3D895840053-1501746802-%26ntime%3D1502422158; PHPSESSID=msgf41r0ghct5mauhic65dvkd4; currentmoduleName=%E8%AE%BE%E7%BD%AE; currentmoduleId=100001',
)
[ info ] [ PARAM ] array (
)
[ info ] [ SESSION ] INIT array (
  'id' => '',
  'var_session_id' => '',
  'prefix' => 'think',
  'type' => '',
  'auto_start' => true,
)
[ info ] [ RUN ] app\admin\controller\System->setting[ D:\phpStudy\admin\application\admin\controller\System.php ]
[ info ] [ DB ] INIT mysql
[ info ] [ VIEW ] D:\phpStudy\admin/application/admin\view\system\setting.html [ array (
  0 => 'control',
  1 => 'action',
  2 => 'setting_info',
) ]
[ info ] [ LOG ] INIT File
[ sql ] [ DB ] CONNECT:[ UseTime:0.009658s ] mysql:dbname=admin;host=127.0.0.1;port=3306;charset=utf8
[ sql ] [ SQL ] SHOW COLUMNS FROM `sys_setting` [ RunTime:0.009743s ]
[ sql ] [ SQL ] SELECT * FROM `sys_setting` [ RunTime:0.000451s ]
---------------------------------------------------------------
[ 2017-08-16T10:04:32+08:00 ] 10.3.9.51 10.3.9.51 GET /admin/goods/goods_edit/goods_id/2
[ info ] 10.3.9.51/admin/goods/goods_edit/goods_id/2 [运行时间：0.060889s][吞吐率：16.42req/s] [内存消耗：2,152.57kb] [文件加载：44]
[ info ] [ LANG ] D:\phpStudy\admin\thinkphp\lang\zh-cn.php
[ info ] [ ROUTE ] array (
  'type' => 'module',
  'module' => 
  array (
    0 => 'admin',
    1 => 'goods',
    2 => 'goods_edit',
  ),
)
[ info ] [ HEADER ] array (
  'host' => '10.3.9.51',
  'connection' => 'keep-alive',
  'upgrade-insecure-requests' => '1',
  'user-agent' => 'Mozilla/5.0 (Windows NT 10.0; WOW64) AppleWebKit/537.36 (KHTML, like Gecko) Chrome/60.0.3112.90 Safari/537.36',
  'accept' => 'text/html,application/xhtml+xml,application/xml;q=0.9,image/webp,image/apng,*/*;q=0.8',
  'referer' => 'http://10.3.9.51//admin/goods/goods_lst',
  'accept-encoding' => 'gzip, deflate',
  'accept-language' => 'zh-CN,zh;q=0.8',
  'cookie' => 'UM_distinctid=15da733c861288-0cf7a8dd403aa6-36624308-1fa400-15da733c8625aa; CNZZDATA4223994=cnzz_eid%3D895840053-1501746802-%26ntime%3D1502422158; PHPSESSID=msgf41r0ghct5mauhic65dvkd4; currentmoduleName=%E8%AE%BE%E7%BD%AE; currentmoduleId=100001',
)
[ info ] [ PARAM ] array (
  'goods_id' => '2',
)
[ info ] [ SESSION ] INIT array (
  'id' => '',
  'var_session_id' => '',
  'prefix' => 'think',
  'type' => '',
  'auto_start' => true,
)
[ info ] [ RUN ] app\admin\controller\Goods->goods_edit[ D:\phpStudy\admin\application\admin\controller\Goods.php ]
[ info ] [ DB ] INIT mysql
[ info ] [ VIEW ] D:\phpStudy\admin/application/admin\view\goods\goods_edit.html [ array (
  0 => 'control',
  1 => 'action',
  2 => 'goods_info',
  3 => 'cat_info',
  4 => 'brand_info',
) ]
[ info ] [ LOG ] INIT File
[ sql ] [ DB ] CONNECT:[ UseTime:0.010432s ] mysql:dbname=admin;host=127.0.0.1;port=3306;charset=utf8
[ sql ] [ SQL ] SHOW COLUMNS FROM `sys_goods` [ RunTime:0.009812s ]
[ sql ] [ SQL ] SELECT * FROM `sys_goods` WHERE  `goods_id` = 2 LIMIT 1 [ RunTime:0.000403s ]
[ sql ] [ SQL ] SHOW COLUMNS FROM `sys_goods_cat` [ RunTime:0.009563s ]
[ sql ] [ SQL ] SELECT * FROM `sys_goods_cat` [ RunTime:0.000328s ]
[ sql ] [ SQL ] SHOW COLUMNS FROM `sys_goods_brand` [ RunTime:0.009560s ]
[ sql ] [ SQL ] SELECT * FROM `sys_goods_brand` [ RunTime:0.000519s ]
---------------------------------------------------------------
[ 2017-08-16T10:04:33+08:00 ] 10.3.9.51 10.3.9.51 GET //admin/goods/goods_lst
[ info ] 10.3.9.51//admin/goods/goods_lst [运行时间：0.054122s][吞吐率：18.48req/s] [内存消耗：2,256.41kb] [文件加载：47]
[ info ] [ LANG ] D:\phpStudy\admin\thinkphp\lang\zh-cn.php
[ info ] [ ROUTE ] array (
  'type' => 'module',
  'module' => 
  array (
    0 => 'admin',
    1 => 'goods',
    2 => 'goods_lst',
  ),
)
[ info ] [ HEADER ] array (
  'host' => '10.3.9.51',
  'connection' => 'keep-alive',
  'upgrade-insecure-requests' => '1',
  'user-agent' => 'Mozilla/5.0 (Windows NT 10.0; WOW64) AppleWebKit/537.36 (KHTML, like Gecko) Chrome/60.0.3112.90 Safari/537.36',
  'accept' => 'text/html,application/xhtml+xml,application/xml;q=0.9,image/webp,image/apng,*/*;q=0.8',
  'referer' => 'http://10.3.9.51/admin/index/index.html',
  'accept-encoding' => 'gzip, deflate',
  'accept-language' => 'zh-CN,zh;q=0.8',
  'cookie' => 'UM_distinctid=15da733c861288-0cf7a8dd403aa6-36624308-1fa400-15da733c8625aa; CNZZDATA4223994=cnzz_eid%3D895840053-1501746802-%26ntime%3D1502422158; PHPSESSID=msgf41r0ghct5mauhic65dvkd4; currentmoduleName=%E8%AE%BE%E7%BD%AE; currentmoduleId=100001',
)
[ info ] [ PARAM ] array (
)
[ info ] [ SESSION ] INIT array (
  'id' => '',
  'var_session_id' => '',
  'prefix' => 'think',
  'type' => '',
  'auto_start' => true,
)
[ info ] [ RUN ] app\admin\controller\Goods->goods_lst[ D:\phpStudy\admin\application\admin\controller\Goods.php ]
[ info ] [ DB ] INIT mysql
[ info ] [ VIEW ] D:\phpStudy\admin/application/admin\view\goods\goods_lst.html [ array (
  0 => 'control',
  1 => 'action',
  2 => 'list',
) ]
[ info ] [ LOG ] INIT File
[ sql ] [ DB ] CONNECT:[ UseTime:0.010792s ] mysql:dbname=admin;host=127.0.0.1;port=3306;charset=utf8
[ sql ] [ SQL ] SHOW COLUMNS FROM `sys_setting` [ RunTime:0.009913s ]
[ sql ] [ SQL ] SELECT * FROM `sys_setting` WHERE  `name` = 'admin_pagesize' LIMIT 1 [ RunTime:0.000374s ]
[ sql ] [ SQL ] SELECT * FROM `sys_setting` WHERE  `name` = 'admin_pagesize' LIMIT 1 [ RunTime:0.000306s ]
[ sql ] [ SQL ] SHOW COLUMNS FROM `sys_goods` [ RunTime:0.010274s ]
[ sql ] [ SQL ] SELECT COUNT(*) AS tp_count FROM `sys_goods` LIMIT 1 [ RunTime:0.000338s ]
[ sql ] [ SQL ] SELECT * FROM `sys_goods` LIMIT 0,8 [ RunTime:0.000404s ]
---------------------------------------------------------------
[ 2017-08-16T10:04:51+08:00 ] 10.3.9.51 10.3.9.51 GET //admin/goods/goods_brand_lst
[ info ] 10.3.9.51//admin/goods/goods_brand_lst [运行时间：0.050795s][吞吐率：19.69req/s] [内存消耗：2,241.70kb] [文件加载：47]
[ info ] [ LANG ] D:\phpStudy\admin\thinkphp\lang\zh-cn.php
[ info ] [ ROUTE ] array (
  'type' => 'module',
  'module' => 
  array (
    0 => 'admin',
    1 => 'goods',
    2 => 'goods_brand_lst',
  ),
)
[ info ] [ HEADER ] array (
  'host' => '10.3.9.51',
  'connection' => 'keep-alive',
  'upgrade-insecure-requests' => '1',
  'user-agent' => 'Mozilla/5.0 (Windows NT 10.0; WOW64) AppleWebKit/537.36 (KHTML, like Gecko) Chrome/60.0.3112.90 Safari/537.36',
  'accept' => 'text/html,application/xhtml+xml,application/xml;q=0.9,image/webp,image/apng,*/*;q=0.8',
  'referer' => 'http://10.3.9.51/admin/index/index.html',
  'accept-encoding' => 'gzip, deflate',
  'accept-language' => 'zh-CN,zh;q=0.8',
  'cookie' => 'UM_distinctid=15da733c861288-0cf7a8dd403aa6-36624308-1fa400-15da733c8625aa; CNZZDATA4223994=cnzz_eid%3D895840053-1501746802-%26ntime%3D1502422158; PHPSESSID=msgf41r0ghct5mauhic65dvkd4; currentmoduleName=%E5%93%81%E7%89%8C%E5%88%97%E8%A1%A8; currentmoduleId=100013',
)
[ info ] [ PARAM ] array (
)
[ info ] [ SESSION ] INIT array (
  'id' => '',
  'var_session_id' => '',
  'prefix' => 'think',
  'type' => '',
  'auto_start' => true,
)
[ info ] [ RUN ] app\admin\controller\Goods->goods_brand_lst[ D:\phpStudy\admin\application\admin\controller\Goods.php ]
[ info ] [ DB ] INIT mysql
[ info ] [ VIEW ] D:\phpStudy\admin/application/admin\view\goods\goods_brand_lst.html [ array (
  0 => 'control',
  1 => 'action',
  2 => 'list',
) ]
[ info ] [ LOG ] INIT File
[ sql ] [ DB ] CONNECT:[ UseTime:0.000715s ] mysql:dbname=admin;host=127.0.0.1;port=3306;charset=utf8
[ sql ] [ SQL ] SHOW COLUMNS FROM `sys_setting` [ RunTime:0.011845s ]
[ sql ] [ SQL ] SELECT * FROM `sys_setting` WHERE  `name` = 'admin_pagesize' LIMIT 1 [ RunTime:0.000573s ]
[ sql ] [ SQL ] SELECT * FROM `sys_setting` WHERE  `name` = 'admin_pagesize' LIMIT 1 [ RunTime:0.000481s ]
[ sql ] [ SQL ] SHOW COLUMNS FROM `sys_goods_brand` [ RunTime:0.011550s ]
[ sql ] [ SQL ] SELECT COUNT(*) AS tp_count FROM `sys_goods_brand` LIMIT 1 [ RunTime:0.000203s ]
[ sql ] [ SQL ] SELECT * FROM `sys_goods_brand` LIMIT 0,8 [ RunTime:0.000197s ]
---------------------------------------------------------------
[ 2017-08-16T10:22:08+08:00 ] 10.3.9.51 10.3.9.51 GET //admin/goods/goods_lst
[ info ] 10.3.9.51//admin/goods/goods_lst [运行时间：0.060934s][吞吐率：16.41req/s] [内存消耗：2,256.56kb] [文件加载：47]
[ info ] [ LANG ] D:\phpStudy\admin\thinkphp\lang\zh-cn.php
[ info ] [ ROUTE ] array (
  'type' => 'module',
  'module' => 
  array (
    0 => 'admin',
    1 => 'goods',
    2 => 'goods_lst',
  ),
)
[ info ] [ HEADER ] array (
  'host' => '10.3.9.51',
  'connection' => 'keep-alive',
  'upgrade-insecure-requests' => '1',
  'user-agent' => 'Mozilla/5.0 (Windows NT 10.0; WOW64) AppleWebKit/537.36 (KHTML, like Gecko) Chrome/60.0.3112.90 Safari/537.36',
  'accept' => 'text/html,application/xhtml+xml,application/xml;q=0.9,image/webp,image/apng,*/*;q=0.8',
  'referer' => 'http://10.3.9.51/admin/index/index.html',
  'accept-encoding' => 'gzip, deflate',
  'accept-language' => 'zh-CN,zh;q=0.8',
  'cookie' => 'UM_distinctid=15da733c861288-0cf7a8dd403aa6-36624308-1fa400-15da733c8625aa; CNZZDATA4223994=cnzz_eid%3D895840053-1501746802-%26ntime%3D1502422158; PHPSESSID=msgf41r0ghct5mauhic65dvkd4; currentmoduleName=%E5%95%86%E5%93%81%E5%88%97%E8%A1%A8; currentmoduleId=100012',
)
[ info ] [ PARAM ] array (
)
[ info ] [ SESSION ] INIT array (
  'id' => '',
  'var_session_id' => '',
  'prefix' => 'think',
  'type' => '',
  'auto_start' => true,
)
[ info ] [ RUN ] app\admin\controller\Goods->goods_lst[ D:\phpStudy\admin\application\admin\controller\Goods.php ]
[ info ] [ DB ] INIT mysql
[ info ] [ VIEW ] D:\phpStudy\admin/application/admin\view\goods\goods_lst.html [ array (
  0 => 'control',
  1 => 'action',
  2 => 'list',
) ]
[ info ] [ LOG ] INIT File
[ sql ] [ DB ] CONNECT:[ UseTime:0.010911s ] mysql:dbname=admin;host=127.0.0.1;port=3306;charset=utf8
[ sql ] [ SQL ] SHOW COLUMNS FROM `sys_setting` [ RunTime:0.011817s ]
[ sql ] [ SQL ] SELECT * FROM `sys_setting` WHERE  `name` = 'admin_pagesize' LIMIT 1 [ RunTime:0.000325s ]
[ sql ] [ SQL ] SELECT * FROM `sys_setting` WHERE  `name` = 'admin_pagesize' LIMIT 1 [ RunTime:0.000278s ]
[ sql ] [ SQL ] SHOW COLUMNS FROM `sys_goods` [ RunTime:0.009713s ]
[ sql ] [ SQL ] SELECT COUNT(*) AS tp_count FROM `sys_goods` LIMIT 1 [ RunTime:0.000398s ]
[ sql ] [ SQL ] SELECT * FROM `sys_goods` LIMIT 0,8 [ RunTime:0.000353s ]
---------------------------------------------------------------
[ 2017-08-16T10:22:09+08:00 ] 10.3.9.51 10.3.9.51 GET /admin/goods/goods_add
[ info ] 10.3.9.51/admin/goods/goods_add [运行时间：0.051016s][吞吐率：19.60req/s] [内存消耗：2,141.89kb] [文件加载：44]
[ info ] [ LANG ] D:\phpStudy\admin\thinkphp\lang\zh-cn.php
[ info ] [ ROUTE ] array (
  'type' => 'module',
  'module' => 
  array (
    0 => 'admin',
    1 => 'goods',
    2 => 'goods_add',
  ),
)
[ info ] [ HEADER ] array (
  'host' => '10.3.9.51',
  'connection' => 'keep-alive',
  'upgrade-insecure-requests' => '1',
  'user-agent' => 'Mozilla/5.0 (Windows NT 10.0; WOW64) AppleWebKit/537.36 (KHTML, like Gecko) Chrome/60.0.3112.90 Safari/537.36',
  'accept' => 'text/html,application/xhtml+xml,application/xml;q=0.9,image/webp,image/apng,*/*;q=0.8',
  'referer' => 'http://10.3.9.51//admin/goods/goods_lst',
  'accept-encoding' => 'gzip, deflate',
  'accept-language' => 'zh-CN,zh;q=0.8',
  'cookie' => 'UM_distinctid=15da733c861288-0cf7a8dd403aa6-36624308-1fa400-15da733c8625aa; CNZZDATA4223994=cnzz_eid%3D895840053-1501746802-%26ntime%3D1502422158; PHPSESSID=msgf41r0ghct5mauhic65dvkd4; currentmoduleName=%E5%95%86%E5%93%81%E5%88%97%E8%A1%A8; currentmoduleId=100012',
)
[ info ] [ PARAM ] array (
)
[ info ] [ SESSION ] INIT array (
  'id' => '',
  'var_session_id' => '',
  'prefix' => 'think',
  'type' => '',
  'auto_start' => true,
)
[ info ] [ RUN ] app\admin\controller\Goods->goods_add[ D:\phpStudy\admin\application\admin\controller\Goods.php ]
[ info ] [ DB ] INIT mysql
[ info ] [ VIEW ] D:\phpStudy\admin/application/admin\view\goods\goods_add.html [ array (
  0 => 'control',
  1 => 'action',
  2 => 'cat_info',
  3 => 'brand_info',
) ]
[ info ] [ LOG ] INIT File
[ sql ] [ DB ] CONNECT:[ UseTime:0.010353s ] mysql:dbname=admin;host=127.0.0.1;port=3306;charset=utf8
[ sql ] [ SQL ] SHOW COLUMNS FROM `sys_goods_cat` [ RunTime:0.009892s ]
[ sql ] [ SQL ] SELECT * FROM `sys_goods_cat` [ RunTime:0.000393s ]
[ sql ] [ SQL ] SHOW COLUMNS FROM `sys_goods_brand` [ RunTime:0.009557s ]
[ sql ] [ SQL ] SELECT * FROM `sys_goods_brand` [ RunTime:0.000327s ]
---------------------------------------------------------------
[ 2017-08-16T10:26:40+08:00 ] 10.3.9.51 10.3.9.51 GET //admin/goods/goods_cat_lst
[ info ] 10.3.9.51//admin/goods/goods_cat_lst [运行时间：0.037550s][吞吐率：26.63req/s] [内存消耗：2,163.34kb] [文件加载：44]
[ info ] [ LANG ] D:\phpStudy\admin\thinkphp\lang\zh-cn.php
[ info ] [ ROUTE ] array (
  'type' => 'module',
  'module' => 
  array (
    0 => 'admin',
    1 => 'goods',
    2 => 'goods_cat_lst',
  ),
)
[ info ] [ HEADER ] array (
  'host' => '10.3.9.51',
  'connection' => 'keep-alive',
  'upgrade-insecure-requests' => '1',
  'user-agent' => 'Mozilla/5.0 (Windows NT 10.0; WOW64) AppleWebKit/537.36 (KHTML, like Gecko) Chrome/60.0.3112.90 Safari/537.36',
  'accept' => 'text/html,application/xhtml+xml,application/xml;q=0.9,image/webp,image/apng,*/*;q=0.8',
  'referer' => 'http://10.3.9.51/admin/index/index.html',
  'accept-encoding' => 'gzip, deflate',
  'accept-language' => 'zh-CN,zh;q=0.8',
  'cookie' => 'UM_distinctid=15da733c861288-0cf7a8dd403aa6-36624308-1fa400-15da733c8625aa; CNZZDATA4223994=cnzz_eid%3D895840053-1501746802-%26ntime%3D1502422158; PHPSESSID=msgf41r0ghct5mauhic65dvkd4; currentmoduleName=%E5%95%86%E5%93%81%E5%88%86%E7%B1%BB; currentmoduleId=100011',
)
[ info ] [ PARAM ] array (
)
[ info ] [ SESSION ] INIT array (
  'id' => '',
  'var_session_id' => '',
  'prefix' => 'think',
  'type' => '',
  'auto_start' => true,
)
[ info ] [ RUN ] app\admin\controller\Goods->goods_cat_lst[ D:\phpStudy\admin\application\admin\controller\Goods.php ]
[ info ] [ DB ] INIT mysql
[ info ] [ VIEW ] D:\phpStudy\admin/application/admin\view\goods\goods_cat_lst.html [ array (
  0 => 'control',
  1 => 'action',
  2 => 'cat_info',
  3 => 'tree',
) ]
[ info ] [ LOG ] INIT File
[ sql ] [ DB ] CONNECT:[ UseTime:0.001061s ] mysql:dbname=admin;host=127.0.0.1;port=3306;charset=utf8
[ sql ] [ SQL ] SHOW COLUMNS FROM `sys_goods_cat` [ RunTime:0.012200s ]
[ sql ] [ SQL ] SELECT * FROM `sys_goods_cat` [ RunTime:0.000418s ]
---------------------------------------------------------------
[ 2017-08-16T10:26:41+08:00 ] 10.3.9.51 10.3.9.51 GET //admin/goods/goods_lst
[ info ] 10.3.9.51//admin/goods/goods_lst [运行时间：0.045007s][吞吐率：22.22req/s] [内存消耗：2,256.56kb] [文件加载：47]
[ info ] [ LANG ] D:\phpStudy\admin\thinkphp\lang\zh-cn.php
[ info ] [ ROUTE ] array (
  'type' => 'module',
  'module' => 
  array (
    0 => 'admin',
    1 => 'goods',
    2 => 'goods_lst',
  ),
)
[ info ] [ HEADER ] array (
  'host' => '10.3.9.51',
  'connection' => 'keep-alive',
  'upgrade-insecure-requests' => '1',
  'user-agent' => 'Mozilla/5.0 (Windows NT 10.0; WOW64) AppleWebKit/537.36 (KHTML, like Gecko) Chrome/60.0.3112.90 Safari/537.36',
  'accept' => 'text/html,application/xhtml+xml,application/xml;q=0.9,image/webp,image/apng,*/*;q=0.8',
  'referer' => 'http://10.3.9.51/admin/index/index.html',
  'accept-encoding' => 'gzip, deflate',
  'accept-language' => 'zh-CN,zh;q=0.8',
  'cookie' => 'UM_distinctid=15da733c861288-0cf7a8dd403aa6-36624308-1fa400-15da733c8625aa; CNZZDATA4223994=cnzz_eid%3D895840053-1501746802-%26ntime%3D1502422158; PHPSESSID=msgf41r0ghct5mauhic65dvkd4; currentmoduleName=%E5%95%86%E5%93%81%E5%88%97%E8%A1%A8; currentmoduleId=100012',
)
[ info ] [ PARAM ] array (
)
[ info ] [ SESSION ] INIT array (
  'id' => '',
  'var_session_id' => '',
  'prefix' => 'think',
  'type' => '',
  'auto_start' => true,
)
[ info ] [ RUN ] app\admin\controller\Goods->goods_lst[ D:\phpStudy\admin\application\admin\controller\Goods.php ]
[ info ] [ DB ] INIT mysql
[ info ] [ VIEW ] D:\phpStudy\admin/application/admin\view\goods\goods_lst.html [ array (
  0 => 'control',
  1 => 'action',
  2 => 'list',
) ]
[ info ] [ LOG ] INIT File
[ sql ] [ DB ] CONNECT:[ UseTime:0.000740s ] mysql:dbname=admin;host=127.0.0.1;port=3306;charset=utf8
[ sql ] [ SQL ] SHOW COLUMNS FROM `sys_setting` [ RunTime:0.009463s ]
[ sql ] [ SQL ] SELECT * FROM `sys_setting` WHERE  `name` = 'admin_pagesize' LIMIT 1 [ RunTime:0.000427s ]
[ sql ] [ SQL ] SELECT * FROM `sys_setting` WHERE  `name` = 'admin_pagesize' LIMIT 1 [ RunTime:0.000399s ]
[ sql ] [ SQL ] SHOW COLUMNS FROM `sys_goods` [ RunTime:0.011229s ]
[ sql ] [ SQL ] SELECT COUNT(*) AS tp_count FROM `sys_goods` LIMIT 1 [ RunTime:0.000335s ]
[ sql ] [ SQL ] SELECT * FROM `sys_goods` LIMIT 0,8 [ RunTime:0.000360s ]
---------------------------------------------------------------
[ 2017-08-16T10:26:41+08:00 ] 10.3.9.51 10.3.9.51 GET //admin/goods/goods_brand_lst
[ info ] 10.3.9.51//admin/goods/goods_brand_lst [运行时间：0.055001s][吞吐率：18.18req/s] [内存消耗：2,241.73kb] [文件加载：47]
[ info ] [ LANG ] D:\phpStudy\admin\thinkphp\lang\zh-cn.php
[ info ] [ ROUTE ] array (
  'type' => 'module',
  'module' => 
  array (
    0 => 'admin',
    1 => 'goods',
    2 => 'goods_brand_lst',
  ),
)
[ info ] [ HEADER ] array (
  'host' => '10.3.9.51',
  'connection' => 'keep-alive',
  'upgrade-insecure-requests' => '1',
  'user-agent' => 'Mozilla/5.0 (Windows NT 10.0; WOW64) AppleWebKit/537.36 (KHTML, like Gecko) Chrome/60.0.3112.90 Safari/537.36',
  'accept' => 'text/html,application/xhtml+xml,application/xml;q=0.9,image/webp,image/apng,*/*;q=0.8',
  'referer' => 'http://10.3.9.51/admin/index/index.html',
  'accept-encoding' => 'gzip, deflate',
  'accept-language' => 'zh-CN,zh;q=0.8',
  'cookie' => 'UM_distinctid=15da733c861288-0cf7a8dd403aa6-36624308-1fa400-15da733c8625aa; CNZZDATA4223994=cnzz_eid%3D895840053-1501746802-%26ntime%3D1502422158; PHPSESSID=msgf41r0ghct5mauhic65dvkd4; currentmoduleName=%E5%93%81%E7%89%8C%E5%88%97%E8%A1%A8; currentmoduleId=100013',
)
[ info ] [ PARAM ] array (
)
[ info ] [ SESSION ] INIT array (
  'id' => '',
  'var_session_id' => '',
  'prefix' => 'think',
  'type' => '',
  'auto_start' => true,
)
[ info ] [ RUN ] app\admin\controller\Goods->goods_brand_lst[ D:\phpStudy\admin\application\admin\controller\Goods.php ]
[ info ] [ DB ] INIT mysql
[ info ] [ VIEW ] D:\phpStudy\admin/application/admin\view\goods\goods_brand_lst.html [ array (
  0 => 'control',
  1 => 'action',
  2 => 'list',
) ]
[ info ] [ LOG ] INIT File
[ sql ] [ DB ] CONNECT:[ UseTime:0.009945s ] mysql:dbname=admin;host=127.0.0.1;port=3306;charset=utf8
[ sql ] [ SQL ] SHOW COLUMNS FROM `sys_setting` [ RunTime:0.010848s ]
[ sql ] [ SQL ] SELECT * FROM `sys_setting` WHERE  `name` = 'admin_pagesize' LIMIT 1 [ RunTime:0.000261s ]
[ sql ] [ SQL ] SELECT * FROM `sys_setting` WHERE  `name` = 'admin_pagesize' LIMIT 1 [ RunTime:0.000203s ]
[ sql ] [ SQL ] SHOW COLUMNS FROM `sys_goods_brand` [ RunTime:0.010464s ]
[ sql ] [ SQL ] SELECT COUNT(*) AS tp_count FROM `sys_goods_brand` LIMIT 1 [ RunTime:0.000411s ]
[ sql ] [ SQL ] SELECT * FROM `sys_goods_brand` LIMIT 0,8 [ RunTime:0.000430s ]
---------------------------------------------------------------
[ 2017-08-16T10:29:38+08:00 ] 10.3.9.51 10.3.9.51 GET //admin/goods/goods_lst
[ info ] 10.3.9.51//admin/goods/goods_lst [运行时间：0.052859s][吞吐率：18.92req/s] [内存消耗：2,256.56kb] [文件加载：47]
[ info ] [ LANG ] D:\phpStudy\admin\thinkphp\lang\zh-cn.php
[ info ] [ ROUTE ] array (
  'type' => 'module',
  'module' => 
  array (
    0 => 'admin',
    1 => 'goods',
    2 => 'goods_lst',
  ),
)
[ info ] [ HEADER ] array (
  'host' => '10.3.9.51',
  'connection' => 'keep-alive',
  'upgrade-insecure-requests' => '1',
  'user-agent' => 'Mozilla/5.0 (Windows NT 10.0; WOW64) AppleWebKit/537.36 (KHTML, like Gecko) Chrome/60.0.3112.90 Safari/537.36',
  'accept' => 'text/html,application/xhtml+xml,application/xml;q=0.9,image/webp,image/apng,*/*;q=0.8',
  'referer' => 'http://10.3.9.51/admin/index/index.html',
  'accept-encoding' => 'gzip, deflate',
  'accept-language' => 'zh-CN,zh;q=0.8',
  'cookie' => 'UM_distinctid=15da733c861288-0cf7a8dd403aa6-36624308-1fa400-15da733c8625aa; CNZZDATA4223994=cnzz_eid%3D895840053-1501746802-%26ntime%3D1502422158; PHPSESSID=msgf41r0ghct5mauhic65dvkd4; currentmoduleName=%E5%95%86%E5%93%81%E5%88%97%E8%A1%A8; currentmoduleId=100012',
)
[ info ] [ PARAM ] array (
)
[ info ] [ SESSION ] INIT array (
  'id' => '',
  'var_session_id' => '',
  'prefix' => 'think',
  'type' => '',
  'auto_start' => true,
)
[ info ] [ RUN ] app\admin\controller\Goods->goods_lst[ D:\phpStudy\admin\application\admin\controller\Goods.php ]
[ info ] [ DB ] INIT mysql
[ info ] [ VIEW ] D:\phpStudy\admin/application/admin\view\goods\goods_lst.html [ array (
  0 => 'control',
  1 => 'action',
  2 => 'list',
) ]
[ info ] [ LOG ] INIT File
[ sql ] [ DB ] CONNECT:[ UseTime:0.000963s ] mysql:dbname=admin;host=127.0.0.1;port=3306;charset=utf8
[ sql ] [ SQL ] SHOW COLUMNS FROM `sys_setting` [ RunTime:0.010549s ]
[ sql ] [ SQL ] SELECT * FROM `sys_setting` WHERE  `name` = 'admin_pagesize' LIMIT 1 [ RunTime:0.000387s ]
[ sql ] [ SQL ] SELECT * FROM `sys_setting` WHERE  `name` = 'admin_pagesize' LIMIT 1 [ RunTime:0.000323s ]
[ sql ] [ SQL ] SHOW COLUMNS FROM `sys_goods` [ RunTime:0.010708s ]
[ sql ] [ SQL ] SELECT COUNT(*) AS tp_count FROM `sys_goods` LIMIT 1 [ RunTime:0.000388s ]
[ sql ] [ SQL ] SELECT * FROM `sys_goods` LIMIT 0,8 [ RunTime:0.000447s ]
---------------------------------------------------------------
[ 2017-08-16T10:29:42+08:00 ] 10.3.9.51 10.3.9.51 GET /admin/goods/goods_edit/goods_id/2
[ info ] 10.3.9.51/admin/goods/goods_edit/goods_id/2 [运行时间：0.063098s][吞吐率：15.85req/s] [内存消耗：2,152.62kb] [文件加载：44]
[ info ] [ LANG ] D:\phpStudy\admin\thinkphp\lang\zh-cn.php
[ info ] [ ROUTE ] array (
  'type' => 'module',
  'module' => 
  array (
    0 => 'admin',
    1 => 'goods',
    2 => 'goods_edit',
  ),
)
[ info ] [ HEADER ] array (
  'host' => '10.3.9.51',
  'connection' => 'keep-alive',
  'upgrade-insecure-requests' => '1',
  'user-agent' => 'Mozilla/5.0 (Windows NT 10.0; WOW64) AppleWebKit/537.36 (KHTML, like Gecko) Chrome/60.0.3112.90 Safari/537.36',
  'accept' => 'text/html,application/xhtml+xml,application/xml;q=0.9,image/webp,image/apng,*/*;q=0.8',
  'referer' => 'http://10.3.9.51//admin/goods/goods_lst',
  'accept-encoding' => 'gzip, deflate',
  'accept-language' => 'zh-CN,zh;q=0.8',
  'cookie' => 'UM_distinctid=15da733c861288-0cf7a8dd403aa6-36624308-1fa400-15da733c8625aa; CNZZDATA4223994=cnzz_eid%3D895840053-1501746802-%26ntime%3D1502422158; PHPSESSID=msgf41r0ghct5mauhic65dvkd4; currentmoduleName=%E5%95%86%E5%93%81%E5%88%97%E8%A1%A8; currentmoduleId=100012',
)
[ info ] [ PARAM ] array (
  'goods_id' => '2',
)
[ info ] [ SESSION ] INIT array (
  'id' => '',
  'var_session_id' => '',
  'prefix' => 'think',
  'type' => '',
  'auto_start' => true,
)
[ info ] [ RUN ] app\admin\controller\Goods->goods_edit[ D:\phpStudy\admin\application\admin\controller\Goods.php ]
[ info ] [ DB ] INIT mysql
[ info ] [ VIEW ] D:\phpStudy\admin/application/admin\view\goods\goods_edit.html [ array (
  0 => 'control',
  1 => 'action',
  2 => 'goods_info',
  3 => 'cat_info',
  4 => 'brand_info',
) ]
[ info ] [ LOG ] INIT File
[ sql ] [ DB ] CONNECT:[ UseTime:0.010627s ] mysql:dbname=admin;host=127.0.0.1;port=3306;charset=utf8
[ sql ] [ SQL ] SHOW COLUMNS FROM `sys_goods` [ RunTime:0.010844s ]
[ sql ] [ SQL ] SELECT * FROM `sys_goods` WHERE  `goods_id` = 2 LIMIT 1 [ RunTime:0.000419s ]
[ sql ] [ SQL ] SHOW COLUMNS FROM `sys_goods_cat` [ RunTime:0.009841s ]
[ sql ] [ SQL ] SELECT * FROM `sys_goods_cat` [ RunTime:0.000357s ]
[ sql ] [ SQL ] SHOW COLUMNS FROM `sys_goods_brand` [ RunTime:0.010116s ]
[ sql ] [ SQL ] SELECT * FROM `sys_goods_brand` [ RunTime:0.000323s ]
---------------------------------------------------------------
[ 2017-08-16T10:30:11+08:00 ] 10.3.9.51 10.3.9.51 GET /admin/goods/goods_edit/goods_id/2
[ info ] 10.3.9.51/admin/goods/goods_edit/goods_id/2 [运行时间：0.063304s][吞吐率：15.80req/s] [内存消耗：2,152.84kb] [文件加载：44]
[ info ] [ LANG ] D:\phpStudy\admin\thinkphp\lang\zh-cn.php
[ info ] [ ROUTE ] array (
  'type' => 'module',
  'module' => 
  array (
    0 => 'admin',
    1 => 'goods',
    2 => 'goods_edit',
  ),
)
[ info ] [ HEADER ] array (
  'host' => '10.3.9.51',
  'connection' => 'keep-alive',
  'cache-control' => 'max-age=0',
  'upgrade-insecure-requests' => '1',
  'user-agent' => 'Mozilla/5.0 (Windows NT 10.0; WOW64) AppleWebKit/537.36 (KHTML, like Gecko) Chrome/60.0.3112.90 Safari/537.36',
  'accept' => 'text/html,application/xhtml+xml,application/xml;q=0.9,image/webp,image/apng,*/*;q=0.8',
  'referer' => 'http://10.3.9.51//admin/goods/goods_lst',
  'accept-encoding' => 'gzip, deflate',
  'accept-language' => 'zh-CN,zh;q=0.8',
  'cookie' => 'UM_distinctid=15da733c861288-0cf7a8dd403aa6-36624308-1fa400-15da733c8625aa; CNZZDATA4223994=cnzz_eid%3D895840053-1501746802-%26ntime%3D1502422158; PHPSESSID=msgf41r0ghct5mauhic65dvkd4; currentmoduleName=%E5%95%86%E5%93%81%E5%88%97%E8%A1%A8; currentmoduleId=100012',
)
[ info ] [ PARAM ] array (
  'goods_id' => '2',
)
[ info ] [ SESSION ] INIT array (
  'id' => '',
  'var_session_id' => '',
  'prefix' => 'think',
  'type' => '',
  'auto_start' => true,
)
[ info ] [ RUN ] app\admin\controller\Goods->goods_edit[ D:\phpStudy\admin\application\admin\controller\Goods.php ]
[ info ] [ DB ] INIT mysql
[ info ] [ VIEW ] D:\phpStudy\admin/application/admin\view\goods\goods_edit.html [ array (
  0 => 'control',
  1 => 'action',
  2 => 'goods_info',
  3 => 'cat_info',
  4 => 'brand_info',
) ]
[ info ] [ LOG ] INIT File
[ sql ] [ DB ] CONNECT:[ UseTime:0.010642s ] mysql:dbname=admin;host=127.0.0.1;port=3306;charset=utf8
[ sql ] [ SQL ] SHOW COLUMNS FROM `sys_goods` [ RunTime:0.010650s ]
[ sql ] [ SQL ] SELECT * FROM `sys_goods` WHERE  `goods_id` = 2 LIMIT 1 [ RunTime:0.000566s ]
[ sql ] [ SQL ] SHOW COLUMNS FROM `sys_goods_cat` [ RunTime:0.009878s ]
[ sql ] [ SQL ] SELECT * FROM `sys_goods_cat` [ RunTime:0.000370s ]
[ sql ] [ SQL ] SHOW COLUMNS FROM `sys_goods_brand` [ RunTime:0.010389s ]
[ sql ] [ SQL ] SELECT * FROM `sys_goods_brand` [ RunTime:0.000376s ]
