---------------------------------------------------------------
[ 2017-08-26T16:28:31+08:00 ] 127.0.0.1 127.0.0.1 GET //admin/goods/goods_type_lst
[ info ] win.admin.com//admin/goods/goods_type_lst [运行时间：0.062081s][吞吐率：16.11req/s] [内存消耗：2,262.78kb] [文件加载：47]
[ info ] [ LANG ] D:\phpStudy\admin\thinkphp\lang\zh-cn.php
[ info ] [ ROUTE ] array (
  'type' => 'module',
  'module' => 
  array (
    0 => 'admin',
    1 => 'goods',
    2 => 'goods_type_lst',
  ),
)
[ info ] [ HEADER ] array (
  'host' => 'win.admin.com',
  'connection' => 'keep-alive',
  'cache-control' => 'max-age=0',
  'upgrade-insecure-requests' => '1',
  'user-agent' => 'Mozilla/5.0 (Windows NT 10.0; WOW64) AppleWebKit/537.36 (KHTML, like Gecko) Chrome/60.0.3112.101 Safari/537.36',
  'accept' => 'text/html,application/xhtml+xml,application/xml;q=0.9,image/webp,image/apng,*/*;q=0.8',
  'referer' => 'http://win.admin.com/admin/index/index.html',
  'accept-encoding' => 'gzip, deflate',
  'accept-language' => 'zh-CN,zh;q=0.8',
  'cookie' => 'PHPSESSID=uaam4lv9q4a1s1mef31df2f616; currentmoduleName=%E7%B1%BB%E5%9E%8B%E5%88%97%E8%A1%A8; currentmoduleId=100014',
)
[ info ] [ PARAM ] array (
)
[ info ] [ SESSION ] INIT array (
  'id' => '',
  'var_session_id' => '',
  'prefix' => 'think',
  'type' => '',
  'auto_start' => true,
)
[ info ] [ RUN ] app\admin\controller\Goods->goods_type_lst[ D:\phpStudy\admin\application\admin\controller\Goods.php ]
[ info ] [ DB ] INIT mysql
[ info ] [ VIEW ] D:\phpStudy\admin/application/admin\view\goods\goods_type_lst.html [ array (
  0 => 'control',
  1 => 'action',
  2 => 'list',
) ]
[ info ] [ LOG ] INIT File
[ sql ] [ DB ] CONNECT:[ UseTime:0.010667s ] mysql:dbname=admin;host=127.0.0.1;port=3306;charset=utf8
[ sql ] [ SQL ] SHOW COLUMNS FROM `sys_setting` [ RunTime:0.011707s ]
[ sql ] [ SQL ] SELECT * FROM `sys_setting` WHERE  `name` = 'admin_pagesize' LIMIT 1 [ RunTime:0.000326s ]
[ sql ] [ SQL ] SELECT * FROM `sys_setting` WHERE  `name` = 'admin_pagesize' LIMIT 1 [ RunTime:0.000328s ]
[ sql ] [ SQL ] SHOW COLUMNS FROM `sys_goods_type` [ RunTime:0.011538s ]
[ sql ] [ SQL ] SELECT COUNT(*) AS tp_count FROM `sys_goods_type` LIMIT 1 [ RunTime:0.000334s ]
[ sql ] [ SQL ] SELECT * FROM `sys_goods_type` LIMIT 0,8 [ RunTime:0.000304s ]
---------------------------------------------------------------
[ 2017-08-26T16:28:32+08:00 ] 127.0.0.1 127.0.0.1 GET /admin/goods/goods_type_edit/id/1
[ info ] win.admin.com/admin/goods/goods_type_edit/id/1 [运行时间：0.037557s][吞吐率：26.63req/s] [内存消耗：2,286.66kb] [文件加载：46]
[ info ] [ LANG ] D:\phpStudy\admin\thinkphp\lang\zh-cn.php
[ info ] [ ROUTE ] array (
  'type' => 'module',
  'module' => 
  array (
    0 => 'admin',
    1 => 'goods',
    2 => 'goods_type_edit',
  ),
)
[ info ] [ HEADER ] array (
  'host' => 'win.admin.com',
  'connection' => 'keep-alive',
  'upgrade-insecure-requests' => '1',
  'user-agent' => 'Mozilla/5.0 (Windows NT 10.0; WOW64) AppleWebKit/537.36 (KHTML, like Gecko) Chrome/60.0.3112.101 Safari/537.36',
  'accept' => 'text/html,application/xhtml+xml,application/xml;q=0.9,image/webp,image/apng,*/*;q=0.8',
  'referer' => 'http://win.admin.com//admin/goods/goods_type_lst',
  'accept-encoding' => 'gzip, deflate',
  'accept-language' => 'zh-CN,zh;q=0.8',
  'cookie' => 'PHPSESSID=uaam4lv9q4a1s1mef31df2f616; currentmoduleName=%E7%B1%BB%E5%9E%8B%E5%88%97%E8%A1%A8; currentmoduleId=100014',
)
[ info ] [ PARAM ] array (
  'id' => '1',
)
[ info ] [ SESSION ] INIT array (
  'id' => '',
  'var_session_id' => '',
  'prefix' => 'think',
  'type' => '',
  'auto_start' => true,
)
[ info ] [ RUN ] app\admin\controller\Goods->goods_type_edit[ D:\phpStudy\admin\application\admin\controller\Goods.php ]
[ info ] [ DB ] INIT mysql
[ info ] [ VIEW ] D:\phpStudy\admin/application/admin\view\goods\goods_type_edit.html [ array (
  0 => 'control',
  1 => 'action',
  2 => 'type_info',
) ]
[ info ] [ LOG ] INIT File
[ sql ] [ DB ] CONNECT:[ UseTime:0.000468s ] mysql:dbname=admin;host=127.0.0.1;port=3306;charset=utf8
[ sql ] [ SQL ] SHOW COLUMNS FROM `sys_goods_type` [ RunTime:0.011233s ]
[ sql ] [ SQL ] SELECT * FROM `sys_goods_type` WHERE  `id` = 1 LIMIT 1 [ RunTime:0.000249s ]
---------------------------------------------------------------
[ 2017-08-26T16:28:34+08:00 ] 127.0.0.1 127.0.0.1 POST /admin/goods/goods_type_edit
[ info ] win.admin.com/admin/goods/goods_type_edit [运行时间：0.034370s][吞吐率：29.09req/s] [内存消耗：2,230.64kb] [文件加载：48]
[ info ] [ LANG ] D:\phpStudy\admin\thinkphp\lang\zh-cn.php
[ info ] [ ROUTE ] array (
  'type' => 'module',
  'module' => 
  array (
    0 => 'admin',
    1 => 'goods',
    2 => 'goods_type_edit',
  ),
)
[ info ] [ HEADER ] array (
  'host' => 'win.admin.com',
  'connection' => 'keep-alive',
  'content-length' => '237',
  'cache-control' => 'max-age=0',
  'origin' => 'http://win.admin.com',
  'upgrade-insecure-requests' => '1',
  'user-agent' => 'Mozilla/5.0 (Windows NT 10.0; WOW64) AppleWebKit/537.36 (KHTML, like Gecko) Chrome/60.0.3112.101 Safari/537.36',
  'content-type' => 'multipart/form-data; boundary=----WebKitFormBoundaryUOcISVauJwBpxzil',
  'accept' => 'text/html,application/xhtml+xml,application/xml;q=0.9,image/webp,image/apng,*/*;q=0.8',
  'referer' => 'http://win.admin.com/admin/goods/goods_type_edit/id/1',
  'accept-encoding' => 'gzip, deflate',
  'accept-language' => 'zh-CN,zh;q=0.8',
  'cookie' => 'PHPSESSID=uaam4lv9q4a1s1mef31df2f616; currentmoduleName=%E7%B1%BB%E5%9E%8B%E5%88%97%E8%A1%A8; currentmoduleId=100014',
)
[ info ] [ PARAM ] array (
  'type_name' => '水果1',
  'id' => '1',
)
[ info ] [ SESSION ] INIT array (
  'id' => '',
  'var_session_id' => '',
  'prefix' => 'think',
  'type' => '',
  'auto_start' => true,
)
[ info ] [ RUN ] app\admin\controller\Goods->goods_type_edit[ D:\phpStudy\admin\application\admin\controller\Goods.php ]
[ info ] [ DB ] INIT mysql
[ info ] [ CACHE ] INIT File
[ info ] [ VIEW ] D:\phpStudy\admin\thinkphp\tpl\dispatch_jump.tpl [ array (
  0 => 'control',
  1 => 'action',
  2 => 'code',
  3 => 'msg',
  4 => 'data',
  5 => 'url',
  6 => 'wait',
) ]
[ info ] [ LOG ] INIT File
[ sql ] [ DB ] CONNECT:[ UseTime:0.000692s ] mysql:dbname=admin;host=127.0.0.1;port=3306;charset=utf8
[ sql ] [ SQL ] SHOW COLUMNS FROM `sys_goods_type` [ RunTime:0.010805s ]
[ sql ] [ SQL ] UPDATE `sys_goods_type`  SET `type_name`='水果1'  WHERE  `id` = 1 [ RunTime:0.000373s ]
---------------------------------------------------------------
[ 2017-08-26T16:28:35+08:00 ] 127.0.0.1 127.0.0.1 GET /admin/goods/goods_type_lst
[ info ] win.admin.com/admin/goods/goods_type_lst [运行时间：0.053101s][吞吐率：18.83req/s] [内存消耗：2,262.37kb] [文件加载：47]
[ info ] [ LANG ] D:\phpStudy\admin\thinkphp\lang\zh-cn.php
[ info ] [ ROUTE ] array (
  'type' => 'module',
  'module' => 
  array (
    0 => 'admin',
    1 => 'goods',
    2 => 'goods_type_lst',
  ),
)
[ info ] [ HEADER ] array (
  'host' => 'win.admin.com',
  'connection' => 'keep-alive',
  'upgrade-insecure-requests' => '1',
  'user-agent' => 'Mozilla/5.0 (Windows NT 10.0; WOW64) AppleWebKit/537.36 (KHTML, like Gecko) Chrome/60.0.3112.101 Safari/537.36',
  'accept' => 'text/html,application/xhtml+xml,application/xml;q=0.9,image/webp,image/apng,*/*;q=0.8',
  'referer' => 'http://win.admin.com/admin/goods/goods_type_edit',
  'accept-encoding' => 'gzip, deflate',
  'accept-language' => 'zh-CN,zh;q=0.8',
  'cookie' => 'PHPSESSID=uaam4lv9q4a1s1mef31df2f616; currentmoduleName=%E7%B1%BB%E5%9E%8B%E5%88%97%E8%A1%A8; currentmoduleId=100014',
)
[ info ] [ PARAM ] array (
)
[ info ] [ SESSION ] INIT array (
  'id' => '',
  'var_session_id' => '',
  'prefix' => 'think',
  'type' => '',
  'auto_start' => true,
)
[ info ] [ RUN ] app\admin\controller\Goods->goods_type_lst[ D:\phpStudy\admin\application\admin\controller\Goods.php ]
[ info ] [ DB ] INIT mysql
[ info ] [ VIEW ] D:\phpStudy\admin/application/admin\view\goods\goods_type_lst.html [ array (
  0 => 'control',
  1 => 'action',
  2 => 'list',
) ]
[ info ] [ LOG ] INIT File
[ sql ] [ DB ] CONNECT:[ UseTime:0.010674s ] mysql:dbname=admin;host=127.0.0.1;port=3306;charset=utf8
[ sql ] [ SQL ] SHOW COLUMNS FROM `sys_setting` [ RunTime:0.009893s ]
[ sql ] [ SQL ] SELECT * FROM `sys_setting` WHERE  `name` = 'admin_pagesize' LIMIT 1 [ RunTime:0.000329s ]
[ sql ] [ SQL ] SELECT * FROM `sys_setting` WHERE  `name` = 'admin_pagesize' LIMIT 1 [ RunTime:0.000242s ]
[ sql ] [ SQL ] SHOW COLUMNS FROM `sys_goods_type` [ RunTime:0.009972s ]
[ sql ] [ SQL ] SELECT COUNT(*) AS tp_count FROM `sys_goods_type` LIMIT 1 [ RunTime:0.000263s ]
[ sql ] [ SQL ] SELECT * FROM `sys_goods_type` LIMIT 0,8 [ RunTime:0.000204s ]
---------------------------------------------------------------
[ 2017-08-26T16:28:37+08:00 ] 127.0.0.1 127.0.0.1 GET /admin/goods/goods_type_edit/id/1
[ info ] win.admin.com/admin/goods/goods_type_edit/id/1 [运行时间：0.041247s][吞吐率：24.24req/s] [内存消耗：2,143.80kb] [文件加载：44]
[ info ] [ LANG ] D:\phpStudy\admin\thinkphp\lang\zh-cn.php
[ info ] [ ROUTE ] array (
  'type' => 'module',
  'module' => 
  array (
    0 => 'admin',
    1 => 'goods',
    2 => 'goods_type_edit',
  ),
)
[ info ] [ HEADER ] array (
  'host' => 'win.admin.com',
  'connection' => 'keep-alive',
  'upgrade-insecure-requests' => '1',
  'user-agent' => 'Mozilla/5.0 (Windows NT 10.0; WOW64) AppleWebKit/537.36 (KHTML, like Gecko) Chrome/60.0.3112.101 Safari/537.36',
  'accept' => 'text/html,application/xhtml+xml,application/xml;q=0.9,image/webp,image/apng,*/*;q=0.8',
  'referer' => 'http://win.admin.com/admin/goods/goods_type_lst',
  'accept-encoding' => 'gzip, deflate',
  'accept-language' => 'zh-CN,zh;q=0.8',
  'cookie' => 'PHPSESSID=uaam4lv9q4a1s1mef31df2f616; currentmoduleName=%E7%B1%BB%E5%9E%8B%E5%88%97%E8%A1%A8; currentmoduleId=100014',
)
[ info ] [ PARAM ] array (
  'id' => '1',
)
[ info ] [ SESSION ] INIT array (
  'id' => '',
  'var_session_id' => '',
  'prefix' => 'think',
  'type' => '',
  'auto_start' => true,
)
[ info ] [ RUN ] app\admin\controller\Goods->goods_type_edit[ D:\phpStudy\admin\application\admin\controller\Goods.php ]
[ info ] [ DB ] INIT mysql
[ info ] [ VIEW ] D:\phpStudy\admin/application/admin\view\goods\goods_type_edit.html [ array (
  0 => 'control',
  1 => 'action',
  2 => 'type_info',
) ]
[ info ] [ LOG ] INIT File
[ sql ] [ DB ] CONNECT:[ UseTime:0.010726s ] mysql:dbname=admin;host=127.0.0.1;port=3306;charset=utf8
[ sql ] [ SQL ] SHOW COLUMNS FROM `sys_goods_type` [ RunTime:0.010094s ]
[ sql ] [ SQL ] SELECT * FROM `sys_goods_type` WHERE  `id` = 1 LIMIT 1 [ RunTime:0.000296s ]
---------------------------------------------------------------
[ 2017-08-26T16:28:39+08:00 ] 127.0.0.1 127.0.0.1 POST /admin/goods/goods_type_edit
[ info ] win.admin.com/admin/goods/goods_type_edit [运行时间：0.043000s][吞吐率：23.26req/s] [内存消耗：2,230.45kb] [文件加载：48]
[ info ] [ LANG ] D:\phpStudy\admin\thinkphp\lang\zh-cn.php
[ info ] [ ROUTE ] array (
  'type' => 'module',
  'module' => 
  array (
    0 => 'admin',
    1 => 'goods',
    2 => 'goods_type_edit',
  ),
)
[ info ] [ HEADER ] array (
  'host' => 'win.admin.com',
  'connection' => 'keep-alive',
  'content-length' => '237',
  'cache-control' => 'max-age=0',
  'origin' => 'http://win.admin.com',
  'upgrade-insecure-requests' => '1',
  'user-agent' => 'Mozilla/5.0 (Windows NT 10.0; WOW64) AppleWebKit/537.36 (KHTML, like Gecko) Chrome/60.0.3112.101 Safari/537.36',
  'content-type' => 'multipart/form-data; boundary=----WebKitFormBoundaryGEOqnn6RfOBPMWni',
  'accept' => 'text/html,application/xhtml+xml,application/xml;q=0.9,image/webp,image/apng,*/*;q=0.8',
  'referer' => 'http://win.admin.com/admin/goods/goods_type_edit/id/1',
  'accept-encoding' => 'gzip, deflate',
  'accept-language' => 'zh-CN,zh;q=0.8',
  'cookie' => 'PHPSESSID=uaam4lv9q4a1s1mef31df2f616; currentmoduleName=%E7%B1%BB%E5%9E%8B%E5%88%97%E8%A1%A8; currentmoduleId=100014',
)
[ info ] [ PARAM ] array (
  'type_name' => '水果1',
  'id' => '1',
)
[ info ] [ SESSION ] INIT array (
  'id' => '',
  'var_session_id' => '',
  'prefix' => 'think',
  'type' => '',
  'auto_start' => true,
)
[ info ] [ RUN ] app\admin\controller\Goods->goods_type_edit[ D:\phpStudy\admin\application\admin\controller\Goods.php ]
[ info ] [ DB ] INIT mysql
[ info ] [ CACHE ] INIT File
[ info ] [ VIEW ] D:\phpStudy\admin\thinkphp\tpl\dispatch_jump.tpl [ array (
  0 => 'control',
  1 => 'action',
  2 => 'code',
  3 => 'msg',
  4 => 'data',
  5 => 'url',
  6 => 'wait',
) ]
[ info ] [ LOG ] INIT File
[ sql ] [ DB ] CONNECT:[ UseTime:0.010455s ] mysql:dbname=admin;host=127.0.0.1;port=3306;charset=utf8
[ sql ] [ SQL ] SHOW COLUMNS FROM `sys_goods_type` [ RunTime:0.010693s ]
[ sql ] [ SQL ] UPDATE `sys_goods_type`  SET `type_name`='水果1'  WHERE  `id` = 1 [ RunTime:0.000341s ]
---------------------------------------------------------------
[ 2017-08-26T16:28:40+08:00 ] 127.0.0.1 127.0.0.1 GET /admin/goods/goods_type_edit/id/1
[ info ] win.admin.com/admin/goods/goods_type_edit/id/1 [运行时间：0.030749s][吞吐率：32.52req/s] [内存消耗：2,143.80kb] [文件加载：44]
[ info ] [ LANG ] D:\phpStudy\admin\thinkphp\lang\zh-cn.php
[ info ] [ ROUTE ] array (
  'type' => 'module',
  'module' => 
  array (
    0 => 'admin',
    1 => 'goods',
    2 => 'goods_type_edit',
  ),
)
[ info ] [ HEADER ] array (
  'host' => 'win.admin.com',
  'connection' => 'keep-alive',
  'upgrade-insecure-requests' => '1',
  'user-agent' => 'Mozilla/5.0 (Windows NT 10.0; WOW64) AppleWebKit/537.36 (KHTML, like Gecko) Chrome/60.0.3112.101 Safari/537.36',
  'accept' => 'text/html,application/xhtml+xml,application/xml;q=0.9,image/webp,image/apng,*/*;q=0.8',
  'referer' => 'http://win.admin.com/admin/goods/goods_type_lst',
  'accept-encoding' => 'gzip, deflate',
  'accept-language' => 'zh-CN,zh;q=0.8',
  'cookie' => 'PHPSESSID=uaam4lv9q4a1s1mef31df2f616; currentmoduleName=%E7%B1%BB%E5%9E%8B%E5%88%97%E8%A1%A8; currentmoduleId=100014',
)
[ info ] [ PARAM ] array (
  'id' => '1',
)
[ info ] [ SESSION ] INIT array (
  'id' => '',
  'var_session_id' => '',
  'prefix' => 'think',
  'type' => '',
  'auto_start' => true,
)
[ info ] [ RUN ] app\admin\controller\Goods->goods_type_edit[ D:\phpStudy\admin\application\admin\controller\Goods.php ]
[ info ] [ DB ] INIT mysql
[ info ] [ VIEW ] D:\phpStudy\admin/application/admin\view\goods\goods_type_edit.html [ array (
  0 => 'control',
  1 => 'action',
  2 => 'type_info',
) ]
[ info ] [ LOG ] INIT File
[ sql ] [ DB ] CONNECT:[ UseTime:0.000482s ] mysql:dbname=admin;host=127.0.0.1;port=3306;charset=utf8
[ sql ] [ SQL ] SHOW COLUMNS FROM `sys_goods_type` [ RunTime:0.010553s ]
[ sql ] [ SQL ] SELECT * FROM `sys_goods_type` WHERE  `id` = 1 LIMIT 1 [ RunTime:0.000329s ]
---------------------------------------------------------------
[ 2017-08-26T16:28:42+08:00 ] 127.0.0.1 127.0.0.1 POST /admin/goods/goods_type_edit
[ info ] win.admin.com/admin/goods/goods_type_edit [运行时间：0.042917s][吞吐率：23.30req/s] [内存消耗：2,230.64kb] [文件加载：48]
[ info ] [ LANG ] D:\phpStudy\admin\thinkphp\lang\zh-cn.php
[ info ] [ ROUTE ] array (
  'type' => 'module',
  'module' => 
  array (
    0 => 'admin',
    1 => 'goods',
    2 => 'goods_type_edit',
  ),
)
[ info ] [ HEADER ] array (
  'host' => 'win.admin.com',
  'connection' => 'keep-alive',
  'content-length' => '236',
  'cache-control' => 'max-age=0',
  'origin' => 'http://win.admin.com',
  'upgrade-insecure-requests' => '1',
  'user-agent' => 'Mozilla/5.0 (Windows NT 10.0; WOW64) AppleWebKit/537.36 (KHTML, like Gecko) Chrome/60.0.3112.101 Safari/537.36',
  'content-type' => 'multipart/form-data; boundary=----WebKitFormBoundaryBnY5Rq9oaddVtAeb',
  'accept' => 'text/html,application/xhtml+xml,application/xml;q=0.9,image/webp,image/apng,*/*;q=0.8',
  'referer' => 'http://win.admin.com/admin/goods/goods_type_edit/id/1',
  'accept-encoding' => 'gzip, deflate',
  'accept-language' => 'zh-CN,zh;q=0.8',
  'cookie' => 'PHPSESSID=uaam4lv9q4a1s1mef31df2f616; currentmoduleName=%E7%B1%BB%E5%9E%8B%E5%88%97%E8%A1%A8; currentmoduleId=100014',
)
[ info ] [ PARAM ] array (
  'type_name' => '水果',
  'id' => '1',
)
[ info ] [ SESSION ] INIT array (
  'id' => '',
  'var_session_id' => '',
  'prefix' => 'think',
  'type' => '',
  'auto_start' => true,
)
[ info ] [ RUN ] app\admin\controller\Goods->goods_type_edit[ D:\phpStudy\admin\application\admin\controller\Goods.php ]
[ info ] [ DB ] INIT mysql
[ info ] [ CACHE ] INIT File
[ info ] [ VIEW ] D:\phpStudy\admin\thinkphp\tpl\dispatch_jump.tpl [ array (
  0 => 'control',
  1 => 'action',
  2 => 'code',
  3 => 'msg',
  4 => 'data',
  5 => 'url',
  6 => 'wait',
) ]
[ info ] [ LOG ] INIT File
[ sql ] [ DB ] CONNECT:[ UseTime:0.010434s ] mysql:dbname=admin;host=127.0.0.1;port=3306;charset=utf8
[ sql ] [ SQL ] SHOW COLUMNS FROM `sys_goods_type` [ RunTime:0.010877s ]
[ sql ] [ SQL ] UPDATE `sys_goods_type`  SET `type_name`='水果'  WHERE  `id` = 1 [ RunTime:0.000349s ]
---------------------------------------------------------------
[ 2017-08-26T16:28:43+08:00 ] 127.0.0.1 127.0.0.1 GET /admin/goods/goods_type_lst
[ info ] win.admin.com/admin/goods/goods_type_lst [运行时间：0.053012s][吞吐率：18.86req/s] [内存消耗：2,262.37kb] [文件加载：47]
[ info ] [ LANG ] D:\phpStudy\admin\thinkphp\lang\zh-cn.php
[ info ] [ ROUTE ] array (
  'type' => 'module',
  'module' => 
  array (
    0 => 'admin',
    1 => 'goods',
    2 => 'goods_type_lst',
  ),
)
[ info ] [ HEADER ] array (
  'host' => 'win.admin.com',
  'connection' => 'keep-alive',
  'upgrade-insecure-requests' => '1',
  'user-agent' => 'Mozilla/5.0 (Windows NT 10.0; WOW64) AppleWebKit/537.36 (KHTML, like Gecko) Chrome/60.0.3112.101 Safari/537.36',
  'accept' => 'text/html,application/xhtml+xml,application/xml;q=0.9,image/webp,image/apng,*/*;q=0.8',
  'referer' => 'http://win.admin.com/admin/goods/goods_type_edit',
  'accept-encoding' => 'gzip, deflate',
  'accept-language' => 'zh-CN,zh;q=0.8',
  'cookie' => 'PHPSESSID=uaam4lv9q4a1s1mef31df2f616; currentmoduleName=%E7%B1%BB%E5%9E%8B%E5%88%97%E8%A1%A8; currentmoduleId=100014',
)
[ info ] [ PARAM ] array (
)
[ info ] [ SESSION ] INIT array (
  'id' => '',
  'var_session_id' => '',
  'prefix' => 'think',
  'type' => '',
  'auto_start' => true,
)
[ info ] [ RUN ] app\admin\controller\Goods->goods_type_lst[ D:\phpStudy\admin\application\admin\controller\Goods.php ]
[ info ] [ DB ] INIT mysql
[ info ] [ VIEW ] D:\phpStudy\admin/application/admin\view\goods\goods_type_lst.html [ array (
  0 => 'control',
  1 => 'action',
  2 => 'list',
) ]
[ info ] [ LOG ] INIT File
[ sql ] [ DB ] CONNECT:[ UseTime:0.010531s ] mysql:dbname=admin;host=127.0.0.1;port=3306;charset=utf8
[ sql ] [ SQL ] SHOW COLUMNS FROM `sys_setting` [ RunTime:0.009560s ]
[ sql ] [ SQL ] SELECT * FROM `sys_setting` WHERE  `name` = 'admin_pagesize' LIMIT 1 [ RunTime:0.000382s ]
[ sql ] [ SQL ] SELECT * FROM `sys_setting` WHERE  `name` = 'admin_pagesize' LIMIT 1 [ RunTime:0.000298s ]
[ sql ] [ SQL ] SHOW COLUMNS FROM `sys_goods_type` [ RunTime:0.010513s ]
[ sql ] [ SQL ] SELECT COUNT(*) AS tp_count FROM `sys_goods_type` LIMIT 1 [ RunTime:0.000196s ]
[ sql ] [ SQL ] SELECT * FROM `sys_goods_type` LIMIT 0,8 [ RunTime:0.000311s ]
---------------------------------------------------------------
[ 2017-08-26T16:28:46+08:00 ] 127.0.0.1 127.0.0.1 GET //admin/admin/admin_log_lst
[ info ] win.admin.com//admin/admin/admin_log_lst [运行时间：0.047809s][吞吐率：20.92req/s] [内存消耗：2,270.02kb] [文件加载：47]
[ info ] [ LANG ] D:\phpStudy\admin\thinkphp\lang\zh-cn.php
[ info ] [ ROUTE ] array (
  'type' => 'module',
  'module' => 
  array (
    0 => 'admin',
    1 => 'admin',
    2 => 'admin_log_lst',
  ),
)
[ info ] [ HEADER ] array (
  'host' => 'win.admin.com',
  'connection' => 'keep-alive',
  'upgrade-insecure-requests' => '1',
  'user-agent' => 'Mozilla/5.0 (Windows NT 10.0; WOW64) AppleWebKit/537.36 (KHTML, like Gecko) Chrome/60.0.3112.101 Safari/537.36',
  'accept' => 'text/html,application/xhtml+xml,application/xml;q=0.9,image/webp,image/apng,*/*;q=0.8',
  'referer' => 'http://win.admin.com/admin/index/index.html',
  'accept-encoding' => 'gzip, deflate',
  'accept-language' => 'zh-CN,zh;q=0.8',
  'cookie' => 'PHPSESSID=uaam4lv9q4a1s1mef31df2f616; currentmoduleName=%E7%AE%A1%E7%90%86%E5%91%98%E6%97%A5%E5%BF%97; currentmoduleId=100024',
)
[ info ] [ PARAM ] array (
)
[ info ] [ SESSION ] INIT array (
  'id' => '',
  'var_session_id' => '',
  'prefix' => 'think',
  'type' => '',
  'auto_start' => true,
)
[ info ] [ RUN ] app\admin\controller\Admin->admin_log_lst[ D:\phpStudy\admin\application\admin\controller\Admin.php ]
[ info ] [ DB ] INIT mysql
[ info ] [ VIEW ] D:\phpStudy\admin/application/admin\view\admin\admin_log_lst.html [ array (
  0 => 'control',
  1 => 'action',
  2 => 'list',
) ]
[ info ] [ LOG ] INIT File
[ sql ] [ DB ] CONNECT:[ UseTime:0.000664s ] mysql:dbname=admin;host=127.0.0.1;port=3306;charset=utf8
[ sql ] [ SQL ] SHOW COLUMNS FROM `sys_setting` [ RunTime:0.011929s ]
[ sql ] [ SQL ] SELECT * FROM `sys_setting` WHERE  `name` = 'admin_pagesize' LIMIT 1 [ RunTime:0.000486s ]
[ sql ] [ SQL ] SELECT * FROM `sys_setting` WHERE  `name` = 'admin_pagesize' LIMIT 1 [ RunTime:0.000315s ]
[ sql ] [ SQL ] SHOW COLUMNS FROM `sys_admin_log` [ RunTime:0.011239s ]
[ sql ] [ SQL ] SELECT COUNT(*) AS tp_count FROM `sys_admin_log` `l` LEFT JOIN `sys_admin_user` `a` ON `l`.`admin_id`=`a`.`id` LIMIT 1 [ RunTime:0.000282s ]
[ sql ] [ SQL ] SELECT `l`.*,`a`.`username` FROM `sys_admin_log` `l` LEFT JOIN `sys_admin_user` `a` ON `l`.`admin_id`=`a`.`id` ORDER BY l.id desc LIMIT 0,8 [ RunTime:0.000287s ]
---------------------------------------------------------------
[ 2017-08-26T16:28:48+08:00 ] 127.0.0.1 127.0.0.1 GET /admin/admin/admin_log_update
[ info ] win.admin.com/admin/admin/admin_log_update [运行时间：0.035087s][吞吐率：28.50req/s] [内存消耗：2,127.88kb] [文件加载：43]
[ info ] [ LANG ] D:\phpStudy\admin\thinkphp\lang\zh-cn.php
[ info ] [ ROUTE ] array (
  'type' => 'module',
  'module' => 
  array (
    0 => 'admin',
    1 => 'admin',
    2 => 'admin_log_update',
  ),
)
[ info ] [ HEADER ] array (
  'host' => 'win.admin.com',
  'connection' => 'keep-alive',
  'upgrade-insecure-requests' => '1',
  'user-agent' => 'Mozilla/5.0 (Windows NT 10.0; WOW64) AppleWebKit/537.36 (KHTML, like Gecko) Chrome/60.0.3112.101 Safari/537.36',
  'accept' => 'text/html,application/xhtml+xml,application/xml;q=0.9,image/webp,image/apng,*/*;q=0.8',
  'referer' => 'http://win.admin.com//admin/admin/admin_log_lst',
  'accept-encoding' => 'gzip, deflate',
  'accept-language' => 'zh-CN,zh;q=0.8',
  'cookie' => 'PHPSESSID=uaam4lv9q4a1s1mef31df2f616; currentmoduleName=%E7%AE%A1%E7%90%86%E5%91%98%E6%97%A5%E5%BF%97; currentmoduleId=100024',
)
[ info ] [ PARAM ] array (
)
[ info ] [ SESSION ] INIT array (
  'id' => '',
  'var_session_id' => '',
  'prefix' => 'think',
  'type' => '',
  'auto_start' => true,
)
[ info ] [ RUN ] app\admin\controller\Admin->admin_log_update[ D:\phpStudy\admin\application\admin\controller\Admin.php ]
[ info ] [ DB ] INIT mysql
[ info ] [ LOG ] INIT File
[ sql ] [ DB ] CONNECT:[ UseTime:0.000738s ] mysql:dbname=admin;host=127.0.0.1;port=3306;charset=utf8
[ sql ] [ SQL ] SHOW COLUMNS FROM `sys_admin_log` [ RunTime:0.011148s ]
[ sql ] [ SQL ] INSERT INTO `sys_admin_log` (`admin_id` , `log_time` , `log_info` , `log_ip` , `log_url`) VALUES (1 , 1503736003 , '登录' , '127.0.0.1' , '/admin/user/login.html\r\n') [ RunTime:0.000610s ]
[ sql ] [ SQL ] INSERT INTO `sys_admin_log` (`admin_id` , `log_time` , `log_info` , `log_ip` , `log_url`) VALUES (1 , 1503736114 , '编辑商品类型水果1' , '127.0.0.1' , '/admin/goods/goods_type_edit\r\n') [ RunTime:0.000235s ]
[ sql ] [ SQL ] INSERT INTO `sys_admin_log` (`admin_id` , `log_time` , `log_info` , `log_ip` , `log_url`) VALUES (1 , 1503736122 , '编辑商品类型水果' , '127.0.0.1' , '/admin/goods/goods_type_edit') [ RunTime:0.000196s ]
---------------------------------------------------------------
[ 2017-08-26T16:28:49+08:00 ] 127.0.0.1 127.0.0.1 GET /admin/admin/admin_log_lst
[ info ] win.admin.com/admin/admin/admin_log_lst [运行时间：0.058052s][吞吐率：17.23req/s] [内存消耗：2,270.09kb] [文件加载：47]
[ info ] [ LANG ] D:\phpStudy\admin\thinkphp\lang\zh-cn.php
[ info ] [ ROUTE ] array (
  'type' => 'module',
  'module' => 
  array (
    0 => 'admin',
    1 => 'admin',
    2 => 'admin_log_lst',
  ),
)
[ info ] [ HEADER ] array (
  'host' => 'win.admin.com',
  'connection' => 'keep-alive',
  'upgrade-insecure-requests' => '1',
  'user-agent' => 'Mozilla/5.0 (Windows NT 10.0; WOW64) AppleWebKit/537.36 (KHTML, like Gecko) Chrome/60.0.3112.101 Safari/537.36',
  'accept' => 'text/html,application/xhtml+xml,application/xml;q=0.9,image/webp,image/apng,*/*;q=0.8',
  'referer' => 'http://win.admin.com/admin/admin/admin_log_update',
  'accept-encoding' => 'gzip, deflate',
  'accept-language' => 'zh-CN,zh;q=0.8',
  'cookie' => 'PHPSESSID=uaam4lv9q4a1s1mef31df2f616; currentmoduleName=%E7%AE%A1%E7%90%86%E5%91%98%E6%97%A5%E5%BF%97; currentmoduleId=100024',
)
[ info ] [ PARAM ] array (
)
[ info ] [ SESSION ] INIT array (
  'id' => '',
  'var_session_id' => '',
  'prefix' => 'think',
  'type' => '',
  'auto_start' => true,
)
[ info ] [ RUN ] app\admin\controller\Admin->admin_log_lst[ D:\phpStudy\admin\application\admin\controller\Admin.php ]
[ info ] [ DB ] INIT mysql
[ info ] [ VIEW ] D:\phpStudy\admin/application/admin\view\admin\admin_log_lst.html [ array (
  0 => 'control',
  1 => 'action',
  2 => 'list',
) ]
[ info ] [ LOG ] INIT File
[ sql ] [ DB ] CONNECT:[ UseTime:0.010703s ] mysql:dbname=admin;host=127.0.0.1;port=3306;charset=utf8
[ sql ] [ SQL ] SHOW COLUMNS FROM `sys_setting` [ RunTime:0.010893s ]
[ sql ] [ SQL ] SELECT * FROM `sys_setting` WHERE  `name` = 'admin_pagesize' LIMIT 1 [ RunTime:0.000354s ]
[ sql ] [ SQL ] SELECT * FROM `sys_setting` WHERE  `name` = 'admin_pagesize' LIMIT 1 [ RunTime:0.000274s ]
[ sql ] [ SQL ] SHOW COLUMNS FROM `sys_admin_log` [ RunTime:0.010624s ]
[ sql ] [ SQL ] SELECT COUNT(*) AS tp_count FROM `sys_admin_log` `l` LEFT JOIN `sys_admin_user` `a` ON `l`.`admin_id`=`a`.`id` LIMIT 1 [ RunTime:0.000289s ]
[ sql ] [ SQL ] SELECT `l`.*,`a`.`username` FROM `sys_admin_log` `l` LEFT JOIN `sys_admin_user` `a` ON `l`.`admin_id`=`a`.`id` ORDER BY l.id desc LIMIT 0,8 [ RunTime:0.000336s ]
---------------------------------------------------------------
[ 2017-08-26T16:29:16+08:00 ] 127.0.0.1 127.0.0.1 GET /admin/goods/goods_type_delete/id/2
[ info ] win.admin.com/admin/goods/goods_type_delete/id/2 [运行时间：0.016762s][吞吐率：59.66req/s] [内存消耗：1,408.98kb] [文件加载：36]
[ info ] [ LANG ] D:\phpStudy\admin\thinkphp\lang\zh-cn.php
[ info ] [ ROUTE ] array (
  'type' => 'module',
  'module' => 
  array (
    0 => 'admin',
    1 => 'goods',
    2 => 'goods_type_delete',
  ),
)
[ info ] [ HEADER ] array (
  'host' => 'win.admin.com',
  'connection' => 'keep-alive',
  'upgrade-insecure-requests' => '1',
  'user-agent' => 'Mozilla/5.0 (Windows NT 10.0; WOW64) AppleWebKit/537.36 (KHTML, like Gecko) Chrome/60.0.3112.101 Safari/537.36',
  'accept' => 'text/html,application/xhtml+xml,application/xml;q=0.9,image/webp,image/apng,*/*;q=0.8',
  'referer' => 'http://win.admin.com/admin/goods/goods_type_lst',
  'accept-encoding' => 'gzip, deflate',
  'accept-language' => 'zh-CN,zh;q=0.8',
  'cookie' => 'PHPSESSID=uaam4lv9q4a1s1mef31df2f616; currentmoduleName=%E7%AE%A1%E7%90%86%E5%91%98%E6%97%A5%E5%BF%97; currentmoduleId=100024',
)
[ info ] [ PARAM ] array (
  'id' => '2',
)
[ info ] [ SESSION ] INIT array (
  'id' => '',
  'var_session_id' => '',
  'prefix' => 'think',
  'type' => '',
  'auto_start' => true,
)
[ info ] [ RUN ] app\admin\controller\Goods->goods_type_delete[ D:\phpStudy\admin\application\admin\controller\Goods.php ]
[ info ] [ LOG ] INIT File
---------------------------------------------------------------
[ 2017-08-26T16:30:32+08:00 ] 127.0.0.1 127.0.0.1 GET /admin/goods/goods_type_delete/id/2
[ info ] win.admin.com/admin/goods/goods_type_delete/id/2 [运行时间：0.035576s][吞吐率：28.11req/s] [内存消耗：2,231.16kb] [文件加载：48]
[ info ] [ LANG ] D:\phpStudy\admin\thinkphp\lang\zh-cn.php
[ info ] [ ROUTE ] array (
  'type' => 'module',
  'module' => 
  array (
    0 => 'admin',
    1 => 'goods',
    2 => 'goods_type_delete',
  ),
)
[ info ] [ HEADER ] array (
  'host' => 'win.admin.com',
  'connection' => 'keep-alive',
  'cache-control' => 'max-age=0',
  'upgrade-insecure-requests' => '1',
  'user-agent' => 'Mozilla/5.0 (Windows NT 10.0; WOW64) AppleWebKit/537.36 (KHTML, like Gecko) Chrome/60.0.3112.101 Safari/537.36',
  'accept' => 'text/html,application/xhtml+xml,application/xml;q=0.9,image/webp,image/apng,*/*;q=0.8',
  'referer' => 'http://win.admin.com/admin/goods/goods_type_lst',
  'accept-encoding' => 'gzip, deflate',
  'accept-language' => 'zh-CN,zh;q=0.8',
  'cookie' => 'PHPSESSID=uaam4lv9q4a1s1mef31df2f616; currentmoduleName=%E7%AE%A1%E7%90%86%E5%91%98%E6%97%A5%E5%BF%97; currentmoduleId=100024',
)
[ info ] [ PARAM ] array (
  'id' => '2',
)
[ info ] [ SESSION ] INIT array (
  'id' => '',
  'var_session_id' => '',
  'prefix' => 'think',
  'type' => '',
  'auto_start' => true,
)
[ info ] [ RUN ] app\admin\controller\Goods->goods_type_delete[ D:\phpStudy\admin\application\admin\controller\Goods.php ]
[ info ] [ DB ] INIT mysql
[ info ] [ CACHE ] INIT File
[ info ] [ VIEW ] D:\phpStudy\admin\thinkphp\tpl\dispatch_jump.tpl [ array (
  0 => 'code',
  1 => 'msg',
  2 => 'data',
  3 => 'url',
  4 => 'wait',
) ]
[ info ] [ LOG ] INIT File
[ sql ] [ DB ] CONNECT:[ UseTime:0.000679s ] mysql:dbname=admin;host=127.0.0.1;port=3306;charset=utf8
[ sql ] [ SQL ] SHOW COLUMNS FROM `sys_goods_type` [ RunTime:0.011965s ]
[ sql ] [ SQL ] DELETE FROM `sys_goods_type`    WHERE  `id` = 2 [ RunTime:0.000351s ]
---------------------------------------------------------------
[ 2017-08-26T16:30:33+08:00 ] 127.0.0.1 127.0.0.1 GET /admin/goods/goods_type_lst
[ info ] win.admin.com/admin/goods/goods_type_lst [运行时间：0.054062s][吞吐率：18.50req/s] [内存消耗：2,265.05kb] [文件加载：47]
[ info ] [ LANG ] D:\phpStudy\admin\thinkphp\lang\zh-cn.php
[ info ] [ ROUTE ] array (
  'type' => 'module',
  'module' => 
  array (
    0 => 'admin',
    1 => 'goods',
    2 => 'goods_type_lst',
  ),
)
[ info ] [ HEADER ] array (
  'host' => 'win.admin.com',
  'connection' => 'keep-alive',
  'upgrade-insecure-requests' => '1',
  'user-agent' => 'Mozilla/5.0 (Windows NT 10.0; WOW64) AppleWebKit/537.36 (KHTML, like Gecko) Chrome/60.0.3112.101 Safari/537.36',
  'accept' => 'text/html,application/xhtml+xml,application/xml;q=0.9,image/webp,image/apng,*/*;q=0.8',
  'referer' => 'http://win.admin.com/admin/goods/goods_type_delete/id/2',
  'accept-encoding' => 'gzip, deflate',
  'accept-language' => 'zh-CN,zh;q=0.8',
  'cookie' => 'PHPSESSID=uaam4lv9q4a1s1mef31df2f616; currentmoduleName=%E7%AE%A1%E7%90%86%E5%91%98%E6%97%A5%E5%BF%97; currentmoduleId=100024',
)
[ info ] [ PARAM ] array (
)
[ info ] [ SESSION ] INIT array (
  'id' => '',
  'var_session_id' => '',
  'prefix' => 'think',
  'type' => '',
  'auto_start' => true,
)
[ info ] [ RUN ] app\admin\controller\Goods->goods_type_lst[ D:\phpStudy\admin\application\admin\controller\Goods.php ]
[ info ] [ DB ] INIT mysql
[ info ] [ VIEW ] D:\phpStudy\admin/application/admin\view\goods\goods_type_lst.html [ array (
  0 => 'control',
  1 => 'action',
  2 => 'list',
) ]
[ info ] [ LOG ] INIT File
[ sql ] [ DB ] CONNECT:[ UseTime:0.010127s ] mysql:dbname=admin;host=127.0.0.1;port=3306;charset=utf8
[ sql ] [ SQL ] SHOW COLUMNS FROM `sys_setting` [ RunTime:0.011064s ]
[ sql ] [ SQL ] SELECT * FROM `sys_setting` WHERE  `name` = 'admin_pagesize' LIMIT 1 [ RunTime:0.000331s ]
[ sql ] [ SQL ] SELECT * FROM `sys_setting` WHERE  `name` = 'admin_pagesize' LIMIT 1 [ RunTime:0.000290s ]
[ sql ] [ SQL ] SHOW COLUMNS FROM `sys_goods_type` [ RunTime:0.009996s ]
[ sql ] [ SQL ] SELECT COUNT(*) AS tp_count FROM `sys_goods_type` LIMIT 1 [ RunTime:0.000270s ]
[ sql ] [ SQL ] SELECT * FROM `sys_goods_type` LIMIT 0,8 [ RunTime:0.000269s ]
---------------------------------------------------------------
[ 2017-08-26T16:30:36+08:00 ] 127.0.0.1 127.0.0.1 GET /admin/goods/goods_type_add
[ info ] win.admin.com/admin/goods/goods_type_add [运行时间：0.017376s][吞吐率：57.55req/s] [内存消耗：1,556.48kb] [文件加载：39]
[ info ] [ LANG ] D:\phpStudy\admin\thinkphp\lang\zh-cn.php
[ info ] [ ROUTE ] array (
  'type' => 'module',
  'module' => 
  array (
    0 => 'admin',
    1 => 'goods',
    2 => 'goods_type_add',
  ),
)
[ info ] [ HEADER ] array (
  'host' => 'win.admin.com',
  'connection' => 'keep-alive',
  'upgrade-insecure-requests' => '1',
  'user-agent' => 'Mozilla/5.0 (Windows NT 10.0; WOW64) AppleWebKit/537.36 (KHTML, like Gecko) Chrome/60.0.3112.101 Safari/537.36',
  'accept' => 'text/html,application/xhtml+xml,application/xml;q=0.9,image/webp,image/apng,*/*;q=0.8',
  'referer' => 'http://win.admin.com/admin/goods/goods_type_lst',
  'accept-encoding' => 'gzip, deflate',
  'accept-language' => 'zh-CN,zh;q=0.8',
  'cookie' => 'PHPSESSID=uaam4lv9q4a1s1mef31df2f616; currentmoduleName=%E7%AE%A1%E7%90%86%E5%91%98%E6%97%A5%E5%BF%97; currentmoduleId=100024',
)
[ info ] [ PARAM ] array (
)
[ info ] [ SESSION ] INIT array (
  'id' => '',
  'var_session_id' => '',
  'prefix' => 'think',
  'type' => '',
  'auto_start' => true,
)
[ info ] [ RUN ] app\admin\controller\Goods->goods_type_add[ D:\phpStudy\admin\application\admin\controller\Goods.php ]
[ info ] [ VIEW ] D:\phpStudy\admin/application/admin\view\goods\goods_type_add.html [ array (
  0 => 'control',
  1 => 'action',
) ]
[ info ] [ LOG ] INIT File
---------------------------------------------------------------
[ 2017-08-26T16:30:41+08:00 ] 127.0.0.1 127.0.0.1 POST /admin/goods/goods_type_add
[ info ] win.admin.com/admin/goods/goods_type_add [运行时间：0.042147s][吞吐率：23.73req/s] [内存消耗：2,149.91kb] [文件加载：45]
[ info ] [ LANG ] D:\phpStudy\admin\thinkphp\lang\zh-cn.php
[ info ] [ ROUTE ] array (
  'type' => 'module',
  'module' => 
  array (
    0 => 'admin',
    1 => 'goods',
    2 => 'goods_type_add',
  ),
)
[ info ] [ HEADER ] array (
  'host' => 'win.admin.com',
  'connection' => 'keep-alive',
  'content-length' => '146',
  'cache-control' => 'max-age=0',
  'origin' => 'http://win.admin.com',
  'upgrade-insecure-requests' => '1',
  'user-agent' => 'Mozilla/5.0 (Windows NT 10.0; WOW64) AppleWebKit/537.36 (KHTML, like Gecko) Chrome/60.0.3112.101 Safari/537.36',
  'content-type' => 'multipart/form-data; boundary=----WebKitFormBoundaryyANeDlwDnL4JBGGd',
  'accept' => 'text/html,application/xhtml+xml,application/xml;q=0.9,image/webp,image/apng,*/*;q=0.8',
  'referer' => 'http://win.admin.com/admin/goods/goods_type_add',
  'accept-encoding' => 'gzip, deflate',
  'accept-language' => 'zh-CN,zh;q=0.8',
  'cookie' => 'PHPSESSID=uaam4lv9q4a1s1mef31df2f616; currentmoduleName=%E7%AE%A1%E7%90%86%E5%91%98%E6%97%A5%E5%BF%97; currentmoduleId=100024',
)
[ info ] [ PARAM ] array (
  'type_name' => '手机',
)
[ info ] [ SESSION ] INIT array (
  'id' => '',
  'var_session_id' => '',
  'prefix' => 'think',
  'type' => '',
  'auto_start' => true,
)
[ info ] [ RUN ] app\admin\controller\Goods->goods_type_add[ D:\phpStudy\admin\application\admin\controller\Goods.php ]
[ info ] [ DB ] INIT mysql
[ info ] [ VIEW ] D:\phpStudy\admin\thinkphp\tpl\dispatch_jump.tpl [ array (
  0 => 'control',
  1 => 'action',
  2 => 'code',
  3 => 'msg',
  4 => 'data',
  5 => 'url',
  6 => 'wait',
) ]
[ info ] [ LOG ] INIT File
[ sql ] [ DB ] CONNECT:[ UseTime:0.010402s ] mysql:dbname=admin;host=127.0.0.1;port=3306;charset=utf8
[ sql ] [ SQL ] SHOW COLUMNS FROM `sys_goods_type` [ RunTime:0.008611s ]
[ sql ] [ SQL ] INSERT INTO `sys_goods_type` (`type_name`) VALUES ('手机') [ RunTime:0.000250s ]
---------------------------------------------------------------
[ 2017-08-26T16:30:42+08:00 ] 127.0.0.1 127.0.0.1 GET /admin/goods/goods_type_lst
[ info ] win.admin.com/admin/goods/goods_type_lst [运行时间：0.054274s][吞吐率：18.43req/s] [内存消耗：2,265.45kb] [文件加载：47]
[ info ] [ LANG ] D:\phpStudy\admin\thinkphp\lang\zh-cn.php
[ info ] [ ROUTE ] array (
  'type' => 'module',
  'module' => 
  array (
    0 => 'admin',
    1 => 'goods',
    2 => 'goods_type_lst',
  ),
)
[ info ] [ HEADER ] array (
  'host' => 'win.admin.com',
  'connection' => 'keep-alive',
  'upgrade-insecure-requests' => '1',
  'user-agent' => 'Mozilla/5.0 (Windows NT 10.0; WOW64) AppleWebKit/537.36 (KHTML, like Gecko) Chrome/60.0.3112.101 Safari/537.36',
  'accept' => 'text/html,application/xhtml+xml,application/xml;q=0.9,image/webp,image/apng,*/*;q=0.8',
  'referer' => 'http://win.admin.com/admin/goods/goods_type_add',
  'accept-encoding' => 'gzip, deflate',
  'accept-language' => 'zh-CN,zh;q=0.8',
  'cookie' => 'PHPSESSID=uaam4lv9q4a1s1mef31df2f616; currentmoduleName=%E7%AE%A1%E7%90%86%E5%91%98%E6%97%A5%E5%BF%97; currentmoduleId=100024',
)
[ info ] [ PARAM ] array (
)
[ info ] [ SESSION ] INIT array (
  'id' => '',
  'var_session_id' => '',
  'prefix' => 'think',
  'type' => '',
  'auto_start' => true,
)
[ info ] [ RUN ] app\admin\controller\Goods->goods_type_lst[ D:\phpStudy\admin\application\admin\controller\Goods.php ]
[ info ] [ DB ] INIT mysql
[ info ] [ VIEW ] D:\phpStudy\admin/application/admin\view\goods\goods_type_lst.html [ array (
  0 => 'control',
  1 => 'action',
  2 => 'list',
) ]
[ info ] [ LOG ] INIT File
[ sql ] [ DB ] CONNECT:[ UseTime:0.010484s ] mysql:dbname=admin;host=127.0.0.1;port=3306;charset=utf8
[ sql ] [ SQL ] SHOW COLUMNS FROM `sys_setting` [ RunTime:0.011018s ]
[ sql ] [ SQL ] SELECT * FROM `sys_setting` WHERE  `name` = 'admin_pagesize' LIMIT 1 [ RunTime:0.000317s ]
[ sql ] [ SQL ] SELECT * FROM `sys_setting` WHERE  `name` = 'admin_pagesize' LIMIT 1 [ RunTime:0.000222s ]
[ sql ] [ SQL ] SHOW COLUMNS FROM `sys_goods_type` [ RunTime:0.009921s ]
[ sql ] [ SQL ] SELECT COUNT(*) AS tp_count FROM `sys_goods_type` LIMIT 1 [ RunTime:0.000262s ]
[ sql ] [ SQL ] SELECT * FROM `sys_goods_type` LIMIT 0,8 [ RunTime:0.000276s ]
---------------------------------------------------------------
[ 2017-08-26T16:30:43+08:00 ] 127.0.0.1 127.0.0.1 GET /admin/goods/goods_type_lst
[ info ] win.admin.com/admin/goods/goods_type_lst [运行时间：0.044672s][吞吐率：22.39req/s] [内存消耗：2,265.59kb] [文件加载：47]
[ info ] [ LANG ] D:\phpStudy\admin\thinkphp\lang\zh-cn.php
[ info ] [ ROUTE ] array (
  'type' => 'module',
  'module' => 
  array (
    0 => 'admin',
    1 => 'goods',
    2 => 'goods_type_lst',
  ),
)
[ info ] [ HEADER ] array (
  'host' => 'win.admin.com',
  'connection' => 'keep-alive',
  'cache-control' => 'max-age=0',
  'upgrade-insecure-requests' => '1',
  'user-agent' => 'Mozilla/5.0 (Windows NT 10.0; WOW64) AppleWebKit/537.36 (KHTML, like Gecko) Chrome/60.0.3112.101 Safari/537.36',
  'accept' => 'text/html,application/xhtml+xml,application/xml;q=0.9,image/webp,image/apng,*/*;q=0.8',
  'referer' => 'http://win.admin.com/admin/goods/goods_type_add',
  'accept-encoding' => 'gzip, deflate',
  'accept-language' => 'zh-CN,zh;q=0.8',
  'cookie' => 'PHPSESSID=uaam4lv9q4a1s1mef31df2f616; currentmoduleName=%E7%AE%A1%E7%90%86%E5%91%98%E6%97%A5%E5%BF%97; currentmoduleId=100024',
)
[ info ] [ PARAM ] array (
)
[ info ] [ SESSION ] INIT array (
  'id' => '',
  'var_session_id' => '',
  'prefix' => 'think',
  'type' => '',
  'auto_start' => true,
)
[ info ] [ RUN ] app\admin\controller\Goods->goods_type_lst[ D:\phpStudy\admin\application\admin\controller\Goods.php ]
[ info ] [ DB ] INIT mysql
[ info ] [ VIEW ] D:\phpStudy\admin/application/admin\view\goods\goods_type_lst.html [ array (
  0 => 'control',
  1 => 'action',
  2 => 'list',
) ]
[ info ] [ LOG ] INIT File
[ sql ] [ DB ] CONNECT:[ UseTime:0.000620s ] mysql:dbname=admin;host=127.0.0.1;port=3306;charset=utf8
[ sql ] [ SQL ] SHOW COLUMNS FROM `sys_setting` [ RunTime:0.010549s ]
[ sql ] [ SQL ] SELECT * FROM `sys_setting` WHERE  `name` = 'admin_pagesize' LIMIT 1 [ RunTime:0.000439s ]
[ sql ] [ SQL ] SELECT * FROM `sys_setting` WHERE  `name` = 'admin_pagesize' LIMIT 1 [ RunTime:0.000257s ]
[ sql ] [ SQL ] SHOW COLUMNS FROM `sys_goods_type` [ RunTime:0.010185s ]
[ sql ] [ SQL ] SELECT COUNT(*) AS tp_count FROM `sys_goods_type` LIMIT 1 [ RunTime:0.000262s ]
[ sql ] [ SQL ] SELECT * FROM `sys_goods_type` LIMIT 0,8 [ RunTime:0.000212s ]
---------------------------------------------------------------
[ 2017-08-26T16:30:50+08:00 ] 127.0.0.1 127.0.0.1 GET /admin/goods/goods_type_edit/id/1
[ info ] win.admin.com/admin/goods/goods_type_edit/id/1 [运行时间：0.042524s][吞吐率：23.52req/s] [内存消耗：2,146.71kb] [文件加载：44]
[ info ] [ LANG ] D:\phpStudy\admin\thinkphp\lang\zh-cn.php
[ info ] [ ROUTE ] array (
  'type' => 'module',
  'module' => 
  array (
    0 => 'admin',
    1 => 'goods',
    2 => 'goods_type_edit',
  ),
)
[ info ] [ HEADER ] array (
  'host' => 'win.admin.com',
  'connection' => 'keep-alive',
  'upgrade-insecure-requests' => '1',
  'user-agent' => 'Mozilla/5.0 (Windows NT 10.0; WOW64) AppleWebKit/537.36 (KHTML, like Gecko) Chrome/60.0.3112.101 Safari/537.36',
  'accept' => 'text/html,application/xhtml+xml,application/xml;q=0.9,image/webp,image/apng,*/*;q=0.8',
  'referer' => 'http://win.admin.com/admin/goods/goods_type_lst',
  'accept-encoding' => 'gzip, deflate',
  'accept-language' => 'zh-CN,zh;q=0.8',
  'cookie' => 'PHPSESSID=uaam4lv9q4a1s1mef31df2f616; currentmoduleName=%E7%AE%A1%E7%90%86%E5%91%98%E6%97%A5%E5%BF%97; currentmoduleId=100024',
)
[ info ] [ PARAM ] array (
  'id' => '1',
)
[ info ] [ SESSION ] INIT array (
  'id' => '',
  'var_session_id' => '',
  'prefix' => 'think',
  'type' => '',
  'auto_start' => true,
)
[ info ] [ RUN ] app\admin\controller\Goods->goods_type_edit[ D:\phpStudy\admin\application\admin\controller\Goods.php ]
[ info ] [ DB ] INIT mysql
[ info ] [ VIEW ] D:\phpStudy\admin/application/admin\view\goods\goods_type_edit.html [ array (
  0 => 'control',
  1 => 'action',
  2 => 'type_info',
) ]
[ info ] [ LOG ] INIT File
[ sql ] [ DB ] CONNECT:[ UseTime:0.010480s ] mysql:dbname=admin;host=127.0.0.1;port=3306;charset=utf8
[ sql ] [ SQL ] SHOW COLUMNS FROM `sys_goods_type` [ RunTime:0.010874s ]
[ sql ] [ SQL ] SELECT * FROM `sys_goods_type` WHERE  `id` = 1 LIMIT 1 [ RunTime:0.000347s ]
---------------------------------------------------------------
[ 2017-08-26T16:30:51+08:00 ] 127.0.0.1 127.0.0.1 GET /admin/goods/goods_type_lst
[ info ] win.admin.com/admin/goods/goods_type_lst [运行时间：0.054196s][吞吐率：18.45req/s] [内存消耗：2,265.45kb] [文件加载：47]
[ info ] [ LANG ] D:\phpStudy\admin\thinkphp\lang\zh-cn.php
[ info ] [ ROUTE ] array (
  'type' => 'module',
  'module' => 
  array (
    0 => 'admin',
    1 => 'goods',
    2 => 'goods_type_lst',
  ),
)
[ info ] [ HEADER ] array (
  'host' => 'win.admin.com',
  'connection' => 'keep-alive',
  'upgrade-insecure-requests' => '1',
  'user-agent' => 'Mozilla/5.0 (Windows NT 10.0; WOW64) AppleWebKit/537.36 (KHTML, like Gecko) Chrome/60.0.3112.101 Safari/537.36',
  'accept' => 'text/html,application/xhtml+xml,application/xml;q=0.9,image/webp,image/apng,*/*;q=0.8',
  'referer' => 'http://win.admin.com/admin/goods/goods_type_add',
  'accept-encoding' => 'gzip, deflate',
  'accept-language' => 'zh-CN,zh;q=0.8',
  'cookie' => 'PHPSESSID=uaam4lv9q4a1s1mef31df2f616; currentmoduleName=%E7%AE%A1%E7%90%86%E5%91%98%E6%97%A5%E5%BF%97; currentmoduleId=100024',
)
[ info ] [ PARAM ] array (
)
[ info ] [ SESSION ] INIT array (
  'id' => '',
  'var_session_id' => '',
  'prefix' => 'think',
  'type' => '',
  'auto_start' => true,
)
[ info ] [ RUN ] app\admin\controller\Goods->goods_type_lst[ D:\phpStudy\admin\application\admin\controller\Goods.php ]
[ info ] [ DB ] INIT mysql
[ info ] [ VIEW ] D:\phpStudy\admin/application/admin\view\goods\goods_type_lst.html [ array (
  0 => 'control',
  1 => 'action',
  2 => 'list',
) ]
[ info ] [ LOG ] INIT File
[ sql ] [ DB ] CONNECT:[ UseTime:0.010894s ] mysql:dbname=admin;host=127.0.0.1;port=3306;charset=utf8
[ sql ] [ SQL ] SHOW COLUMNS FROM `sys_setting` [ RunTime:0.009880s ]
[ sql ] [ SQL ] SELECT * FROM `sys_setting` WHERE  `name` = 'admin_pagesize' LIMIT 1 [ RunTime:0.000357s ]
[ sql ] [ SQL ] SELECT * FROM `sys_setting` WHERE  `name` = 'admin_pagesize' LIMIT 1 [ RunTime:0.000305s ]
[ sql ] [ SQL ] SHOW COLUMNS FROM `sys_goods_type` [ RunTime:0.010456s ]
[ sql ] [ SQL ] SELECT COUNT(*) AS tp_count FROM `sys_goods_type` LIMIT 1 [ RunTime:0.000240s ]
[ sql ] [ SQL ] SELECT * FROM `sys_goods_type` LIMIT 0,8 [ RunTime:0.000249s ]
---------------------------------------------------------------
[ 2017-08-26T16:30:52+08:00 ] 127.0.0.1 127.0.0.1 GET //admin/admin/admin_role_lst
[ info ] win.admin.com//admin/admin/admin_role_lst [运行时间：0.057886s][吞吐率：17.28req/s] [内存消耗：2,207.80kb] [文件加载：44]
[ info ] [ LANG ] D:\phpStudy\admin\thinkphp\lang\zh-cn.php
[ info ] [ ROUTE ] array (
  'type' => 'module',
  'module' => 
  array (
    0 => 'admin',
    1 => 'admin',
    2 => 'admin_role_lst',
  ),
)
[ info ] [ HEADER ] array (
  'host' => 'win.admin.com',
  'connection' => 'keep-alive',
  'upgrade-insecure-requests' => '1',
  'user-agent' => 'Mozilla/5.0 (Windows NT 10.0; WOW64) AppleWebKit/537.36 (KHTML, like Gecko) Chrome/60.0.3112.101 Safari/537.36',
  'accept' => 'text/html,application/xhtml+xml,application/xml;q=0.9,image/webp,image/apng,*/*;q=0.8',
  'referer' => 'http://win.admin.com/admin/index/index.html',
  'accept-encoding' => 'gzip, deflate',
  'accept-language' => 'zh-CN,zh;q=0.8',
  'cookie' => 'PHPSESSID=uaam4lv9q4a1s1mef31df2f616; currentmoduleName=%E8%A7%92%E8%89%B2%E7%AE%A1%E7%90%86; currentmoduleId=100022',
)
[ info ] [ PARAM ] array (
)
[ info ] [ SESSION ] INIT array (
  'id' => '',
  'var_session_id' => '',
  'prefix' => 'think',
  'type' => '',
  'auto_start' => true,
)
[ info ] [ RUN ] app\admin\controller\Admin->admin_role_lst[ D:\phpStudy\admin\application\admin\controller\Admin.php ]
[ info ] [ DB ] INIT mysql
[ info ] [ VIEW ] D:\phpStudy\admin/application/admin\view\admin\admin_role_lst.html [ array (
  0 => 'control',
  1 => 'action',
  2 => 'admin_role',
) ]
[ info ] [ LOG ] INIT File
[ sql ] [ DB ] CONNECT:[ UseTime:0.010458s ] mysql:dbname=admin;host=127.0.0.1;port=3306;charset=utf8
[ sql ] [ SQL ] SHOW COLUMNS FROM `sys_admin_role` [ RunTime:0.011151s ]
[ sql ] [ SQL ] SELECT * FROM `sys_admin_role` [ RunTime:0.000359s ]
[ sql ] [ SQL ] SHOW COLUMNS FROM `sys_privilege_src` [ RunTime:0.011052s ]
[ sql ] [ SQL ] SELECT * FROM `sys_privilege_src` WHERE  `id` IN (1,2,3,4,5,6,7,21,22,26,27,28,29,30,35,36,8,9,10,11,12,13,14,15,31,32,33,34,37,38,39,40,41,16,17,25,19,20) [ RunTime:0.000422s ]
[ sql ] [ SQL ] SELECT * FROM `sys_privilege_src` WHERE  `id` IN (8,9,10,11,12,13,14,15,31,32,33,34,16,17,25,19) [ RunTime:0.000287s ]
[ sql ] [ SQL ] SELECT * FROM `sys_privilege_src` WHERE  `id` IN (16,17,25,19,20) [ RunTime:0.000232s ]
[ sql ] [ SQL ] SELECT * FROM `sys_privilege_src` WHERE  `id` IN (1,3,5,35,8,12,31,16,17,25,19,20) [ RunTime:0.000313s ]
---------------------------------------------------------------
[ 2017-08-26T16:33:37+08:00 ] 127.0.0.1 127.0.0.1 GET /admin/index/index.html
[ info ] win.admin.com/admin/index/index.html [运行时间：0.015937s][吞吐率：62.75req/s] [内存消耗：1,338.30kb] [文件加载：37]
[ info ] [ LANG ] D:\phpStudy\admin\thinkphp\lang\zh-cn.php
[ info ] [ ROUTE ] array (
  'type' => 'module',
  'module' => 
  array (
    0 => 'admin',
    1 => 'index',
    2 => 'index',
  ),
)
[ info ] [ HEADER ] array (
  'host' => 'win.admin.com',
  'connection' => 'keep-alive',
  'upgrade-insecure-requests' => '1',
  'user-agent' => 'Mozilla/5.0 (Windows NT 10.0; WOW64) AppleWebKit/537.36 (KHTML, like Gecko) Chrome/60.0.3112.101 Safari/537.36',
  'accept' => 'text/html,application/xhtml+xml,application/xml;q=0.9,image/webp,image/apng,*/*;q=0.8',
  'referer' => 'http://win.admin.com/admin/user/login.html',
  'accept-encoding' => 'gzip, deflate',
  'accept-language' => 'zh-CN,zh;q=0.8',
  'cookie' => 'PHPSESSID=uaam4lv9q4a1s1mef31df2f616; currentmoduleName=%E8%A7%92%E8%89%B2%E7%AE%A1%E7%90%86; currentmoduleId=100022',
)
[ info ] [ PARAM ] array (
)
[ info ] [ SESSION ] INIT array (
  'id' => '',
  'var_session_id' => '',
  'prefix' => 'think',
  'type' => '',
  'auto_start' => true,
)
[ info ] [ RUN ] app\admin\controller\Index->index[ D:\phpStudy\admin\application\admin\controller\Index.php ]
[ info ] [ VIEW ] D:\phpStudy\admin/application/admin\view\index\index.html [ array (
) ]
[ info ] [ LOG ] INIT File
---------------------------------------------------------------
[ 2017-08-26T16:33:37+08:00 ] 127.0.0.1 127.0.0.1 POST /admin/index/menu
[ info ] win.admin.com/admin/index/menu [运行时间：0.014851s][吞吐率：67.34req/s] [内存消耗：1,356.16kb] [文件加载：38]
[ info ] [ LANG ] D:\phpStudy\admin\thinkphp\lang\zh-cn.php
[ info ] [ ROUTE ] array (
  'type' => 'module',
  'module' => 
  array (
    0 => 'admin',
    1 => 'index',
    2 => 'menu',
  ),
)
[ info ] [ HEADER ] array (
  'host' => 'win.admin.com',
  'connection' => 'keep-alive',
  'content-length' => '0',
  'accept' => 'application/json, text/javascript, */*; q=0.01',
  'origin' => 'http://win.admin.com',
  'x-requested-with' => 'XMLHttpRequest',
  'user-agent' => 'Mozilla/5.0 (Windows NT 10.0; WOW64) AppleWebKit/537.36 (KHTML, like Gecko) Chrome/60.0.3112.101 Safari/537.36',
  'referer' => 'http://win.admin.com/admin/index/index.html',
  'accept-encoding' => 'gzip, deflate',
  'accept-language' => 'zh-CN,zh;q=0.8',
  'cookie' => 'PHPSESSID=uaam4lv9q4a1s1mef31df2f616; currentmoduleName=%E6%AC%A2%E8%BF%8E%E9%A1%B5; currentmoduleId=10008',
)
[ info ] [ PARAM ] array (
)
[ info ] [ SESSION ] INIT array (
  'id' => '',
  'var_session_id' => '',
  'prefix' => 'think',
  'type' => '',
  'auto_start' => true,
)
[ info ] [ RUN ] app\admin\controller\Index->menu[ D:\phpStudy\admin\application\admin\controller\Index.php ]
[ info ] [ LOG ] INIT File
---------------------------------------------------------------
[ 2017-08-26T16:33:37+08:00 ] 127.0.0.1 127.0.0.1 GET //admin/index/welcome
[ info ] win.admin.com//admin/index/welcome [运行时间：0.017272s][吞吐率：57.90req/s] [内存消耗：1,340.31kb] [文件加载：37]
[ info ] [ LANG ] D:\phpStudy\admin\thinkphp\lang\zh-cn.php
[ info ] [ ROUTE ] array (
  'type' => 'module',
  'module' => 
  array (
    0 => 'admin',
    1 => 'index',
    2 => 'welcome',
  ),
)
[ info ] [ HEADER ] array (
  'host' => 'win.admin.com',
  'connection' => 'keep-alive',
  'upgrade-insecure-requests' => '1',
  'user-agent' => 'Mozilla/5.0 (Windows NT 10.0; WOW64) AppleWebKit/537.36 (KHTML, like Gecko) Chrome/60.0.3112.101 Safari/537.36',
  'accept' => 'text/html,application/xhtml+xml,application/xml;q=0.9,image/webp,image/apng,*/*;q=0.8',
  'referer' => 'http://win.admin.com/admin/index/index.html',
  'accept-encoding' => 'gzip, deflate',
  'accept-language' => 'zh-CN,zh;q=0.8',
  'cookie' => 'PHPSESSID=uaam4lv9q4a1s1mef31df2f616; currentmoduleName=%E6%AC%A2%E8%BF%8E%E9%A1%B5; currentmoduleId=10008',
)
[ info ] [ PARAM ] array (
)
[ info ] [ SESSION ] INIT array (
  'id' => '',
  'var_session_id' => '',
  'prefix' => 'think',
  'type' => '',
  'auto_start' => true,
)
[ info ] [ RUN ] app\admin\controller\Index->welcome[ D:\phpStudy\admin\application\admin\controller\Index.php ]
[ info ] [ VIEW ] D:\phpStudy\admin/application/admin\view\index\welcome.html [ array (
  0 => 'server',
) ]
[ info ] [ LOG ] INIT File
---------------------------------------------------------------
[ 2017-08-26T16:49:31+08:00 ] 127.0.0.1 127.0.0.1 GET /admin/index/index.html
[ info ] win.admin.com/admin/index/index.html [运行时间：0.018073s][吞吐率：55.33req/s] [内存消耗：1,338.45kb] [文件加载：37]
[ info ] [ LANG ] D:\phpStudy\admin\thinkphp\lang\zh-cn.php
[ info ] [ ROUTE ] array (
  'type' => 'module',
  'module' => 
  array (
    0 => 'admin',
    1 => 'index',
    2 => 'index',
  ),
)
[ info ] [ HEADER ] array (
  'host' => 'win.admin.com',
  'connection' => 'keep-alive',
  'cache-control' => 'max-age=0',
  'upgrade-insecure-requests' => '1',
  'user-agent' => 'Mozilla/5.0 (Windows NT 10.0; WOW64) AppleWebKit/537.36 (KHTML, like Gecko) Chrome/60.0.3112.101 Safari/537.36',
  'accept' => 'text/html,application/xhtml+xml,application/xml;q=0.9,image/webp,image/apng,*/*;q=0.8',
  'referer' => 'http://win.admin.com/admin/user/login.html',
  'accept-encoding' => 'gzip, deflate',
  'accept-language' => 'zh-CN,zh;q=0.8',
  'cookie' => 'PHPSESSID=uaam4lv9q4a1s1mef31df2f616; currentmoduleName=%E6%AC%A2%E8%BF%8E%E9%A1%B5; currentmoduleId=10008',
)
[ info ] [ PARAM ] array (
)
[ info ] [ SESSION ] INIT array (
  'id' => '',
  'var_session_id' => '',
  'prefix' => 'think',
  'type' => '',
  'auto_start' => true,
)
[ info ] [ RUN ] app\admin\controller\Index->index[ D:\phpStudy\admin\application\admin\controller\Index.php ]
[ info ] [ VIEW ] D:\phpStudy\admin/application/admin\view\index\index.html [ array (
) ]
[ info ] [ LOG ] INIT File
---------------------------------------------------------------
[ 2017-08-26T16:49:31+08:00 ] 127.0.0.1 127.0.0.1 GET //admin/index/welcome
[ info ] win.admin.com//admin/index/welcome [运行时间：0.015351s][吞吐率：65.14req/s] [内存消耗：1,340.31kb] [文件加载：37]
[ info ] [ LANG ] D:\phpStudy\admin\thinkphp\lang\zh-cn.php
[ info ] [ ROUTE ] array (
  'type' => 'module',
  'module' => 
  array (
    0 => 'admin',
    1 => 'index',
    2 => 'welcome',
  ),
)
[ info ] [ HEADER ] array (
  'host' => 'win.admin.com',
  'connection' => 'keep-alive',
  'upgrade-insecure-requests' => '1',
  'user-agent' => 'Mozilla/5.0 (Windows NT 10.0; WOW64) AppleWebKit/537.36 (KHTML, like Gecko) Chrome/60.0.3112.101 Safari/537.36',
  'accept' => 'text/html,application/xhtml+xml,application/xml;q=0.9,image/webp,image/apng,*/*;q=0.8',
  'referer' => 'http://win.admin.com/admin/index/index.html',
  'accept-encoding' => 'gzip, deflate',
  'accept-language' => 'zh-CN,zh;q=0.8',
  'cookie' => 'PHPSESSID=uaam4lv9q4a1s1mef31df2f616; currentmoduleName=%E6%AC%A2%E8%BF%8E%E9%A1%B5; currentmoduleId=10008',
)
[ info ] [ PARAM ] array (
)
[ info ] [ SESSION ] INIT array (
  'id' => '',
  'var_session_id' => '',
  'prefix' => 'think',
  'type' => '',
  'auto_start' => true,
)
[ info ] [ RUN ] app\admin\controller\Index->welcome[ D:\phpStudy\admin\application\admin\controller\Index.php ]
[ info ] [ VIEW ] D:\phpStudy\admin/application/admin\view\index\welcome.html [ array (
  0 => 'server',
) ]
[ info ] [ LOG ] INIT File
---------------------------------------------------------------
[ 2017-08-26T16:49:31+08:00 ] 127.0.0.1 127.0.0.1 POST /admin/index/menu
[ info ] win.admin.com/admin/index/menu [运行时间：0.016663s][吞吐率：60.01req/s] [内存消耗：1,356.16kb] [文件加载：38]
[ info ] [ LANG ] D:\phpStudy\admin\thinkphp\lang\zh-cn.php
[ info ] [ ROUTE ] array (
  'type' => 'module',
  'module' => 
  array (
    0 => 'admin',
    1 => 'index',
    2 => 'menu',
  ),
)
[ info ] [ HEADER ] array (
  'host' => 'win.admin.com',
  'connection' => 'keep-alive',
  'content-length' => '0',
  'accept' => 'application/json, text/javascript, */*; q=0.01',
  'origin' => 'http://win.admin.com',
  'x-requested-with' => 'XMLHttpRequest',
  'user-agent' => 'Mozilla/5.0 (Windows NT 10.0; WOW64) AppleWebKit/537.36 (KHTML, like Gecko) Chrome/60.0.3112.101 Safari/537.36',
  'referer' => 'http://win.admin.com/admin/index/index.html',
  'accept-encoding' => 'gzip, deflate',
  'accept-language' => 'zh-CN,zh;q=0.8',
  'cookie' => 'PHPSESSID=uaam4lv9q4a1s1mef31df2f616; currentmoduleName=%E6%AC%A2%E8%BF%8E%E9%A1%B5; currentmoduleId=10008',
)
[ info ] [ PARAM ] array (
)
[ info ] [ SESSION ] INIT array (
  'id' => '',
  'var_session_id' => '',
  'prefix' => 'think',
  'type' => '',
  'auto_start' => true,
)
[ info ] [ RUN ] app\admin\controller\Index->menu[ D:\phpStudy\admin\application\admin\controller\Index.php ]
[ info ] [ LOG ] INIT File
---------------------------------------------------------------
[ 2017-08-26T16:50:42+08:00 ] 127.0.0.1 127.0.0.1 GET //admin/goods/goods_attr_lst
[ info ] win.admin.com//admin/goods/goods_attr_lst [运行时间：0.016031s][吞吐率：62.38req/s] [内存消耗：1,413.84kb] [文件加载：37]
[ info ] [ LANG ] D:\phpStudy\admin\thinkphp\lang\zh-cn.php
[ info ] [ ROUTE ] array (
  'type' => 'module',
  'module' => 
  array (
    0 => 'admin',
    1 => 'goods',
    2 => 'goods_attr_lst',
  ),
)
[ info ] [ HEADER ] array (
  'host' => 'win.admin.com',
  'connection' => 'keep-alive',
  'upgrade-insecure-requests' => '1',
  'user-agent' => 'Mozilla/5.0 (Windows NT 10.0; WOW64) AppleWebKit/537.36 (KHTML, like Gecko) Chrome/60.0.3112.101 Safari/537.36',
  'accept' => 'text/html,application/xhtml+xml,application/xml;q=0.9,image/webp,image/apng,*/*;q=0.8',
  'referer' => 'http://win.admin.com/admin/index/index.html',
  'accept-encoding' => 'gzip, deflate',
  'accept-language' => 'zh-CN,zh;q=0.8',
  'cookie' => 'PHPSESSID=uaam4lv9q4a1s1mef31df2f616; currentmoduleName=%E5%B1%9E%E6%80%A7%E5%88%97%E8%A1%A8; currentmoduleId=100015',
)
[ info ] [ PARAM ] array (
)
[ info ] [ SESSION ] INIT array (
  'id' => '',
  'var_session_id' => '',
  'prefix' => 'think',
  'type' => '',
  'auto_start' => true,
)
[ info ] [ RUN ] app\admin\controller\Goods->goods_attr_lst[ D:\phpStudy\admin\application\admin\controller\Goods.php ]
[ info ] [ VIEW ] D:\phpStudy\admin/application/admin\view\goods\goods_attr_lst.html [ array (
  0 => 'control',
  1 => 'action',
) ]
[ info ] [ LOG ] INIT File
---------------------------------------------------------------
[ 2017-08-26T16:50:43+08:00 ] 127.0.0.1 127.0.0.1 GET //admin/goods/goods_type_lst
[ info ] win.admin.com//admin/goods/goods_type_lst [运行时间：0.056821s][吞吐率：17.60req/s] [内存消耗：2,265.40kb] [文件加载：47]
[ info ] [ LANG ] D:\phpStudy\admin\thinkphp\lang\zh-cn.php
[ info ] [ ROUTE ] array (
  'type' => 'module',
  'module' => 
  array (
    0 => 'admin',
    1 => 'goods',
    2 => 'goods_type_lst',
  ),
)
[ info ] [ HEADER ] array (
  'host' => 'win.admin.com',
  'connection' => 'keep-alive',
  'upgrade-insecure-requests' => '1',
  'user-agent' => 'Mozilla/5.0 (Windows NT 10.0; WOW64) AppleWebKit/537.36 (KHTML, like Gecko) Chrome/60.0.3112.101 Safari/537.36',
  'accept' => 'text/html,application/xhtml+xml,application/xml;q=0.9,image/webp,image/apng,*/*;q=0.8',
  'referer' => 'http://win.admin.com/admin/index/index.html',
  'accept-encoding' => 'gzip, deflate',
  'accept-language' => 'zh-CN,zh;q=0.8',
  'cookie' => 'PHPSESSID=uaam4lv9q4a1s1mef31df2f616; currentmoduleName=%E7%B1%BB%E5%9E%8B%E5%88%97%E8%A1%A8; currentmoduleId=100014',
)
[ info ] [ PARAM ] array (
)
[ info ] [ SESSION ] INIT array (
  'id' => '',
  'var_session_id' => '',
  'prefix' => 'think',
  'type' => '',
  'auto_start' => true,
)
[ info ] [ RUN ] app\admin\controller\Goods->goods_type_lst[ D:\phpStudy\admin\application\admin\controller\Goods.php ]
[ info ] [ DB ] INIT mysql
[ info ] [ VIEW ] D:\phpStudy\admin/application/admin\view\goods\goods_type_lst.html [ array (
  0 => 'control',
  1 => 'action',
  2 => 'list',
) ]
[ info ] [ LOG ] INIT File
[ sql ] [ DB ] CONNECT:[ UseTime:0.010264s ] mysql:dbname=admin;host=127.0.0.1;port=3306;charset=utf8
[ sql ] [ SQL ] SHOW COLUMNS FROM `sys_setting` [ RunTime:0.010387s ]
[ sql ] [ SQL ] SELECT * FROM `sys_setting` WHERE  `name` = 'admin_pagesize' LIMIT 1 [ RunTime:0.000407s ]
[ sql ] [ SQL ] SELECT * FROM `sys_setting` WHERE  `name` = 'admin_pagesize' LIMIT 1 [ RunTime:0.000297s ]
[ sql ] [ SQL ] SHOW COLUMNS FROM `sys_goods_type` [ RunTime:0.010154s ]
[ sql ] [ SQL ] SELECT COUNT(*) AS tp_count FROM `sys_goods_type` LIMIT 1 [ RunTime:0.000189s ]
[ sql ] [ SQL ] SELECT * FROM `sys_goods_type` LIMIT 0,8 [ RunTime:0.000171s ]
---------------------------------------------------------------
[ 2017-08-26T16:50:52+08:00 ] 127.0.0.1 127.0.0.1 GET //admin/goods/goods_brand_lst
[ info ] win.admin.com//admin/goods/goods_brand_lst [运行时间：0.049295s][吞吐率：20.29req/s] [内存消耗：2,269.17kb] [文件加载：47]
[ info ] [ LANG ] D:\phpStudy\admin\thinkphp\lang\zh-cn.php
[ info ] [ ROUTE ] array (
  'type' => 'module',
  'module' => 
  array (
    0 => 'admin',
    1 => 'goods',
    2 => 'goods_brand_lst',
  ),
)
[ info ] [ HEADER ] array (
  'host' => 'win.admin.com',
  'connection' => 'keep-alive',
  'upgrade-insecure-requests' => '1',
  'user-agent' => 'Mozilla/5.0 (Windows NT 10.0; WOW64) AppleWebKit/537.36 (KHTML, like Gecko) Chrome/60.0.3112.101 Safari/537.36',
  'accept' => 'text/html,application/xhtml+xml,application/xml;q=0.9,image/webp,image/apng,*/*;q=0.8',
  'referer' => 'http://win.admin.com/admin/index/index.html',
  'accept-encoding' => 'gzip, deflate',
  'accept-language' => 'zh-CN,zh;q=0.8',
  'cookie' => 'PHPSESSID=uaam4lv9q4a1s1mef31df2f616; currentmoduleName=%E5%93%81%E7%89%8C%E5%88%97%E8%A1%A8; currentmoduleId=100013',
)
[ info ] [ PARAM ] array (
)
[ info ] [ SESSION ] INIT array (
  'id' => '',
  'var_session_id' => '',
  'prefix' => 'think',
  'type' => '',
  'auto_start' => true,
)
[ info ] [ RUN ] app\admin\controller\Goods->goods_brand_lst[ D:\phpStudy\admin\application\admin\controller\Goods.php ]
[ info ] [ DB ] INIT mysql
[ info ] [ VIEW ] D:\phpStudy\admin/application/admin\view\goods\goods_brand_lst.html [ array (
  0 => 'control',
  1 => 'action',
  2 => 'list',
) ]
[ info ] [ LOG ] INIT File
[ sql ] [ DB ] CONNECT:[ UseTime:0.001022s ] mysql:dbname=admin;host=127.0.0.1;port=3306;charset=utf8
[ sql ] [ SQL ] SHOW COLUMNS FROM `sys_setting` [ RunTime:0.011077s ]
[ sql ] [ SQL ] SELECT * FROM `sys_setting` WHERE  `name` = 'admin_pagesize' LIMIT 1 [ RunTime:0.000309s ]
[ sql ] [ SQL ] SELECT * FROM `sys_setting` WHERE  `name` = 'admin_pagesize' LIMIT 1 [ RunTime:0.000270s ]
[ sql ] [ SQL ] SHOW COLUMNS FROM `sys_goods_brand` [ RunTime:0.009990s ]
[ sql ] [ SQL ] SELECT COUNT(*) AS tp_count FROM `sys_goods_brand` LIMIT 1 [ RunTime:0.000228s ]
[ sql ] [ SQL ] SELECT * FROM `sys_goods_brand` LIMIT 0,8 [ RunTime:0.000272s ]
---------------------------------------------------------------
[ 2017-08-26T16:50:54+08:00 ] 127.0.0.1 127.0.0.1 GET //admin/goods/goods_brand_lst
[ info ] win.admin.com//admin/goods/goods_brand_lst [运行时间：0.055805s][吞吐率：17.92req/s] [内存消耗：2,269.17kb] [文件加载：47]
[ info ] [ LANG ] D:\phpStudy\admin\thinkphp\lang\zh-cn.php
[ info ] [ ROUTE ] array (
  'type' => 'module',
  'module' => 
  array (
    0 => 'admin',
    1 => 'goods',
    2 => 'goods_brand_lst',
  ),
)
[ info ] [ HEADER ] array (
  'host' => 'win.admin.com',
  'connection' => 'keep-alive',
  'upgrade-insecure-requests' => '1',
  'user-agent' => 'Mozilla/5.0 (Windows NT 10.0; WOW64) AppleWebKit/537.36 (KHTML, like Gecko) Chrome/60.0.3112.101 Safari/537.36',
  'accept' => 'text/html,application/xhtml+xml,application/xml;q=0.9,image/webp,image/apng,*/*;q=0.8',
  'referer' => 'http://win.admin.com/admin/index/index.html',
  'accept-encoding' => 'gzip, deflate',
  'accept-language' => 'zh-CN,zh;q=0.8',
  'cookie' => 'PHPSESSID=uaam4lv9q4a1s1mef31df2f616; currentmoduleName=%E5%93%81%E7%89%8C%E5%88%97%E8%A1%A8; currentmoduleId=100013',
)
[ info ] [ PARAM ] array (
)
[ info ] [ SESSION ] INIT array (
  'id' => '',
  'var_session_id' => '',
  'prefix' => 'think',
  'type' => '',
  'auto_start' => true,
)
[ info ] [ RUN ] app\admin\controller\Goods->goods_brand_lst[ D:\phpStudy\admin\application\admin\controller\Goods.php ]
[ info ] [ DB ] INIT mysql
[ info ] [ VIEW ] D:\phpStudy\admin/application/admin\view\goods\goods_brand_lst.html [ array (
  0 => 'control',
  1 => 'action',
  2 => 'list',
) ]
[ info ] [ LOG ] INIT File
[ sql ] [ DB ] CONNECT:[ UseTime:0.010132s ] mysql:dbname=admin;host=127.0.0.1;port=3306;charset=utf8
[ sql ] [ SQL ] SHOW COLUMNS FROM `sys_setting` [ RunTime:0.010548s ]
[ sql ] [ SQL ] SELECT * FROM `sys_setting` WHERE  `name` = 'admin_pagesize' LIMIT 1 [ RunTime:0.000275s ]
[ sql ] [ SQL ] SELECT * FROM `sys_setting` WHERE  `name` = 'admin_pagesize' LIMIT 1 [ RunTime:0.000330s ]
[ sql ] [ SQL ] SHOW COLUMNS FROM `sys_goods_brand` [ RunTime:0.009974s ]
[ sql ] [ SQL ] SELECT COUNT(*) AS tp_count FROM `sys_goods_brand` LIMIT 1 [ RunTime:0.000241s ]
[ sql ] [ SQL ] SELECT * FROM `sys_goods_brand` LIMIT 0,8 [ RunTime:0.000254s ]
---------------------------------------------------------------
[ 2017-08-26T16:50:56+08:00 ] 127.0.0.1 127.0.0.1 GET //admin/goods/goods_lst
[ info ] win.admin.com//admin/goods/goods_lst [运行时间：0.049646s][吞吐率：20.14req/s] [内存消耗：2,284.66kb] [文件加载：47]
[ info ] [ LANG ] D:\phpStudy\admin\thinkphp\lang\zh-cn.php
[ info ] [ ROUTE ] array (
  'type' => 'module',
  'module' => 
  array (
    0 => 'admin',
    1 => 'goods',
    2 => 'goods_lst',
  ),
)
[ info ] [ HEADER ] array (
  'host' => 'win.admin.com',
  'connection' => 'keep-alive',
  'upgrade-insecure-requests' => '1',
  'user-agent' => 'Mozilla/5.0 (Windows NT 10.0; WOW64) AppleWebKit/537.36 (KHTML, like Gecko) Chrome/60.0.3112.101 Safari/537.36',
  'accept' => 'text/html,application/xhtml+xml,application/xml;q=0.9,image/webp,image/apng,*/*;q=0.8',
  'referer' => 'http://win.admin.com/admin/index/index.html',
  'accept-encoding' => 'gzip, deflate',
  'accept-language' => 'zh-CN,zh;q=0.8',
  'cookie' => 'PHPSESSID=uaam4lv9q4a1s1mef31df2f616; currentmoduleName=%E5%95%86%E5%93%81%E5%88%97%E8%A1%A8; currentmoduleId=100012',
)
[ info ] [ PARAM ] array (
)
[ info ] [ SESSION ] INIT array (
  'id' => '',
  'var_session_id' => '',
  'prefix' => 'think',
  'type' => '',
  'auto_start' => true,
)
[ info ] [ RUN ] app\admin\controller\Goods->goods_lst[ D:\phpStudy\admin\application\admin\controller\Goods.php ]
[ info ] [ DB ] INIT mysql
[ info ] [ VIEW ] D:\phpStudy\admin/application/admin\view\goods\goods_lst.html [ array (
  0 => 'control',
  1 => 'action',
  2 => 'list',
) ]
[ info ] [ LOG ] INIT File
[ sql ] [ DB ] CONNECT:[ UseTime:0.000680s ] mysql:dbname=admin;host=127.0.0.1;port=3306;charset=utf8
[ sql ] [ SQL ] SHOW COLUMNS FROM `sys_setting` [ RunTime:0.011071s ]
[ sql ] [ SQL ] SELECT * FROM `sys_setting` WHERE  `name` = 'admin_pagesize' LIMIT 1 [ RunTime:0.000325s ]
[ sql ] [ SQL ] SELECT * FROM `sys_setting` WHERE  `name` = 'admin_pagesize' LIMIT 1 [ RunTime:0.000319s ]
[ sql ] [ SQL ] SHOW COLUMNS FROM `sys_goods` [ RunTime:0.013322s ]
[ sql ] [ SQL ] SELECT COUNT(*) AS tp_count FROM `sys_goods` LIMIT 1 [ RunTime:0.000219s ]
[ sql ] [ SQL ] SELECT * FROM `sys_goods` ORDER BY goods_id desc LIMIT 0,8 [ RunTime:0.000439s ]
---------------------------------------------------------------
[ 2017-08-26T16:51:01+08:00 ] 127.0.0.1 127.0.0.1 GET //admin/goods/goods_attr_lst
[ info ] win.admin.com//admin/goods/goods_attr_lst [运行时间：0.014951s][吞吐率：66.89req/s] [内存消耗：1,413.84kb] [文件加载：37]
[ info ] [ LANG ] D:\phpStudy\admin\thinkphp\lang\zh-cn.php
[ info ] [ ROUTE ] array (
  'type' => 'module',
  'module' => 
  array (
    0 => 'admin',
    1 => 'goods',
    2 => 'goods_attr_lst',
  ),
)
[ info ] [ HEADER ] array (
  'host' => 'win.admin.com',
  'connection' => 'keep-alive',
  'upgrade-insecure-requests' => '1',
  'user-agent' => 'Mozilla/5.0 (Windows NT 10.0; WOW64) AppleWebKit/537.36 (KHTML, like Gecko) Chrome/60.0.3112.101 Safari/537.36',
  'accept' => 'text/html,application/xhtml+xml,application/xml;q=0.9,image/webp,image/apng,*/*;q=0.8',
  'referer' => 'http://win.admin.com/admin/index/index.html',
  'accept-encoding' => 'gzip, deflate',
  'accept-language' => 'zh-CN,zh;q=0.8',
  'cookie' => 'PHPSESSID=uaam4lv9q4a1s1mef31df2f616; currentmoduleName=%E5%B1%9E%E6%80%A7%E5%88%97%E8%A1%A8; currentmoduleId=100015',
)
[ info ] [ PARAM ] array (
)
[ info ] [ SESSION ] INIT array (
  'id' => '',
  'var_session_id' => '',
  'prefix' => 'think',
  'type' => '',
  'auto_start' => true,
)
[ info ] [ RUN ] app\admin\controller\Goods->goods_attr_lst[ D:\phpStudy\admin\application\admin\controller\Goods.php ]
[ info ] [ VIEW ] D:\phpStudy\admin/application/admin\view\goods\goods_attr_lst.html [ array (
  0 => 'control',
  1 => 'action',
) ]
[ info ] [ LOG ] INIT File
