---------------------------------------------------------------
[ 2017-08-28T08:12:48+08:00 ] 127.0.0.1 127.0.0.1 GET /admin
[ info ] win.admin.com/admin [运行时间：0.041375s][吞吐率：24.17req/s] [内存消耗：1,367.22kb] [文件加载：38]
[ info ] [ LANG ] D:\phpStudy\admin\thinkphp\lang\zh-cn.php
[ info ] [ ROUTE ] array (
  'type' => 'module',
  'module' => 
  array (
    0 => 'admin',
    1 => NULL,
    2 => NULL,
  ),
)
[ info ] [ HEADER ] array (
  'host' => 'win.admin.com',
  'connection' => 'keep-alive',
  'upgrade-insecure-requests' => '1',
  'user-agent' => 'Mozilla/5.0 (Windows NT 10.0; WOW64) AppleWebKit/537.36 (KHTML, like Gecko) Chrome/60.0.3112.101 Safari/537.36',
  'accept' => 'text/html,application/xhtml+xml,application/xml;q=0.9,image/webp,image/apng,*/*;q=0.8',
  'accept-encoding' => 'gzip, deflate',
  'accept-language' => 'zh-CN,zh;q=0.8',
)
[ info ] [ PARAM ] array (
)
[ info ] [ SESSION ] INIT array (
  'id' => '',
  'var_session_id' => '',
  'prefix' => 'think',
  'type' => '',
  'auto_start' => true,
)
[ info ] [ VIEW ] D:\phpStudy\admin\thinkphp\tpl\dispatch_jump.tpl [ array (
  0 => 'code',
  1 => 'msg',
  2 => 'data',
  3 => 'url',
  4 => 'wait',
) ]
[ info ] [ LOG ] INIT File
---------------------------------------------------------------
[ 2017-08-28T08:12:49+08:00 ] 127.0.0.1 127.0.0.1 GET /admin/user/login.html
[ info ] win.admin.com/admin/user/login.html [运行时间：0.026499s][吞吐率：37.74req/s] [内存消耗：1,278.00kb] [文件加载：35]
[ info ] [ LANG ] D:\phpStudy\admin\thinkphp\lang\zh-cn.php
[ info ] [ ROUTE ] array (
  'type' => 'module',
  'module' => 
  array (
    0 => 'admin',
    1 => 'user',
    2 => 'login',
  ),
)
[ info ] [ HEADER ] array (
  'host' => 'win.admin.com',
  'connection' => 'keep-alive',
  'upgrade-insecure-requests' => '1',
  'user-agent' => 'Mozilla/5.0 (Windows NT 10.0; WOW64) AppleWebKit/537.36 (KHTML, like Gecko) Chrome/60.0.3112.101 Safari/537.36',
  'accept' => 'text/html,application/xhtml+xml,application/xml;q=0.9,image/webp,image/apng,*/*;q=0.8',
  'referer' => 'http://win.admin.com/admin',
  'accept-encoding' => 'gzip, deflate',
  'accept-language' => 'zh-CN,zh;q=0.8',
  'cookie' => 'PHPSESSID=auf57s7uqsottbksed4vmst710',
)
[ info ] [ PARAM ] array (
)
[ info ] [ RUN ] app\admin\controller\User->login[ D:\phpStudy\admin\application\admin\controller\User.php ]
[ info ] [ VIEW ] D:\phpStudy\admin/application/admin\view\user\login.html [ array (
) ]
[ info ] [ LOG ] INIT File
---------------------------------------------------------------
[ 2017-08-28T08:12:49+08:00 ] 127.0.0.1 127.0.0.1 GET /public/static/css/style.css
[ info ] win.admin.com/public/static/css/style.css [运行时间：0.025791s][吞吐率：38.77req/s] [内存消耗：1,024.88kb] [文件加载：30]
[ info ] [ LANG ] D:\phpStudy\admin\thinkphp\lang\zh-cn.php
[ info ] [ ROUTE ] array (
  'type' => 'module',
  'module' => 
  array (
    0 => 'public',
    1 => 'static',
    2 => 'css',
  ),
)
[ info ] [ HEADER ] array (
  'host' => 'win.admin.com',
  'connection' => 'keep-alive',
  'user-agent' => 'Mozilla/5.0 (Windows NT 10.0; WOW64) AppleWebKit/537.36 (KHTML, like Gecko) Chrome/60.0.3112.101 Safari/537.36',
  'accept' => 'text/css,*/*;q=0.1',
  'referer' => 'http://win.admin.com/admin/user/login.html',
  'accept-encoding' => 'gzip, deflate',
  'accept-language' => 'zh-CN,zh;q=0.8',
  'cookie' => 'PHPSESSID=auf57s7uqsottbksed4vmst710',
)
[ info ] [ PARAM ] array (
)
[ info ] [ LOG ] INIT File
---------------------------------------------------------------
[ 2017-08-28T08:12:53+08:00 ] 127.0.0.1 127.0.0.1 POST /admin/user/login.html
[ info ] win.admin.com/admin/user/login.html [运行时间：0.078275s][吞吐率：12.78req/s] [内存消耗：2,327.40kb] [文件加载：48]
[ info ] [ LANG ] D:\phpStudy\admin\thinkphp\lang\zh-cn.php
[ info ] [ ROUTE ] array (
  'type' => 'module',
  'module' => 
  array (
    0 => 'admin',
    1 => 'user',
    2 => 'login',
  ),
)
[ info ] [ HEADER ] array (
  'host' => 'win.admin.com',
  'connection' => 'keep-alive',
  'content-length' => '30',
  'cache-control' => 'max-age=0',
  'origin' => 'http://win.admin.com',
  'upgrade-insecure-requests' => '1',
  'user-agent' => 'Mozilla/5.0 (Windows NT 10.0; WOW64) AppleWebKit/537.36 (KHTML, like Gecko) Chrome/60.0.3112.101 Safari/537.36',
  'content-type' => 'application/x-www-form-urlencoded',
  'accept' => 'text/html,application/xhtml+xml,application/xml;q=0.9,image/webp,image/apng,*/*;q=0.8',
  'referer' => 'http://win.admin.com/admin/user/login.html',
  'accept-encoding' => 'gzip, deflate',
  'accept-language' => 'zh-CN,zh;q=0.8',
  'cookie' => 'PHPSESSID=auf57s7uqsottbksed4vmst710',
)
[ info ] [ PARAM ] array (
  'username' => 'admin',
  'password' => '111111',
)
[ info ] [ RUN ] app\admin\controller\User->login[ D:\phpStudy\admin\application\admin\controller\User.php ]
[ info ] [ DB ] INIT mysql
[ info ] [ CACHE ] INIT File
[ info ] [ SESSION ] INIT array (
  'id' => '',
  'var_session_id' => '',
  'prefix' => 'think',
  'type' => '',
  'auto_start' => true,
)
[ info ] [ VIEW ] D:\phpStudy\admin\thinkphp\tpl\dispatch_jump.tpl [ array (
  0 => 'code',
  1 => 'msg',
  2 => 'data',
  3 => 'url',
  4 => 'wait',
) ]
[ info ] [ LOG ] INIT File
[ sql ] [ DB ] CONNECT:[ UseTime:0.010560s ] mysql:dbname=admin;host=127.0.0.1;port=3306;charset=utf8
[ sql ] [ SQL ] SHOW COLUMNS FROM `sys_admin_user` [ RunTime:0.014198s ]
[ sql ] [ SQL ] SELECT * FROM `sys_admin_user` WHERE  `username` = 'admin'  AND `password` = '96e79218965eb72c92a549dd5a330112' LIMIT 1 [ RunTime:0.000400s ]
[ sql ] [ SQL ] UPDATE `sys_admin_user`  SET `login_time`=1503879173,`ip`='127.0.0.1'  WHERE  `id` = 1 [ RunTime:0.000304s ]
---------------------------------------------------------------
[ 2017-08-28T08:12:54+08:00 ] 127.0.0.1 127.0.0.1 GET /admin/index/index.html
[ info ] win.admin.com/admin/index/index.html [运行时间：0.077084s][吞吐率：12.97req/s] [内存消耗：2,109.40kb] [文件加载：44]
[ info ] [ LANG ] D:\phpStudy\admin\thinkphp\lang\zh-cn.php
[ info ] [ ROUTE ] array (
  'type' => 'module',
  'module' => 
  array (
    0 => 'admin',
    1 => 'index',
    2 => 'index',
  ),
)
[ info ] [ HEADER ] array (
  'host' => 'win.admin.com',
  'connection' => 'keep-alive',
  'upgrade-insecure-requests' => '1',
  'user-agent' => 'Mozilla/5.0 (Windows NT 10.0; WOW64) AppleWebKit/537.36 (KHTML, like Gecko) Chrome/60.0.3112.101 Safari/537.36',
  'accept' => 'text/html,application/xhtml+xml,application/xml;q=0.9,image/webp,image/apng,*/*;q=0.8',
  'referer' => 'http://win.admin.com/admin/user/login.html',
  'accept-encoding' => 'gzip, deflate',
  'accept-language' => 'zh-CN,zh;q=0.8',
  'cookie' => 'PHPSESSID=auf57s7uqsottbksed4vmst710',
)
[ info ] [ PARAM ] array (
)
[ info ] [ SESSION ] INIT array (
  'id' => '',
  'var_session_id' => '',
  'prefix' => 'think',
  'type' => '',
  'auto_start' => true,
)
[ info ] [ DB ] INIT mysql
[ info ] [ RUN ] app\admin\controller\Index->index[ D:\phpStudy\admin\application\admin\controller\Index.php ]
[ info ] [ VIEW ] D:\phpStudy\admin/application/admin\view\index\index.html [ array (
) ]
[ info ] [ LOG ] INIT File
[ sql ] [ DB ] CONNECT:[ UseTime:0.010753s ] mysql:dbname=admin;host=127.0.0.1;port=3306;charset=utf8
[ sql ] [ SQL ] SHOW COLUMNS FROM `sys_admin_role` [ RunTime:0.013338s ]
[ sql ] [ SQL ] SELECT * FROM `sys_admin_role` WHERE  `id` = 6 LIMIT 1 [ RunTime:0.000336s ]
[ sql ] [ SQL ] SHOW COLUMNS FROM `sys_privilege_src` [ RunTime:0.013792s ]
[ sql ] [ SQL ] SELECT * FROM `sys_privilege_src` WHERE  `id` IN (1,2,3,4,5,6,7,21,22,26,27,28,29,30,35,36,8,9,10,11,12,13,14,15,31,32,33,34,37,38,39,40,41,16,17,25,19,20) [ RunTime:0.000828s ]
---------------------------------------------------------------
[ 2017-08-28T08:12:54+08:00 ] 127.0.0.1 127.0.0.1 GET //admin/index/welcome
[ info ] win.admin.com//admin/index/welcome [运行时间：0.033131s][吞吐率：30.18req/s] [内存消耗：1,340.31kb] [文件加载：37]
[ info ] [ LANG ] D:\phpStudy\admin\thinkphp\lang\zh-cn.php
[ info ] [ ROUTE ] array (
  'type' => 'module',
  'module' => 
  array (
    0 => 'admin',
    1 => 'index',
    2 => 'welcome',
  ),
)
[ info ] [ HEADER ] array (
  'host' => 'win.admin.com',
  'connection' => 'keep-alive',
  'upgrade-insecure-requests' => '1',
  'user-agent' => 'Mozilla/5.0 (Windows NT 10.0; WOW64) AppleWebKit/537.36 (KHTML, like Gecko) Chrome/60.0.3112.101 Safari/537.36',
  'accept' => 'text/html,application/xhtml+xml,application/xml;q=0.9,image/webp,image/apng,*/*;q=0.8',
  'referer' => 'http://win.admin.com/admin/index/index.html',
  'accept-encoding' => 'gzip, deflate',
  'accept-language' => 'zh-CN,zh;q=0.8',
  'cookie' => 'PHPSESSID=auf57s7uqsottbksed4vmst710; currentmoduleName=%E6%AC%A2%E8%BF%8E%E9%A1%B5; currentmoduleId=10008',
)
[ info ] [ PARAM ] array (
)
[ info ] [ SESSION ] INIT array (
  'id' => '',
  'var_session_id' => '',
  'prefix' => 'think',
  'type' => '',
  'auto_start' => true,
)
[ info ] [ RUN ] app\admin\controller\Index->welcome[ D:\phpStudy\admin\application\admin\controller\Index.php ]
[ info ] [ VIEW ] D:\phpStudy\admin/application/admin\view\index\welcome.html [ array (
  0 => 'server',
) ]
[ info ] [ LOG ] INIT File
---------------------------------------------------------------
[ 2017-08-28T08:12:54+08:00 ] 127.0.0.1 127.0.0.1 POST /admin/index/menu
[ info ] win.admin.com/admin/index/menu [运行时间：0.034379s][吞吐率：29.09req/s] [内存消耗：1,356.16kb] [文件加载：38]
[ info ] [ LANG ] D:\phpStudy\admin\thinkphp\lang\zh-cn.php
[ info ] [ ROUTE ] array (
  'type' => 'module',
  'module' => 
  array (
    0 => 'admin',
    1 => 'index',
    2 => 'menu',
  ),
)
[ info ] [ HEADER ] array (
  'host' => 'win.admin.com',
  'connection' => 'keep-alive',
  'content-length' => '0',
  'accept' => 'application/json, text/javascript, */*; q=0.01',
  'origin' => 'http://win.admin.com',
  'x-requested-with' => 'XMLHttpRequest',
  'user-agent' => 'Mozilla/5.0 (Windows NT 10.0; WOW64) AppleWebKit/537.36 (KHTML, like Gecko) Chrome/60.0.3112.101 Safari/537.36',
  'referer' => 'http://win.admin.com/admin/index/index.html',
  'accept-encoding' => 'gzip, deflate',
  'accept-language' => 'zh-CN,zh;q=0.8',
  'cookie' => 'PHPSESSID=auf57s7uqsottbksed4vmst710; currentmoduleName=%E6%AC%A2%E8%BF%8E%E9%A1%B5; currentmoduleId=10008',
)
[ info ] [ PARAM ] array (
)
[ info ] [ SESSION ] INIT array (
  'id' => '',
  'var_session_id' => '',
  'prefix' => 'think',
  'type' => '',
  'auto_start' => true,
)
[ info ] [ RUN ] app\admin\controller\Index->menu[ D:\phpStudy\admin\application\admin\controller\Index.php ]
[ info ] [ LOG ] INIT File
---------------------------------------------------------------
[ 2017-08-28T08:12:59+08:00 ] 127.0.0.1 127.0.0.1 GET //admin/system/setting
[ info ] win.admin.com//admin/system/setting [运行时间：0.103629s][吞吐率：9.65req/s] [内存消耗：2,064.81kb] [文件加载：44]
[ info ] [ LANG ] D:\phpStudy\admin\thinkphp\lang\zh-cn.php
[ info ] [ ROUTE ] array (
  'type' => 'module',
  'module' => 
  array (
    0 => 'admin',
    1 => 'system',
    2 => 'setting',
  ),
)
[ info ] [ HEADER ] array (
  'host' => 'win.admin.com',
  'connection' => 'keep-alive',
  'upgrade-insecure-requests' => '1',
  'user-agent' => 'Mozilla/5.0 (Windows NT 10.0; WOW64) AppleWebKit/537.36 (KHTML, like Gecko) Chrome/60.0.3112.101 Safari/537.36',
  'accept' => 'text/html,application/xhtml+xml,application/xml;q=0.9,image/webp,image/apng,*/*;q=0.8',
  'referer' => 'http://win.admin.com/admin/index/index.html',
  'accept-encoding' => 'gzip, deflate',
  'accept-language' => 'zh-CN,zh;q=0.8',
  'cookie' => 'PHPSESSID=auf57s7uqsottbksed4vmst710; currentmoduleName=%E8%AE%BE%E7%BD%AE; currentmoduleId=100001',
)
[ info ] [ PARAM ] array (
)
[ info ] [ SESSION ] INIT array (
  'id' => '',
  'var_session_id' => '',
  'prefix' => 'think',
  'type' => '',
  'auto_start' => true,
)
[ info ] [ RUN ] app\admin\controller\System->setting[ D:\phpStudy\admin\application\admin\controller\System.php ]
[ info ] [ DB ] INIT mysql
[ info ] [ VIEW ] D:\phpStudy\admin/application/admin\view\system\setting.html [ array (
  0 => 'control',
  1 => 'action',
  2 => 'setting_info',
) ]
[ info ] [ LOG ] INIT File
[ sql ] [ DB ] CONNECT:[ UseTime:0.011494s ] mysql:dbname=admin;host=127.0.0.1;port=3306;charset=utf8
[ sql ] [ SQL ] SHOW COLUMNS FROM `sys_setting` [ RunTime:0.037313s ]
[ sql ] [ SQL ] SELECT * FROM `sys_setting` [ RunTime:0.000323s ]
---------------------------------------------------------------
[ 2017-08-28T08:13:05+08:00 ] 127.0.0.1 127.0.0.1 GET //admin/goods/goods_cat_lst
[ info ] win.admin.com//admin/goods/goods_cat_lst [运行时间：0.055876s][吞吐率：17.90req/s] [内存消耗：2,192.09kb] [文件加载：44]
[ info ] [ LANG ] D:\phpStudy\admin\thinkphp\lang\zh-cn.php
[ info ] [ ROUTE ] array (
  'type' => 'module',
  'module' => 
  array (
    0 => 'admin',
    1 => 'goods',
    2 => 'goods_cat_lst',
  ),
)
[ info ] [ HEADER ] array (
  'host' => 'win.admin.com',
  'connection' => 'keep-alive',
  'upgrade-insecure-requests' => '1',
  'user-agent' => 'Mozilla/5.0 (Windows NT 10.0; WOW64) AppleWebKit/537.36 (KHTML, like Gecko) Chrome/60.0.3112.101 Safari/537.36',
  'accept' => 'text/html,application/xhtml+xml,application/xml;q=0.9,image/webp,image/apng,*/*;q=0.8',
  'referer' => 'http://win.admin.com/admin/index/index.html',
  'accept-encoding' => 'gzip, deflate',
  'accept-language' => 'zh-CN,zh;q=0.8',
  'cookie' => 'PHPSESSID=auf57s7uqsottbksed4vmst710; currentmoduleName=%E5%95%86%E5%93%81%E5%88%86%E7%B1%BB; currentmoduleId=100011',
)
[ info ] [ PARAM ] array (
)
[ info ] [ SESSION ] INIT array (
  'id' => '',
  'var_session_id' => '',
  'prefix' => 'think',
  'type' => '',
  'auto_start' => true,
)
[ info ] [ RUN ] app\admin\controller\Goods->goods_cat_lst[ D:\phpStudy\admin\application\admin\controller\Goods.php ]
[ info ] [ DB ] INIT mysql
[ info ] [ VIEW ] D:\phpStudy\admin/application/admin\view\goods\goods_cat_lst.html [ array (
  0 => 'control',
  1 => 'action',
  2 => 'cat_info',
  3 => 'tree',
) ]
[ info ] [ LOG ] INIT File
[ sql ] [ DB ] CONNECT:[ UseTime:0.010477s ] mysql:dbname=admin;host=127.0.0.1;port=3306;charset=utf8
[ sql ] [ SQL ] SHOW COLUMNS FROM `sys_goods_cat` [ RunTime:0.014946s ]
[ sql ] [ SQL ] SELECT * FROM `sys_goods_cat` [ RunTime:0.000401s ]
---------------------------------------------------------------
[ 2017-08-28T08:13:08+08:00 ] 127.0.0.1 127.0.0.1 GET //admin/goods/goods_lst
[ info ] win.admin.com//admin/goods/goods_lst [运行时间：0.071401s][吞吐率：14.01req/s] [内存消耗：2,284.66kb] [文件加载：47]
[ info ] [ LANG ] D:\phpStudy\admin\thinkphp\lang\zh-cn.php
[ info ] [ ROUTE ] array (
  'type' => 'module',
  'module' => 
  array (
    0 => 'admin',
    1 => 'goods',
    2 => 'goods_lst',
  ),
)
[ info ] [ HEADER ] array (
  'host' => 'win.admin.com',
  'connection' => 'keep-alive',
  'upgrade-insecure-requests' => '1',
  'user-agent' => 'Mozilla/5.0 (Windows NT 10.0; WOW64) AppleWebKit/537.36 (KHTML, like Gecko) Chrome/60.0.3112.101 Safari/537.36',
  'accept' => 'text/html,application/xhtml+xml,application/xml;q=0.9,image/webp,image/apng,*/*;q=0.8',
  'referer' => 'http://win.admin.com/admin/index/index.html',
  'accept-encoding' => 'gzip, deflate',
  'accept-language' => 'zh-CN,zh;q=0.8',
  'cookie' => 'PHPSESSID=auf57s7uqsottbksed4vmst710; currentmoduleName=%E5%95%86%E5%93%81%E5%88%97%E8%A1%A8; currentmoduleId=100012',
)
[ info ] [ PARAM ] array (
)
[ info ] [ SESSION ] INIT array (
  'id' => '',
  'var_session_id' => '',
  'prefix' => 'think',
  'type' => '',
  'auto_start' => true,
)
[ info ] [ RUN ] app\admin\controller\Goods->goods_lst[ D:\phpStudy\admin\application\admin\controller\Goods.php ]
[ info ] [ DB ] INIT mysql
[ info ] [ VIEW ] D:\phpStudy\admin/application/admin\view\goods\goods_lst.html [ array (
  0 => 'control',
  1 => 'action',
  2 => 'list',
) ]
[ info ] [ LOG ] INIT File
[ sql ] [ DB ] CONNECT:[ UseTime:0.010639s ] mysql:dbname=admin;host=127.0.0.1;port=3306;charset=utf8
[ sql ] [ SQL ] SHOW COLUMNS FROM `sys_setting` [ RunTime:0.013876s ]
[ sql ] [ SQL ] SELECT * FROM `sys_setting` WHERE  `name` = 'admin_pagesize' LIMIT 1 [ RunTime:0.000309s ]
[ sql ] [ SQL ] SELECT * FROM `sys_setting` WHERE  `name` = 'admin_pagesize' LIMIT 1 [ RunTime:0.000303s ]
[ sql ] [ SQL ] SHOW COLUMNS FROM `sys_goods` [ RunTime:0.015096s ]
[ sql ] [ SQL ] SELECT COUNT(*) AS tp_count FROM `sys_goods` LIMIT 1 [ RunTime:0.000302s ]
[ sql ] [ SQL ] SELECT * FROM `sys_goods` ORDER BY goods_id desc LIMIT 0,8 [ RunTime:0.000578s ]
---------------------------------------------------------------
[ 2017-08-28T08:13:11+08:00 ] 127.0.0.1 127.0.0.1 GET /admin/goods/goods_lst?page=2
[ info ] win.admin.com/admin/goods/goods_lst?page=2 [运行时间：0.067311s][吞吐率：14.86req/s] [内存消耗：2,277.45kb] [文件加载：47]
[ info ] [ LANG ] D:\phpStudy\admin\thinkphp\lang\zh-cn.php
[ info ] [ ROUTE ] array (
  'type' => 'module',
  'module' => 
  array (
    0 => 'admin',
    1 => 'goods',
    2 => 'goods_lst',
  ),
)
[ info ] [ HEADER ] array (
  'host' => 'win.admin.com',
  'connection' => 'keep-alive',
  'upgrade-insecure-requests' => '1',
  'user-agent' => 'Mozilla/5.0 (Windows NT 10.0; WOW64) AppleWebKit/537.36 (KHTML, like Gecko) Chrome/60.0.3112.101 Safari/537.36',
  'accept' => 'text/html,application/xhtml+xml,application/xml;q=0.9,image/webp,image/apng,*/*;q=0.8',
  'referer' => 'http://win.admin.com//admin/goods/goods_lst',
  'accept-encoding' => 'gzip, deflate',
  'accept-language' => 'zh-CN,zh;q=0.8',
  'cookie' => 'PHPSESSID=auf57s7uqsottbksed4vmst710; currentmoduleName=%E5%95%86%E5%93%81%E5%88%97%E8%A1%A8; currentmoduleId=100012',
)
[ info ] [ PARAM ] array (
  'page' => '2',
)
[ info ] [ SESSION ] INIT array (
  'id' => '',
  'var_session_id' => '',
  'prefix' => 'think',
  'type' => '',
  'auto_start' => true,
)
[ info ] [ RUN ] app\admin\controller\Goods->goods_lst[ D:\phpStudy\admin\application\admin\controller\Goods.php ]
[ info ] [ DB ] INIT mysql
[ info ] [ VIEW ] D:\phpStudy\admin/application/admin\view\goods\goods_lst.html [ array (
  0 => 'control',
  1 => 'action',
  2 => 'list',
) ]
[ info ] [ LOG ] INIT File
[ sql ] [ DB ] CONNECT:[ UseTime:0.009740s ] mysql:dbname=admin;host=127.0.0.1;port=3306;charset=utf8
[ sql ] [ SQL ] SHOW COLUMNS FROM `sys_setting` [ RunTime:0.012944s ]
[ sql ] [ SQL ] SELECT * FROM `sys_setting` WHERE  `name` = 'admin_pagesize' LIMIT 1 [ RunTime:0.000336s ]
[ sql ] [ SQL ] SELECT * FROM `sys_setting` WHERE  `name` = 'admin_pagesize' LIMIT 1 [ RunTime:0.000261s ]
[ sql ] [ SQL ] SHOW COLUMNS FROM `sys_goods` [ RunTime:0.013105s ]
[ sql ] [ SQL ] SELECT COUNT(*) AS tp_count FROM `sys_goods` LIMIT 1 [ RunTime:0.000260s ]
[ sql ] [ SQL ] SELECT * FROM `sys_goods` ORDER BY goods_id desc LIMIT 8,8 [ RunTime:0.000333s ]
---------------------------------------------------------------
[ 2017-08-28T08:13:12+08:00 ] 127.0.0.1 127.0.0.1 GET /admin/goods/goods_lst?page=1
[ info ] win.admin.com/admin/goods/goods_lst?page=1 [运行时间：0.065656s][吞吐率：15.23req/s] [内存消耗：2,284.98kb] [文件加载：47]
[ info ] [ LANG ] D:\phpStudy\admin\thinkphp\lang\zh-cn.php
[ info ] [ ROUTE ] array (
  'type' => 'module',
  'module' => 
  array (
    0 => 'admin',
    1 => 'goods',
    2 => 'goods_lst',
  ),
)
[ info ] [ HEADER ] array (
  'host' => 'win.admin.com',
  'connection' => 'keep-alive',
  'upgrade-insecure-requests' => '1',
  'user-agent' => 'Mozilla/5.0 (Windows NT 10.0; WOW64) AppleWebKit/537.36 (KHTML, like Gecko) Chrome/60.0.3112.101 Safari/537.36',
  'accept' => 'text/html,application/xhtml+xml,application/xml;q=0.9,image/webp,image/apng,*/*;q=0.8',
  'referer' => 'http://win.admin.com/admin/goods/goods_lst?page=2',
  'accept-encoding' => 'gzip, deflate',
  'accept-language' => 'zh-CN,zh;q=0.8',
  'cookie' => 'PHPSESSID=auf57s7uqsottbksed4vmst710; currentmoduleName=%E5%95%86%E5%93%81%E5%88%97%E8%A1%A8; currentmoduleId=100012',
)
[ info ] [ PARAM ] array (
  'page' => '1',
)
[ info ] [ SESSION ] INIT array (
  'id' => '',
  'var_session_id' => '',
  'prefix' => 'think',
  'type' => '',
  'auto_start' => true,
)
[ info ] [ RUN ] app\admin\controller\Goods->goods_lst[ D:\phpStudy\admin\application\admin\controller\Goods.php ]
[ info ] [ DB ] INIT mysql
[ info ] [ VIEW ] D:\phpStudy\admin/application/admin\view\goods\goods_lst.html [ array (
  0 => 'control',
  1 => 'action',
  2 => 'list',
) ]
[ info ] [ LOG ] INIT File
[ sql ] [ DB ] CONNECT:[ UseTime:0.009951s ] mysql:dbname=admin;host=127.0.0.1;port=3306;charset=utf8
[ sql ] [ SQL ] SHOW COLUMNS FROM `sys_setting` [ RunTime:0.013404s ]
[ sql ] [ SQL ] SELECT * FROM `sys_setting` WHERE  `name` = 'admin_pagesize' LIMIT 1 [ RunTime:0.000314s ]
[ sql ] [ SQL ] SELECT * FROM `sys_setting` WHERE  `name` = 'admin_pagesize' LIMIT 1 [ RunTime:0.000317s ]
[ sql ] [ SQL ] SHOW COLUMNS FROM `sys_goods` [ RunTime:0.012982s ]
[ sql ] [ SQL ] SELECT COUNT(*) AS tp_count FROM `sys_goods` LIMIT 1 [ RunTime:0.000209s ]
[ sql ] [ SQL ] SELECT * FROM `sys_goods` ORDER BY goods_id desc LIMIT 0,8 [ RunTime:0.000345s ]
---------------------------------------------------------------
[ 2017-08-28T08:13:14+08:00 ] 127.0.0.1 127.0.0.1 GET //admin/goods/goods_brand_lst
[ info ] win.admin.com//admin/goods/goods_brand_lst [运行时间：0.071783s][吞吐率：13.93req/s] [内存消耗：2,269.17kb] [文件加载：47]
[ info ] [ LANG ] D:\phpStudy\admin\thinkphp\lang\zh-cn.php
[ info ] [ ROUTE ] array (
  'type' => 'module',
  'module' => 
  array (
    0 => 'admin',
    1 => 'goods',
    2 => 'goods_brand_lst',
  ),
)
[ info ] [ HEADER ] array (
  'host' => 'win.admin.com',
  'connection' => 'keep-alive',
  'upgrade-insecure-requests' => '1',
  'user-agent' => 'Mozilla/5.0 (Windows NT 10.0; WOW64) AppleWebKit/537.36 (KHTML, like Gecko) Chrome/60.0.3112.101 Safari/537.36',
  'accept' => 'text/html,application/xhtml+xml,application/xml;q=0.9,image/webp,image/apng,*/*;q=0.8',
  'referer' => 'http://win.admin.com/admin/index/index.html',
  'accept-encoding' => 'gzip, deflate',
  'accept-language' => 'zh-CN,zh;q=0.8',
  'cookie' => 'PHPSESSID=auf57s7uqsottbksed4vmst710; currentmoduleName=%E5%93%81%E7%89%8C%E5%88%97%E8%A1%A8; currentmoduleId=100013',
)
[ info ] [ PARAM ] array (
)
[ info ] [ SESSION ] INIT array (
  'id' => '',
  'var_session_id' => '',
  'prefix' => 'think',
  'type' => '',
  'auto_start' => true,
)
[ info ] [ RUN ] app\admin\controller\Goods->goods_brand_lst[ D:\phpStudy\admin\application\admin\controller\Goods.php ]
[ info ] [ DB ] INIT mysql
[ info ] [ VIEW ] D:\phpStudy\admin/application/admin\view\goods\goods_brand_lst.html [ array (
  0 => 'control',
  1 => 'action',
  2 => 'list',
) ]
[ info ] [ LOG ] INIT File
[ sql ] [ DB ] CONNECT:[ UseTime:0.010761s ] mysql:dbname=admin;host=127.0.0.1;port=3306;charset=utf8
[ sql ] [ SQL ] SHOW COLUMNS FROM `sys_setting` [ RunTime:0.014412s ]
[ sql ] [ SQL ] SELECT * FROM `sys_setting` WHERE  `name` = 'admin_pagesize' LIMIT 1 [ RunTime:0.000354s ]
[ sql ] [ SQL ] SELECT * FROM `sys_setting` WHERE  `name` = 'admin_pagesize' LIMIT 1 [ RunTime:0.000289s ]
[ sql ] [ SQL ] SHOW COLUMNS FROM `sys_goods_brand` [ RunTime:0.014896s ]
[ sql ] [ SQL ] SELECT COUNT(*) AS tp_count FROM `sys_goods_brand` LIMIT 1 [ RunTime:0.000288s ]
[ sql ] [ SQL ] SELECT * FROM `sys_goods_brand` LIMIT 0,8 [ RunTime:0.000395s ]
---------------------------------------------------------------
[ 2017-08-28T08:13:16+08:00 ] 127.0.0.1 127.0.0.1 GET //admin/goods/goods_type_lst
[ info ] win.admin.com//admin/goods/goods_type_lst [运行时间：0.060297s][吞吐率：16.58req/s] [内存消耗：2,265.40kb] [文件加载：47]
[ info ] [ LANG ] D:\phpStudy\admin\thinkphp\lang\zh-cn.php
[ info ] [ ROUTE ] array (
  'type' => 'module',
  'module' => 
  array (
    0 => 'admin',
    1 => 'goods',
    2 => 'goods_type_lst',
  ),
)
[ info ] [ HEADER ] array (
  'host' => 'win.admin.com',
  'connection' => 'keep-alive',
  'upgrade-insecure-requests' => '1',
  'user-agent' => 'Mozilla/5.0 (Windows NT 10.0; WOW64) AppleWebKit/537.36 (KHTML, like Gecko) Chrome/60.0.3112.101 Safari/537.36',
  'accept' => 'text/html,application/xhtml+xml,application/xml;q=0.9,image/webp,image/apng,*/*;q=0.8',
  'referer' => 'http://win.admin.com/admin/index/index.html',
  'accept-encoding' => 'gzip, deflate',
  'accept-language' => 'zh-CN,zh;q=0.8',
  'cookie' => 'PHPSESSID=auf57s7uqsottbksed4vmst710; currentmoduleName=%E7%B1%BB%E5%9E%8B%E5%88%97%E8%A1%A8; currentmoduleId=100014',
)
[ info ] [ PARAM ] array (
)
[ info ] [ SESSION ] INIT array (
  'id' => '',
  'var_session_id' => '',
  'prefix' => 'think',
  'type' => '',
  'auto_start' => true,
)
[ info ] [ RUN ] app\admin\controller\Goods->goods_type_lst[ D:\phpStudy\admin\application\admin\controller\Goods.php ]
[ info ] [ DB ] INIT mysql
[ info ] [ VIEW ] D:\phpStudy\admin/application/admin\view\goods\goods_type_lst.html [ array (
  0 => 'control',
  1 => 'action',
  2 => 'list',
) ]
[ info ] [ LOG ] INIT File
[ sql ] [ DB ] CONNECT:[ UseTime:0.000616s ] mysql:dbname=admin;host=127.0.0.1;port=3306;charset=utf8
[ sql ] [ SQL ] SHOW COLUMNS FROM `sys_setting` [ RunTime:0.013892s ]
[ sql ] [ SQL ] SELECT * FROM `sys_setting` WHERE  `name` = 'admin_pagesize' LIMIT 1 [ RunTime:0.000308s ]
[ sql ] [ SQL ] SELECT * FROM `sys_setting` WHERE  `name` = 'admin_pagesize' LIMIT 1 [ RunTime:0.000220s ]
[ sql ] [ SQL ] SHOW COLUMNS FROM `sys_goods_type` [ RunTime:0.015152s ]
[ sql ] [ SQL ] SELECT COUNT(*) AS tp_count FROM `sys_goods_type` LIMIT 1 [ RunTime:0.000196s ]
[ sql ] [ SQL ] SELECT * FROM `sys_goods_type` LIMIT 0,8 [ RunTime:0.000266s ]
---------------------------------------------------------------
[ 2017-08-28T08:13:25+08:00 ] 127.0.0.1 127.0.0.1 GET //admin/goods/goods_type_lst
[ info ] win.admin.com//admin/goods/goods_type_lst [运行时间：0.064758s][吞吐率：15.44req/s] [内存消耗：2,265.52kb] [文件加载：47]
[ info ] [ LANG ] D:\phpStudy\admin\thinkphp\lang\zh-cn.php
[ info ] [ ROUTE ] array (
  'type' => 'module',
  'module' => 
  array (
    0 => 'admin',
    1 => 'goods',
    2 => 'goods_type_lst',
  ),
)
[ info ] [ HEADER ] array (
  'host' => 'win.admin.com',
  'connection' => 'keep-alive',
  'cache-control' => 'max-age=0',
  'upgrade-insecure-requests' => '1',
  'user-agent' => 'Mozilla/5.0 (Windows NT 10.0; WOW64) AppleWebKit/537.36 (KHTML, like Gecko) Chrome/60.0.3112.101 Safari/537.36',
  'accept' => 'text/html,application/xhtml+xml,application/xml;q=0.9,image/webp,image/apng,*/*;q=0.8',
  'referer' => 'http://win.admin.com/admin/index/index.html',
  'accept-encoding' => 'gzip, deflate',
  'accept-language' => 'zh-CN,zh;q=0.8',
  'cookie' => 'PHPSESSID=auf57s7uqsottbksed4vmst710; currentmoduleName=%E7%B1%BB%E5%9E%8B%E5%88%97%E8%A1%A8; currentmoduleId=100014',
)
[ info ] [ PARAM ] array (
)
[ info ] [ SESSION ] INIT array (
  'id' => '',
  'var_session_id' => '',
  'prefix' => 'think',
  'type' => '',
  'auto_start' => true,
)
[ info ] [ RUN ] app\admin\controller\Goods->goods_type_lst[ D:\phpStudy\admin\application\admin\controller\Goods.php ]
[ info ] [ DB ] INIT mysql
[ info ] [ VIEW ] D:\phpStudy\admin/application/admin\view\goods\goods_type_lst.html [ array (
  0 => 'control',
  1 => 'action',
  2 => 'list',
) ]
[ info ] [ LOG ] INIT File
[ sql ] [ DB ] CONNECT:[ UseTime:0.010481s ] mysql:dbname=admin;host=127.0.0.1;port=3306;charset=utf8
[ sql ] [ SQL ] SHOW COLUMNS FROM `sys_setting` [ RunTime:0.013105s ]
[ sql ] [ SQL ] SELECT * FROM `sys_setting` WHERE  `name` = 'admin_pagesize' LIMIT 1 [ RunTime:0.000277s ]
[ sql ] [ SQL ] SELECT * FROM `sys_setting` WHERE  `name` = 'admin_pagesize' LIMIT 1 [ RunTime:0.000275s ]
[ sql ] [ SQL ] SHOW COLUMNS FROM `sys_goods_type` [ RunTime:0.012288s ]
[ sql ] [ SQL ] SELECT COUNT(*) AS tp_count FROM `sys_goods_type` LIMIT 1 [ RunTime:0.000173s ]
[ sql ] [ SQL ] SELECT * FROM `sys_goods_type` LIMIT 0,8 [ RunTime:0.000197s ]
---------------------------------------------------------------
[ 2017-08-28T08:13:26+08:00 ] 127.0.0.1 127.0.0.1 GET /admin/goods/goods_type_add
[ info ] win.admin.com/admin/goods/goods_type_add [运行时间：0.018853s][吞吐率：53.04req/s] [内存消耗：1,413.95kb] [文件加载：37]
[ info ] [ LANG ] D:\phpStudy\admin\thinkphp\lang\zh-cn.php
[ info ] [ ROUTE ] array (
  'type' => 'module',
  'module' => 
  array (
    0 => 'admin',
    1 => 'goods',
    2 => 'goods_type_add',
  ),
)
[ info ] [ HEADER ] array (
  'host' => 'win.admin.com',
  'connection' => 'keep-alive',
  'upgrade-insecure-requests' => '1',
  'user-agent' => 'Mozilla/5.0 (Windows NT 10.0; WOW64) AppleWebKit/537.36 (KHTML, like Gecko) Chrome/60.0.3112.101 Safari/537.36',
  'accept' => 'text/html,application/xhtml+xml,application/xml;q=0.9,image/webp,image/apng,*/*;q=0.8',
  'referer' => 'http://win.admin.com//admin/goods/goods_type_lst',
  'accept-encoding' => 'gzip, deflate',
  'accept-language' => 'zh-CN,zh;q=0.8',
  'cookie' => 'PHPSESSID=auf57s7uqsottbksed4vmst710; currentmoduleName=%E7%B1%BB%E5%9E%8B%E5%88%97%E8%A1%A8; currentmoduleId=100014',
)
[ info ] [ PARAM ] array (
)
[ info ] [ SESSION ] INIT array (
  'id' => '',
  'var_session_id' => '',
  'prefix' => 'think',
  'type' => '',
  'auto_start' => true,
)
[ info ] [ RUN ] app\admin\controller\Goods->goods_type_add[ D:\phpStudy\admin\application\admin\controller\Goods.php ]
[ info ] [ VIEW ] D:\phpStudy\admin/application/admin\view\goods\goods_type_add.html [ array (
  0 => 'control',
  1 => 'action',
) ]
[ info ] [ LOG ] INIT File
---------------------------------------------------------------
[ 2017-08-28T08:13:28+08:00 ] 127.0.0.1 127.0.0.1 GET //admin/goods/goods_type_lst
[ info ] win.admin.com//admin/goods/goods_type_lst [运行时间：0.063507s][吞吐率：15.75req/s] [内存消耗：2,265.40kb] [文件加载：47]
[ info ] [ LANG ] D:\phpStudy\admin\thinkphp\lang\zh-cn.php
[ info ] [ ROUTE ] array (
  'type' => 'module',
  'module' => 
  array (
    0 => 'admin',
    1 => 'goods',
    2 => 'goods_type_lst',
  ),
)
[ info ] [ HEADER ] array (
  'host' => 'win.admin.com',
  'connection' => 'keep-alive',
  'upgrade-insecure-requests' => '1',
  'user-agent' => 'Mozilla/5.0 (Windows NT 10.0; WOW64) AppleWebKit/537.36 (KHTML, like Gecko) Chrome/60.0.3112.101 Safari/537.36',
  'accept' => 'text/html,application/xhtml+xml,application/xml;q=0.9,image/webp,image/apng,*/*;q=0.8',
  'referer' => 'http://win.admin.com/admin/index/index.html',
  'accept-encoding' => 'gzip, deflate',
  'accept-language' => 'zh-CN,zh;q=0.8',
  'cookie' => 'PHPSESSID=auf57s7uqsottbksed4vmst710; currentmoduleName=%E7%B1%BB%E5%9E%8B%E5%88%97%E8%A1%A8; currentmoduleId=100014',
)
[ info ] [ PARAM ] array (
)
[ info ] [ SESSION ] INIT array (
  'id' => '',
  'var_session_id' => '',
  'prefix' => 'think',
  'type' => '',
  'auto_start' => true,
)
[ info ] [ RUN ] app\admin\controller\Goods->goods_type_lst[ D:\phpStudy\admin\application\admin\controller\Goods.php ]
[ info ] [ DB ] INIT mysql
[ info ] [ VIEW ] D:\phpStudy\admin/application/admin\view\goods\goods_type_lst.html [ array (
  0 => 'control',
  1 => 'action',
  2 => 'list',
) ]
[ info ] [ LOG ] INIT File
[ sql ] [ DB ] CONNECT:[ UseTime:0.010565s ] mysql:dbname=admin;host=127.0.0.1;port=3306;charset=utf8
[ sql ] [ SQL ] SHOW COLUMNS FROM `sys_setting` [ RunTime:0.012377s ]
[ sql ] [ SQL ] SELECT * FROM `sys_setting` WHERE  `name` = 'admin_pagesize' LIMIT 1 [ RunTime:0.000321s ]
[ sql ] [ SQL ] SELECT * FROM `sys_setting` WHERE  `name` = 'admin_pagesize' LIMIT 1 [ RunTime:0.000275s ]
[ sql ] [ SQL ] SHOW COLUMNS FROM `sys_goods_type` [ RunTime:0.012984s ]
[ sql ] [ SQL ] SELECT COUNT(*) AS tp_count FROM `sys_goods_type` LIMIT 1 [ RunTime:0.000268s ]
[ sql ] [ SQL ] SELECT * FROM `sys_goods_type` LIMIT 0,8 [ RunTime:0.000272s ]
---------------------------------------------------------------
[ 2017-08-28T08:13:32+08:00 ] 127.0.0.1 127.0.0.1 GET //admin/goods/goods_attr_lst
[ info ] win.admin.com//admin/goods/goods_attr_lst [运行时间：0.019064s][吞吐率：52.46req/s] [内存消耗：1,413.84kb] [文件加载：37]
[ info ] [ LANG ] D:\phpStudy\admin\thinkphp\lang\zh-cn.php
[ info ] [ ROUTE ] array (
  'type' => 'module',
  'module' => 
  array (
    0 => 'admin',
    1 => 'goods',
    2 => 'goods_attr_lst',
  ),
)
[ info ] [ HEADER ] array (
  'host' => 'win.admin.com',
  'connection' => 'keep-alive',
  'upgrade-insecure-requests' => '1',
  'user-agent' => 'Mozilla/5.0 (Windows NT 10.0; WOW64) AppleWebKit/537.36 (KHTML, like Gecko) Chrome/60.0.3112.101 Safari/537.36',
  'accept' => 'text/html,application/xhtml+xml,application/xml;q=0.9,image/webp,image/apng,*/*;q=0.8',
  'referer' => 'http://win.admin.com/admin/index/index.html',
  'accept-encoding' => 'gzip, deflate',
  'accept-language' => 'zh-CN,zh;q=0.8',
  'cookie' => 'PHPSESSID=auf57s7uqsottbksed4vmst710; currentmoduleName=%E5%B1%9E%E6%80%A7%E5%88%97%E8%A1%A8; currentmoduleId=100015',
)
[ info ] [ PARAM ] array (
)
[ info ] [ SESSION ] INIT array (
  'id' => '',
  'var_session_id' => '',
  'prefix' => 'think',
  'type' => '',
  'auto_start' => true,
)
[ info ] [ RUN ] app\admin\controller\Goods->goods_attr_lst[ D:\phpStudy\admin\application\admin\controller\Goods.php ]
[ info ] [ VIEW ] D:\phpStudy\admin/application/admin\view\goods\goods_attr_lst.html [ array (
  0 => 'control',
  1 => 'action',
) ]
[ info ] [ LOG ] INIT File
---------------------------------------------------------------
[ 2017-08-28T08:13:34+08:00 ] 127.0.0.1 127.0.0.1 GET /admin/goods/goods_add
[ info ] win.admin.com/admin/goods/goods_add [运行时间：0.060413s][吞吐率：16.55req/s] [内存消耗：2,169.98kb] [文件加载：44]
[ info ] [ LANG ] D:\phpStudy\admin\thinkphp\lang\zh-cn.php
[ info ] [ ROUTE ] array (
  'type' => 'module',
  'module' => 
  array (
    0 => 'admin',
    1 => 'goods',
    2 => 'goods_add',
  ),
)
[ info ] [ HEADER ] array (
  'host' => 'win.admin.com',
  'connection' => 'keep-alive',
  'upgrade-insecure-requests' => '1',
  'user-agent' => 'Mozilla/5.0 (Windows NT 10.0; WOW64) AppleWebKit/537.36 (KHTML, like Gecko) Chrome/60.0.3112.101 Safari/537.36',
  'accept' => 'text/html,application/xhtml+xml,application/xml;q=0.9,image/webp,image/apng,*/*;q=0.8',
  'referer' => 'http://win.admin.com//admin/goods/goods_attr_lst',
  'accept-encoding' => 'gzip, deflate',
  'accept-language' => 'zh-CN,zh;q=0.8',
  'cookie' => 'PHPSESSID=auf57s7uqsottbksed4vmst710; currentmoduleName=%E5%B1%9E%E6%80%A7%E5%88%97%E8%A1%A8; currentmoduleId=100015',
)
[ info ] [ PARAM ] array (
)
[ info ] [ SESSION ] INIT array (
  'id' => '',
  'var_session_id' => '',
  'prefix' => 'think',
  'type' => '',
  'auto_start' => true,
)
[ info ] [ RUN ] app\admin\controller\Goods->goods_add[ D:\phpStudy\admin\application\admin\controller\Goods.php ]
[ info ] [ DB ] INIT mysql
[ info ] [ VIEW ] D:\phpStudy\admin/application/admin\view\goods\goods_add.html [ array (
  0 => 'control',
  1 => 'action',
  2 => 'cat_info',
  3 => 'brand_info',
) ]
[ info ] [ LOG ] INIT File
[ sql ] [ DB ] CONNECT:[ UseTime:0.009908s ] mysql:dbname=admin;host=127.0.0.1;port=3306;charset=utf8
[ sql ] [ SQL ] SHOW COLUMNS FROM `sys_goods_cat` [ RunTime:0.012187s ]
[ sql ] [ SQL ] SELECT * FROM `sys_goods_cat` [ RunTime:0.000340s ]
[ sql ] [ SQL ] SHOW COLUMNS FROM `sys_goods_brand` [ RunTime:0.011823s ]
[ sql ] [ SQL ] SELECT * FROM `sys_goods_brand` [ RunTime:0.000310s ]
---------------------------------------------------------------
[ 2017-08-28T08:13:35+08:00 ] 127.0.0.1 127.0.0.1 GET //admin/goods/goods_attr_lst
[ info ] win.admin.com//admin/goods/goods_attr_lst [运行时间：0.018206s][吞吐率：54.93req/s] [内存消耗：1,413.84kb] [文件加载：37]
[ info ] [ LANG ] D:\phpStudy\admin\thinkphp\lang\zh-cn.php
[ info ] [ ROUTE ] array (
  'type' => 'module',
  'module' => 
  array (
    0 => 'admin',
    1 => 'goods',
    2 => 'goods_attr_lst',
  ),
)
[ info ] [ HEADER ] array (
  'host' => 'win.admin.com',
  'connection' => 'keep-alive',
  'upgrade-insecure-requests' => '1',
  'user-agent' => 'Mozilla/5.0 (Windows NT 10.0; WOW64) AppleWebKit/537.36 (KHTML, like Gecko) Chrome/60.0.3112.101 Safari/537.36',
  'accept' => 'text/html,application/xhtml+xml,application/xml;q=0.9,image/webp,image/apng,*/*;q=0.8',
  'referer' => 'http://win.admin.com/admin/index/index.html',
  'accept-encoding' => 'gzip, deflate',
  'accept-language' => 'zh-CN,zh;q=0.8',
  'cookie' => 'PHPSESSID=auf57s7uqsottbksed4vmst710; currentmoduleName=%E5%B1%9E%E6%80%A7%E5%88%97%E8%A1%A8; currentmoduleId=100015',
)
[ info ] [ PARAM ] array (
)
[ info ] [ SESSION ] INIT array (
  'id' => '',
  'var_session_id' => '',
  'prefix' => 'think',
  'type' => '',
  'auto_start' => true,
)
[ info ] [ RUN ] app\admin\controller\Goods->goods_attr_lst[ D:\phpStudy\admin\application\admin\controller\Goods.php ]
[ info ] [ VIEW ] D:\phpStudy\admin/application/admin\view\goods\goods_attr_lst.html [ array (
  0 => 'control',
  1 => 'action',
) ]
[ info ] [ LOG ] INIT File
---------------------------------------------------------------
[ 2017-08-28T09:43:02+08:00 ] 10.3.9.51 10.3.9.50 GET /user.php?act=sheji_edit
[ info ] 10.3.9.51/user.php?act=sheji_edit [运行时间：0.037140s][吞吐率：26.93req/s] [内存消耗：1,025.12kb] [文件加载：30]
[ info ] [ LANG ] D:\phpStudy\admin\thinkphp\lang\zh-cn.php
[ info ] [ ROUTE ] array (
  'type' => 'module',
  'module' => 
  array (
    0 => 'user.php',
    1 => NULL,
    2 => NULL,
  ),
)
[ info ] [ HEADER ] array (
  'host' => '10.3.9.51',
  'connection' => 'keep-alive',
  'user-agent' => 'Mozilla/5.0 (Windows NT 6.1; WOW64) AppleWebKit/537.36 (KHTML, like Gecko) Chrome/62.0.3192.0 Safari/537.36',
  'upgrade-insecure-requests' => '1',
  'accept' => 'text/html,application/xhtml+xml,application/xml;q=0.9,image/webp,image/apng,*/*;q=0.8',
  'accept-encoding' => 'gzip, deflate',
  'accept-language' => 'zh-CN,zh;q=0.8,en;q=0.6',
)
[ info ] [ PARAM ] array (
  'act' => 'sheji_edit',
)
[ info ] [ LOG ] INIT File
