---------------------------------------------------------------
[ 2017-09-23T08:16:21+08:00 ] 127.0.0.1 127.0.0.1 GET /admin
[ info ] win.admin.com/admin [运行时间：0.059391s][吞吐率：16.84req/s] [内存消耗：1,370.59kb] [文件加载：38]
[ info ] [ LANG ] D:\phpStudy\admin\thinkphp\lang\zh-cn.php
[ info ] [ ROUTE ] array (
  'type' => 'module',
  'module' => 
  array (
    0 => 'admin',
    1 => NULL,
    2 => NULL,
  ),
)
[ info ] [ HEADER ] array (
  'host' => 'win.admin.com',
  'connection' => 'keep-alive',
  'upgrade-insecure-requests' => '1',
  'user-agent' => 'Mozilla/5.0 (Windows NT 10.0; WOW64) AppleWebKit/537.36 (KHTML, like Gecko) Chrome/60.0.3112.113 Safari/537.36',
  'accept' => 'text/html,application/xhtml+xml,application/xml;q=0.9,image/webp,image/apng,*/*;q=0.8',
  'accept-encoding' => 'gzip, deflate',
  'accept-language' => 'zh-CN,zh;q=0.8',
)
[ info ] [ PARAM ] array (
)
[ info ] [ SESSION ] INIT array (
  'id' => '',
  'var_session_id' => '',
  'prefix' => 'think',
  'type' => '',
  'auto_start' => true,
)
[ info ] [ VIEW ] D:\phpStudy\admin\thinkphp\tpl\dispatch_jump.tpl [ array (
  0 => 'code',
  1 => 'msg',
  2 => 'data',
  3 => 'url',
  4 => 'wait',
) ]
[ info ] [ LOG ] INIT File
---------------------------------------------------------------
[ 2017-09-23T16:38:48+08:00 ] 127.0.0.1 127.0.0.1 GET /admin
[ info ] win.admin.com/admin [运行时间：0.045799s][吞吐率：21.83req/s] [内存消耗：1,370.60kb] [文件加载：38]
[ info ] [ LANG ] D:\phpStudy\admin\thinkphp\lang\zh-cn.php
[ info ] [ ROUTE ] array (
  'type' => 'module',
  'module' => 
  array (
    0 => 'admin',
    1 => NULL,
    2 => NULL,
  ),
)
[ info ] [ HEADER ] array (
  'host' => 'win.admin.com',
  'connection' => 'keep-alive',
  'upgrade-insecure-requests' => '1',
  'user-agent' => 'Mozilla/5.0 (Windows NT 10.0; WOW64) AppleWebKit/537.36 (KHTML, like Gecko) Chrome/60.0.3112.113 Safari/537.36',
  'accept' => 'text/html,application/xhtml+xml,application/xml;q=0.9,image/webp,image/apng,*/*;q=0.8',
  'accept-encoding' => 'gzip, deflate',
  'accept-language' => 'zh-CN,zh;q=0.8',
)
[ info ] [ PARAM ] array (
)
[ info ] [ SESSION ] INIT array (
  'id' => '',
  'var_session_id' => '',
  'prefix' => 'think',
  'type' => '',
  'auto_start' => true,
)
[ info ] [ VIEW ] D:\phpStudy\admin\thinkphp\tpl\dispatch_jump.tpl [ array (
  0 => 'code',
  1 => 'msg',
  2 => 'data',
  3 => 'url',
  4 => 'wait',
) ]
[ info ] [ LOG ] INIT File
---------------------------------------------------------------
[ 2017-09-23T16:38:50+08:00 ] 127.0.0.1 127.0.0.1 GET /admin/user/login.html
[ info ] win.admin.com/admin/user/login.html [运行时间：0.017190s][吞吐率：58.17req/s] [内存消耗：1,279.66kb] [文件加载：35]
[ info ] [ LANG ] D:\phpStudy\admin\thinkphp\lang\zh-cn.php
[ info ] [ ROUTE ] array (
  'type' => 'module',
  'module' => 
  array (
    0 => 'admin',
    1 => 'user',
    2 => 'login',
  ),
)
[ info ] [ HEADER ] array (
  'host' => 'win.admin.com',
  'connection' => 'keep-alive',
  'upgrade-insecure-requests' => '1',
  'user-agent' => 'Mozilla/5.0 (Windows NT 10.0; WOW64) AppleWebKit/537.36 (KHTML, like Gecko) Chrome/60.0.3112.113 Safari/537.36',
  'accept' => 'text/html,application/xhtml+xml,application/xml;q=0.9,image/webp,image/apng,*/*;q=0.8',
  'referer' => 'http://win.admin.com/admin',
  'accept-encoding' => 'gzip, deflate',
  'accept-language' => 'zh-CN,zh;q=0.8',
  'cookie' => 'PHPSESSID=9urg3cvtekm229tm2khagknfc3',
)
[ info ] [ PARAM ] array (
)
[ info ] [ RUN ] app\admin\controller\User->login[ D:\phpStudy\admin\application\admin\controller\User.php ]
[ info ] [ VIEW ] D:\phpStudy\admin/application/admin\view\user\login.html [ array (
) ]
[ info ] [ LOG ] INIT File
---------------------------------------------------------------
[ 2017-09-23T16:38:54+08:00 ] 127.0.0.1 127.0.0.1 POST /admin/user/login.html
[ info ] win.admin.com/admin/user/login.html [运行时间：0.068975s][吞吐率：14.50req/s] [内存消耗：2,329.23kb] [文件加载：48]
[ info ] [ LANG ] D:\phpStudy\admin\thinkphp\lang\zh-cn.php
[ info ] [ ROUTE ] array (
  'type' => 'module',
  'module' => 
  array (
    0 => 'admin',
    1 => 'user',
    2 => 'login',
  ),
)
[ info ] [ HEADER ] array (
  'host' => 'win.admin.com',
  'connection' => 'keep-alive',
  'content-length' => '30',
  'cache-control' => 'max-age=0',
  'origin' => 'http://win.admin.com',
  'upgrade-insecure-requests' => '1',
  'user-agent' => 'Mozilla/5.0 (Windows NT 10.0; WOW64) AppleWebKit/537.36 (KHTML, like Gecko) Chrome/60.0.3112.113 Safari/537.36',
  'content-type' => 'application/x-www-form-urlencoded',
  'accept' => 'text/html,application/xhtml+xml,application/xml;q=0.9,image/webp,image/apng,*/*;q=0.8',
  'referer' => 'http://win.admin.com/admin/user/login.html',
  'accept-encoding' => 'gzip, deflate',
  'accept-language' => 'zh-CN,zh;q=0.8',
  'cookie' => 'PHPSESSID=9urg3cvtekm229tm2khagknfc3',
)
[ info ] [ PARAM ] array (
  'username' => 'admin',
  'password' => '111111',
)
[ info ] [ RUN ] app\admin\controller\User->login[ D:\phpStudy\admin\application\admin\controller\User.php ]
[ info ] [ DB ] INIT mysql
[ info ] [ CACHE ] INIT File
[ info ] [ SESSION ] INIT array (
  'id' => '',
  'var_session_id' => '',
  'prefix' => 'think',
  'type' => '',
  'auto_start' => true,
)
[ info ] [ VIEW ] D:\phpStudy\admin\thinkphp\tpl\dispatch_jump.tpl [ array (
  0 => 'code',
  1 => 'msg',
  2 => 'data',
  3 => 'url',
  4 => 'wait',
) ]
[ info ] [ LOG ] INIT File
[ sql ] [ DB ] CONNECT:[ UseTime:0.003052s ] mysql:dbname=admin;host=127.0.0.1;port=3306;charset=utf8
[ sql ] [ SQL ] SHOW COLUMNS FROM `sys_admin_user` [ RunTime:0.017716s ]
[ sql ] [ SQL ] SELECT * FROM `sys_admin_user` WHERE  `username` = 'admin'  AND `password` = '96e79218965eb72c92a549dd5a330112' LIMIT 1 [ RunTime:0.000558s ]
[ sql ] [ SQL ] UPDATE `sys_admin_user`  SET `login_time`=1506155934,`ip`='127.0.0.1'  WHERE  `id` = 1 [ RunTime:0.000742s ]
---------------------------------------------------------------
[ 2017-09-23T16:38:55+08:00 ] 127.0.0.1 127.0.0.1 GET /admin/index/index.html
[ info ] win.admin.com/admin/index/index.html [运行时间：0.070887s][吞吐率：14.11req/s] [内存消耗：2,091.71kb] [文件加载：44]
[ info ] [ LANG ] D:\phpStudy\admin\thinkphp\lang\zh-cn.php
[ info ] [ ROUTE ] array (
  'type' => 'module',
  'module' => 
  array (
    0 => 'admin',
    1 => 'index',
    2 => 'index',
  ),
)
[ info ] [ HEADER ] array (
  'host' => 'win.admin.com',
  'connection' => 'keep-alive',
  'upgrade-insecure-requests' => '1',
  'user-agent' => 'Mozilla/5.0 (Windows NT 10.0; WOW64) AppleWebKit/537.36 (KHTML, like Gecko) Chrome/60.0.3112.113 Safari/537.36',
  'accept' => 'text/html,application/xhtml+xml,application/xml;q=0.9,image/webp,image/apng,*/*;q=0.8',
  'referer' => 'http://win.admin.com/admin/user/login.html',
  'accept-encoding' => 'gzip, deflate',
  'accept-language' => 'zh-CN,zh;q=0.8',
  'cookie' => 'PHPSESSID=9urg3cvtekm229tm2khagknfc3',
)
[ info ] [ PARAM ] array (
)
[ info ] [ SESSION ] INIT array (
  'id' => '',
  'var_session_id' => '',
  'prefix' => 'think',
  'type' => '',
  'auto_start' => true,
)
[ info ] [ DB ] INIT mysql
[ info ] [ RUN ] app\admin\controller\Index->index[ D:\phpStudy\admin\application\admin\controller\Index.php ]
[ info ] [ VIEW ] D:\phpStudy\admin/application/admin\view\index\index.html [ array (
) ]
[ info ] [ LOG ] INIT File
[ sql ] [ DB ] CONNECT:[ UseTime:0.010491s ] mysql:dbname=admin;host=127.0.0.1;port=3306;charset=utf8
[ sql ] [ SQL ] SHOW COLUMNS FROM `sys_admin_role` [ RunTime:0.014638s ]
[ sql ] [ SQL ] SELECT * FROM `sys_admin_role` WHERE  `id` = 3 LIMIT 1 [ RunTime:0.000571s ]
[ sql ] [ SQL ] SHOW COLUMNS FROM `sys_privilege_src` [ RunTime:0.015634s ]
[ sql ] [ SQL ] SELECT * FROM `sys_privilege_src` WHERE  `id` IN (16,1,3,4,5,6,17,8,9,10,11,12,13,14) [ RunTime:0.000905s ]
---------------------------------------------------------------
[ 2017-09-23T16:38:56+08:00 ] 127.0.0.1 127.0.0.1 GET //admin/index/welcome
[ info ] win.admin.com//admin/index/welcome [运行时间：0.025102s][吞吐率：39.84req/s] [内存消耗：1,339.34kb] [文件加载：37]
[ info ] [ LANG ] D:\phpStudy\admin\thinkphp\lang\zh-cn.php
[ info ] [ ROUTE ] array (
  'type' => 'module',
  'module' => 
  array (
    0 => 'admin',
    1 => 'index',
    2 => 'welcome',
  ),
)
[ info ] [ HEADER ] array (
  'host' => 'win.admin.com',
  'connection' => 'keep-alive',
  'upgrade-insecure-requests' => '1',
  'user-agent' => 'Mozilla/5.0 (Windows NT 10.0; WOW64) AppleWebKit/537.36 (KHTML, like Gecko) Chrome/60.0.3112.113 Safari/537.36',
  'accept' => 'text/html,application/xhtml+xml,application/xml;q=0.9,image/webp,image/apng,*/*;q=0.8',
  'referer' => 'http://win.admin.com/admin/index/index.html',
  'accept-encoding' => 'gzip, deflate',
  'accept-language' => 'zh-CN,zh;q=0.8',
  'cookie' => 'PHPSESSID=9urg3cvtekm229tm2khagknfc3; currentmoduleName=%E6%AC%A2%E8%BF%8E%E9%A1%B5; currentmoduleId=10008',
)
[ info ] [ PARAM ] array (
)
[ info ] [ SESSION ] INIT array (
  'id' => '',
  'var_session_id' => '',
  'prefix' => 'think',
  'type' => '',
  'auto_start' => true,
)
[ info ] [ RUN ] app\admin\controller\Index->welcome[ D:\phpStudy\admin\application\admin\controller\Index.php ]
[ info ] [ VIEW ] D:\phpStudy\admin/application/admin\view\index\welcome.html [ array (
  0 => 'server',
) ]
[ info ] [ LOG ] INIT File
---------------------------------------------------------------
[ 2017-09-23T16:38:56+08:00 ] 127.0.0.1 127.0.0.1 POST /admin/index/menu
[ info ] win.admin.com/admin/index/menu [运行时间：0.023467s][吞吐率：42.61req/s] [内存消耗：1,356.57kb] [文件加载：38]
[ info ] [ LANG ] D:\phpStudy\admin\thinkphp\lang\zh-cn.php
[ info ] [ ROUTE ] array (
  'type' => 'module',
  'module' => 
  array (
    0 => 'admin',
    1 => 'index',
    2 => 'menu',
  ),
)
[ info ] [ HEADER ] array (
  'host' => 'win.admin.com',
  'connection' => 'keep-alive',
  'content-length' => '0',
  'accept' => 'application/json, text/javascript, */*; q=0.01',
  'origin' => 'http://win.admin.com',
  'x-requested-with' => 'XMLHttpRequest',
  'user-agent' => 'Mozilla/5.0 (Windows NT 10.0; WOW64) AppleWebKit/537.36 (KHTML, like Gecko) Chrome/60.0.3112.113 Safari/537.36',
  'referer' => 'http://win.admin.com/admin/index/index.html',
  'accept-encoding' => 'gzip, deflate',
  'accept-language' => 'zh-CN,zh;q=0.8',
  'cookie' => 'PHPSESSID=9urg3cvtekm229tm2khagknfc3; currentmoduleName=%E6%AC%A2%E8%BF%8E%E9%A1%B5; currentmoduleId=10008',
)
[ info ] [ PARAM ] array (
)
[ info ] [ SESSION ] INIT array (
  'id' => '',
  'var_session_id' => '',
  'prefix' => 'think',
  'type' => '',
  'auto_start' => true,
)
[ info ] [ RUN ] app\admin\controller\Index->menu[ D:\phpStudy\admin\application\admin\controller\Index.php ]
[ info ] [ LOG ] INIT File
---------------------------------------------------------------
[ 2017-09-23T16:38:57+08:00 ] 127.0.0.1 127.0.0.1 GET //admin/system/setting
[ info ] win.admin.com//admin/system/setting [运行时间：0.051359s][吞吐率：19.47req/s] [内存消耗：2,063.06kb] [文件加载：44]
[ info ] [ LANG ] D:\phpStudy\admin\thinkphp\lang\zh-cn.php
[ info ] [ ROUTE ] array (
  'type' => 'module',
  'module' => 
  array (
    0 => 'admin',
    1 => 'system',
    2 => 'setting',
  ),
)
[ info ] [ HEADER ] array (
  'host' => 'win.admin.com',
  'connection' => 'keep-alive',
  'upgrade-insecure-requests' => '1',
  'user-agent' => 'Mozilla/5.0 (Windows NT 10.0; WOW64) AppleWebKit/537.36 (KHTML, like Gecko) Chrome/60.0.3112.113 Safari/537.36',
  'accept' => 'text/html,application/xhtml+xml,application/xml;q=0.9,image/webp,image/apng,*/*;q=0.8',
  'referer' => 'http://win.admin.com/admin/index/index.html',
  'accept-encoding' => 'gzip, deflate',
  'accept-language' => 'zh-CN,zh;q=0.8',
  'cookie' => 'PHPSESSID=9urg3cvtekm229tm2khagknfc3; currentmoduleName=%E8%AE%BE%E7%BD%AE; currentmoduleId=100001',
)
[ info ] [ PARAM ] array (
)
[ info ] [ SESSION ] INIT array (
  'id' => '',
  'var_session_id' => '',
  'prefix' => 'think',
  'type' => '',
  'auto_start' => true,
)
[ info ] [ RUN ] app\admin\controller\System->setting[ D:\phpStudy\admin\application\admin\controller\System.php ]
[ info ] [ DB ] INIT mysql
[ info ] [ VIEW ] D:\phpStudy\admin/application/admin\view\system\setting.html [ array (
  0 => 'control',
  1 => 'action',
  2 => 'setting_info',
) ]
[ info ] [ LOG ] INIT File
[ sql ] [ DB ] CONNECT:[ UseTime:0.011736s ] mysql:dbname=admin;host=127.0.0.1;port=3306;charset=utf8
[ sql ] [ SQL ] SHOW COLUMNS FROM `sys_setting` [ RunTime:0.015640s ]
[ sql ] [ SQL ] SELECT * FROM `sys_setting` [ RunTime:0.000526s ]
---------------------------------------------------------------
[ 2017-09-23T16:38:59+08:00 ] 127.0.0.1 127.0.0.1 GET //admin/goods/goods_cat_lst
[ info ] win.admin.com//admin/goods/goods_cat_lst [运行时间：0.051006s][吞吐率：19.61req/s] [内存消耗：2,250.20kb] [文件加载：44]
[ info ] [ LANG ] D:\phpStudy\admin\thinkphp\lang\zh-cn.php
[ info ] [ ROUTE ] array (
  'type' => 'module',
  'module' => 
  array (
    0 => 'admin',
    1 => 'goods',
    2 => 'goods_cat_lst',
  ),
)
[ info ] [ HEADER ] array (
  'host' => 'win.admin.com',
  'connection' => 'keep-alive',
  'upgrade-insecure-requests' => '1',
  'user-agent' => 'Mozilla/5.0 (Windows NT 10.0; WOW64) AppleWebKit/537.36 (KHTML, like Gecko) Chrome/60.0.3112.113 Safari/537.36',
  'accept' => 'text/html,application/xhtml+xml,application/xml;q=0.9,image/webp,image/apng,*/*;q=0.8',
  'referer' => 'http://win.admin.com/admin/index/index.html',
  'accept-encoding' => 'gzip, deflate',
  'accept-language' => 'zh-CN,zh;q=0.8',
  'cookie' => 'PHPSESSID=9urg3cvtekm229tm2khagknfc3; currentmoduleName=%E5%95%86%E5%93%81%E5%88%86%E7%B1%BB; currentmoduleId=100011',
)
[ info ] [ PARAM ] array (
)
[ info ] [ SESSION ] INIT array (
  'id' => '',
  'var_session_id' => '',
  'prefix' => 'think',
  'type' => '',
  'auto_start' => true,
)
[ info ] [ RUN ] app\admin\controller\Goods->goods_cat_lst[ D:\phpStudy\admin\application\admin\controller\Goods.php ]
[ info ] [ DB ] INIT mysql
[ info ] [ VIEW ] D:\phpStudy\admin/application/admin\view\goods\goods_cat_lst.html [ array (
  0 => 'control',
  1 => 'action',
  2 => 'list',
) ]
[ info ] [ LOG ] INIT File
[ sql ] [ DB ] CONNECT:[ UseTime:0.010388s ] mysql:dbname=admin;host=127.0.0.1;port=3306;charset=utf8
[ sql ] [ SQL ] SHOW COLUMNS FROM `sys_goods_cat` [ RunTime:0.016339s ]
[ sql ] [ SQL ] SELECT * FROM `sys_goods_cat` [ RunTime:0.000462s ]
---------------------------------------------------------------
[ 2017-09-23T16:39:00+08:00 ] 127.0.0.1 127.0.0.1 GET //admin/goods/goods_lst
[ info ] win.admin.com//admin/goods/goods_lst [运行时间：0.061212s][吞吐率：16.34req/s] [内存消耗：2,353.43kb] [文件加载：47]
[ info ] [ LANG ] D:\phpStudy\admin\thinkphp\lang\zh-cn.php
[ info ] [ ROUTE ] array (
  'type' => 'module',
  'module' => 
  array (
    0 => 'admin',
    1 => 'goods',
    2 => 'goods_lst',
  ),
)
[ info ] [ HEADER ] array (
  'host' => 'win.admin.com',
  'connection' => 'keep-alive',
  'upgrade-insecure-requests' => '1',
  'user-agent' => 'Mozilla/5.0 (Windows NT 10.0; WOW64) AppleWebKit/537.36 (KHTML, like Gecko) Chrome/60.0.3112.113 Safari/537.36',
  'accept' => 'text/html,application/xhtml+xml,application/xml;q=0.9,image/webp,image/apng,*/*;q=0.8',
  'referer' => 'http://win.admin.com/admin/index/index.html',
  'accept-encoding' => 'gzip, deflate',
  'accept-language' => 'zh-CN,zh;q=0.8',
  'cookie' => 'PHPSESSID=9urg3cvtekm229tm2khagknfc3; currentmoduleName=%E5%95%86%E5%93%81%E5%88%97%E8%A1%A8; currentmoduleId=100012',
)
[ info ] [ PARAM ] array (
)
[ info ] [ SESSION ] INIT array (
  'id' => '',
  'var_session_id' => '',
  'prefix' => 'think',
  'type' => '',
  'auto_start' => true,
)
[ info ] [ RUN ] app\admin\controller\Goods->goods_lst[ D:\phpStudy\admin\application\admin\controller\Goods.php ]
[ info ] [ DB ] INIT mysql
[ info ] [ VIEW ] D:\phpStudy\admin/application/admin\view\goods\goods_lst.html [ array (
  0 => 'control',
  1 => 'action',
  2 => 'list',
) ]
[ info ] [ LOG ] INIT File
[ sql ] [ DB ] CONNECT:[ UseTime:0.001042s ] mysql:dbname=admin;host=127.0.0.1;port=3306;charset=utf8
[ sql ] [ SQL ] SHOW COLUMNS FROM `sys_setting` [ RunTime:0.013965s ]
[ sql ] [ SQL ] SELECT * FROM `sys_setting` WHERE  `name` = 'admin_pagesize' LIMIT 1 [ RunTime:0.000596s ]
[ sql ] [ SQL ] SELECT * FROM `sys_setting` WHERE  `name` = 'admin_pagesize' LIMIT 1 [ RunTime:0.000402s ]
[ sql ] [ SQL ] SHOW COLUMNS FROM `sys_goods` [ RunTime:0.015632s ]
[ sql ] [ SQL ] SELECT COUNT(*) AS tp_count FROM `sys_goods` LIMIT 1 [ RunTime:0.000470s ]
[ sql ] [ SQL ] SELECT * FROM `sys_goods` ORDER BY goods_id desc LIMIT 0,8 [ RunTime:0.001023s ]
---------------------------------------------------------------
[ 2017-09-23T16:39:01+08:00 ] 127.0.0.1 127.0.0.1 GET //admin/goods/goods_cat_lst
[ info ] win.admin.com//admin/goods/goods_cat_lst [运行时间：0.045972s][吞吐率：21.75req/s] [内存消耗：2,250.20kb] [文件加载：44]
[ info ] [ LANG ] D:\phpStudy\admin\thinkphp\lang\zh-cn.php
[ info ] [ ROUTE ] array (
  'type' => 'module',
  'module' => 
  array (
    0 => 'admin',
    1 => 'goods',
    2 => 'goods_cat_lst',
  ),
)
[ info ] [ HEADER ] array (
  'host' => 'win.admin.com',
  'connection' => 'keep-alive',
  'upgrade-insecure-requests' => '1',
  'user-agent' => 'Mozilla/5.0 (Windows NT 10.0; WOW64) AppleWebKit/537.36 (KHTML, like Gecko) Chrome/60.0.3112.113 Safari/537.36',
  'accept' => 'text/html,application/xhtml+xml,application/xml;q=0.9,image/webp,image/apng,*/*;q=0.8',
  'referer' => 'http://win.admin.com/admin/index/index.html',
  'accept-encoding' => 'gzip, deflate',
  'accept-language' => 'zh-CN,zh;q=0.8',
  'cookie' => 'PHPSESSID=9urg3cvtekm229tm2khagknfc3; currentmoduleName=%E5%95%86%E5%93%81%E5%88%97%E8%A1%A8; currentmoduleId=100012',
)
[ info ] [ PARAM ] array (
)
[ info ] [ SESSION ] INIT array (
  'id' => '',
  'var_session_id' => '',
  'prefix' => 'think',
  'type' => '',
  'auto_start' => true,
)
[ info ] [ RUN ] app\admin\controller\Goods->goods_cat_lst[ D:\phpStudy\admin\application\admin\controller\Goods.php ]
[ info ] [ DB ] INIT mysql
[ info ] [ VIEW ] D:\phpStudy\admin/application/admin\view\goods\goods_cat_lst.html [ array (
  0 => 'control',
  1 => 'action',
  2 => 'list',
) ]
[ info ] [ LOG ] INIT File
[ sql ] [ DB ] CONNECT:[ UseTime:0.010535s ] mysql:dbname=admin;host=127.0.0.1;port=3306;charset=utf8
[ sql ] [ SQL ] SHOW COLUMNS FROM `sys_goods_cat` [ RunTime:0.013762s ]
[ sql ] [ SQL ] SELECT * FROM `sys_goods_cat` [ RunTime:0.000439s ]
---------------------------------------------------------------
[ 2017-09-23T16:39:01+08:00 ] 127.0.0.1 127.0.0.1 GET //admin/goods/goods_lst
[ info ] win.admin.com//admin/goods/goods_lst [运行时间：0.053784s][吞吐率：18.59req/s] [内存消耗：2,353.43kb] [文件加载：47]
[ info ] [ LANG ] D:\phpStudy\admin\thinkphp\lang\zh-cn.php
[ info ] [ ROUTE ] array (
  'type' => 'module',
  'module' => 
  array (
    0 => 'admin',
    1 => 'goods',
    2 => 'goods_lst',
  ),
)
[ info ] [ HEADER ] array (
  'host' => 'win.admin.com',
  'connection' => 'keep-alive',
  'upgrade-insecure-requests' => '1',
  'user-agent' => 'Mozilla/5.0 (Windows NT 10.0; WOW64) AppleWebKit/537.36 (KHTML, like Gecko) Chrome/60.0.3112.113 Safari/537.36',
  'accept' => 'text/html,application/xhtml+xml,application/xml;q=0.9,image/webp,image/apng,*/*;q=0.8',
  'referer' => 'http://win.admin.com/admin/index/index.html',
  'accept-encoding' => 'gzip, deflate',
  'accept-language' => 'zh-CN,zh;q=0.8',
  'cookie' => 'PHPSESSID=9urg3cvtekm229tm2khagknfc3; currentmoduleName=%E5%95%86%E5%93%81%E5%88%97%E8%A1%A8; currentmoduleId=100012',
)
[ info ] [ PARAM ] array (
)
[ info ] [ SESSION ] INIT array (
  'id' => '',
  'var_session_id' => '',
  'prefix' => 'think',
  'type' => '',
  'auto_start' => true,
)
[ info ] [ RUN ] app\admin\controller\Goods->goods_lst[ D:\phpStudy\admin\application\admin\controller\Goods.php ]
[ info ] [ DB ] INIT mysql
[ info ] [ VIEW ] D:\phpStudy\admin/application/admin\view\goods\goods_lst.html [ array (
  0 => 'control',
  1 => 'action',
  2 => 'list',
) ]
[ info ] [ LOG ] INIT File
[ sql ] [ DB ] CONNECT:[ UseTime:0.001106s ] mysql:dbname=admin;host=127.0.0.1;port=3306;charset=utf8
[ sql ] [ SQL ] SHOW COLUMNS FROM `sys_setting` [ RunTime:0.013685s ]
[ sql ] [ SQL ] SELECT * FROM `sys_setting` WHERE  `name` = 'admin_pagesize' LIMIT 1 [ RunTime:0.000462s ]
[ sql ] [ SQL ] SELECT * FROM `sys_setting` WHERE  `name` = 'admin_pagesize' LIMIT 1 [ RunTime:0.000373s ]
[ sql ] [ SQL ] SHOW COLUMNS FROM `sys_goods` [ RunTime:0.013915s ]
[ sql ] [ SQL ] SELECT COUNT(*) AS tp_count FROM `sys_goods` LIMIT 1 [ RunTime:0.000382s ]
[ sql ] [ SQL ] SELECT * FROM `sys_goods` ORDER BY goods_id desc LIMIT 0,8 [ RunTime:0.000486s ]
---------------------------------------------------------------
[ 2017-09-23T16:39:02+08:00 ] 127.0.0.1 127.0.0.1 GET //admin/goods/goods_brand_lst
[ info ] win.admin.com//admin/goods/goods_brand_lst [运行时间：0.057560s][吞吐率：17.37req/s] [内存消耗：2,336.05kb] [文件加载：47]
[ info ] [ LANG ] D:\phpStudy\admin\thinkphp\lang\zh-cn.php
[ info ] [ ROUTE ] array (
  'type' => 'module',
  'module' => 
  array (
    0 => 'admin',
    1 => 'goods',
    2 => 'goods_brand_lst',
  ),
)
[ info ] [ HEADER ] array (
  'host' => 'win.admin.com',
  'connection' => 'keep-alive',
  'upgrade-insecure-requests' => '1',
  'user-agent' => 'Mozilla/5.0 (Windows NT 10.0; WOW64) AppleWebKit/537.36 (KHTML, like Gecko) Chrome/60.0.3112.113 Safari/537.36',
  'accept' => 'text/html,application/xhtml+xml,application/xml;q=0.9,image/webp,image/apng,*/*;q=0.8',
  'referer' => 'http://win.admin.com/admin/index/index.html',
  'accept-encoding' => 'gzip, deflate',
  'accept-language' => 'zh-CN,zh;q=0.8',
  'cookie' => 'PHPSESSID=9urg3cvtekm229tm2khagknfc3; currentmoduleName=%E5%93%81%E7%89%8C%E5%88%97%E8%A1%A8; currentmoduleId=100013',
)
[ info ] [ PARAM ] array (
)
[ info ] [ SESSION ] INIT array (
  'id' => '',
  'var_session_id' => '',
  'prefix' => 'think',
  'type' => '',
  'auto_start' => true,
)
[ info ] [ RUN ] app\admin\controller\Goods->goods_brand_lst[ D:\phpStudy\admin\application\admin\controller\Goods.php ]
[ info ] [ DB ] INIT mysql
[ info ] [ VIEW ] D:\phpStudy\admin/application/admin\view\goods\goods_brand_lst.html [ array (
  0 => 'control',
  1 => 'action',
  2 => 'list',
) ]
[ info ] [ LOG ] INIT File
[ sql ] [ DB ] CONNECT:[ UseTime:0.001146s ] mysql:dbname=admin;host=127.0.0.1;port=3306;charset=utf8
[ sql ] [ SQL ] SHOW COLUMNS FROM `sys_setting` [ RunTime:0.014673s ]
[ sql ] [ SQL ] SELECT * FROM `sys_setting` WHERE  `name` = 'admin_pagesize' LIMIT 1 [ RunTime:0.000468s ]
[ sql ] [ SQL ] SELECT * FROM `sys_setting` WHERE  `name` = 'admin_pagesize' LIMIT 1 [ RunTime:0.000397s ]
[ sql ] [ SQL ] SHOW COLUMNS FROM `sys_goods_brand` [ RunTime:0.015462s ]
[ sql ] [ SQL ] SELECT COUNT(*) AS tp_count FROM `sys_goods_brand` LIMIT 1 [ RunTime:0.000343s ]
[ sql ] [ SQL ] SELECT * FROM `sys_goods_brand` LIMIT 0,8 [ RunTime:0.000443s ]
---------------------------------------------------------------
[ 2017-09-23T16:39:05+08:00 ] 127.0.0.1 127.0.0.1 GET //admin/goods/goods_lst
[ info ] win.admin.com//admin/goods/goods_lst [运行时间：0.064317s][吞吐率：15.55req/s] [内存消耗：2,353.43kb] [文件加载：47]
[ info ] [ LANG ] D:\phpStudy\admin\thinkphp\lang\zh-cn.php
[ info ] [ ROUTE ] array (
  'type' => 'module',
  'module' => 
  array (
    0 => 'admin',
    1 => 'goods',
    2 => 'goods_lst',
  ),
)
[ info ] [ HEADER ] array (
  'host' => 'win.admin.com',
  'connection' => 'keep-alive',
  'upgrade-insecure-requests' => '1',
  'user-agent' => 'Mozilla/5.0 (Windows NT 10.0; WOW64) AppleWebKit/537.36 (KHTML, like Gecko) Chrome/60.0.3112.113 Safari/537.36',
  'accept' => 'text/html,application/xhtml+xml,application/xml;q=0.9,image/webp,image/apng,*/*;q=0.8',
  'referer' => 'http://win.admin.com/admin/index/index.html',
  'accept-encoding' => 'gzip, deflate',
  'accept-language' => 'zh-CN,zh;q=0.8',
  'cookie' => 'PHPSESSID=9urg3cvtekm229tm2khagknfc3; currentmoduleName=%E5%95%86%E5%93%81%E5%88%97%E8%A1%A8; currentmoduleId=100012',
)
[ info ] [ PARAM ] array (
)
[ info ] [ SESSION ] INIT array (
  'id' => '',
  'var_session_id' => '',
  'prefix' => 'think',
  'type' => '',
  'auto_start' => true,
)
[ info ] [ RUN ] app\admin\controller\Goods->goods_lst[ D:\phpStudy\admin\application\admin\controller\Goods.php ]
[ info ] [ DB ] INIT mysql
[ info ] [ VIEW ] D:\phpStudy\admin/application/admin\view\goods\goods_lst.html [ array (
  0 => 'control',
  1 => 'action',
  2 => 'list',
) ]
[ info ] [ LOG ] INIT File
[ sql ] [ DB ] CONNECT:[ UseTime:0.001019s ] mysql:dbname=admin;host=127.0.0.1;port=3306;charset=utf8
[ sql ] [ SQL ] SHOW COLUMNS FROM `sys_setting` [ RunTime:0.014464s ]
[ sql ] [ SQL ] SELECT * FROM `sys_setting` WHERE  `name` = 'admin_pagesize' LIMIT 1 [ RunTime:0.000465s ]
[ sql ] [ SQL ] SELECT * FROM `sys_setting` WHERE  `name` = 'admin_pagesize' LIMIT 1 [ RunTime:0.000374s ]
[ sql ] [ SQL ] SHOW COLUMNS FROM `sys_goods` [ RunTime:0.014150s ]
[ sql ] [ SQL ] SELECT COUNT(*) AS tp_count FROM `sys_goods` LIMIT 1 [ RunTime:0.000358s ]
[ sql ] [ SQL ] SELECT * FROM `sys_goods` ORDER BY goods_id desc LIMIT 0,8 [ RunTime:0.000587s ]
---------------------------------------------------------------
[ 2017-09-23T16:39:06+08:00 ] 127.0.0.1 127.0.0.1 GET //admin/goods/goods_type_lst
[ info ] win.admin.com//admin/goods/goods_type_lst [运行时间：0.064796s][吞吐率：15.43req/s] [内存消耗：2,331.83kb] [文件加载：47]
[ info ] [ LANG ] D:\phpStudy\admin\thinkphp\lang\zh-cn.php
[ info ] [ ROUTE ] array (
  'type' => 'module',
  'module' => 
  array (
    0 => 'admin',
    1 => 'goods',
    2 => 'goods_type_lst',
  ),
)
[ info ] [ HEADER ] array (
  'host' => 'win.admin.com',
  'connection' => 'keep-alive',
  'upgrade-insecure-requests' => '1',
  'user-agent' => 'Mozilla/5.0 (Windows NT 10.0; WOW64) AppleWebKit/537.36 (KHTML, like Gecko) Chrome/60.0.3112.113 Safari/537.36',
  'accept' => 'text/html,application/xhtml+xml,application/xml;q=0.9,image/webp,image/apng,*/*;q=0.8',
  'referer' => 'http://win.admin.com/admin/index/index.html',
  'accept-encoding' => 'gzip, deflate',
  'accept-language' => 'zh-CN,zh;q=0.8',
  'cookie' => 'PHPSESSID=9urg3cvtekm229tm2khagknfc3; currentmoduleName=%E7%B1%BB%E5%9E%8B%E5%88%97%E8%A1%A8; currentmoduleId=100014',
)
[ info ] [ PARAM ] array (
)
[ info ] [ SESSION ] INIT array (
  'id' => '',
  'var_session_id' => '',
  'prefix' => 'think',
  'type' => '',
  'auto_start' => true,
)
[ info ] [ RUN ] app\admin\controller\Goods->goods_type_lst[ D:\phpStudy\admin\application\admin\controller\Goods.php ]
[ info ] [ DB ] INIT mysql
[ info ] [ VIEW ] D:\phpStudy\admin/application/admin\view\goods\goods_type_lst.html [ array (
  0 => 'control',
  1 => 'action',
  2 => 'list',
) ]
[ info ] [ LOG ] INIT File
[ sql ] [ DB ] CONNECT:[ UseTime:0.001188s ] mysql:dbname=admin;host=127.0.0.1;port=3306;charset=utf8
[ sql ] [ SQL ] SHOW COLUMNS FROM `sys_setting` [ RunTime:0.013800s ]
[ sql ] [ SQL ] SELECT * FROM `sys_setting` WHERE  `name` = 'admin_pagesize' LIMIT 1 [ RunTime:0.000444s ]
[ sql ] [ SQL ] SELECT * FROM `sys_setting` WHERE  `name` = 'admin_pagesize' LIMIT 1 [ RunTime:0.000337s ]
[ sql ] [ SQL ] SHOW COLUMNS FROM `sys_goods_type` [ RunTime:0.017564s ]
[ sql ] [ SQL ] SELECT COUNT(*) AS tp_count FROM `sys_goods_type` LIMIT 1 [ RunTime:0.000313s ]
[ sql ] [ SQL ] SELECT * FROM `sys_goods_type` LIMIT 0,8 [ RunTime:0.000485s ]
---------------------------------------------------------------
[ 2017-09-23T16:39:07+08:00 ] 127.0.0.1 127.0.0.1 GET //admin/goods/goods_lst
[ info ] win.admin.com//admin/goods/goods_lst [运行时间：0.058697s][吞吐率：17.04req/s] [内存消耗：2,353.43kb] [文件加载：47]
[ info ] [ LANG ] D:\phpStudy\admin\thinkphp\lang\zh-cn.php
[ info ] [ ROUTE ] array (
  'type' => 'module',
  'module' => 
  array (
    0 => 'admin',
    1 => 'goods',
    2 => 'goods_lst',
  ),
)
[ info ] [ HEADER ] array (
  'host' => 'win.admin.com',
  'connection' => 'keep-alive',
  'upgrade-insecure-requests' => '1',
  'user-agent' => 'Mozilla/5.0 (Windows NT 10.0; WOW64) AppleWebKit/537.36 (KHTML, like Gecko) Chrome/60.0.3112.113 Safari/537.36',
  'accept' => 'text/html,application/xhtml+xml,application/xml;q=0.9,image/webp,image/apng,*/*;q=0.8',
  'referer' => 'http://win.admin.com/admin/index/index.html',
  'accept-encoding' => 'gzip, deflate',
  'accept-language' => 'zh-CN,zh;q=0.8',
  'cookie' => 'PHPSESSID=9urg3cvtekm229tm2khagknfc3; currentmoduleName=%E7%B1%BB%E5%9E%8B%E5%88%97%E8%A1%A8; currentmoduleId=100014',
)
[ info ] [ PARAM ] array (
)
[ info ] [ SESSION ] INIT array (
  'id' => '',
  'var_session_id' => '',
  'prefix' => 'think',
  'type' => '',
  'auto_start' => true,
)
[ info ] [ RUN ] app\admin\controller\Goods->goods_lst[ D:\phpStudy\admin\application\admin\controller\Goods.php ]
[ info ] [ DB ] INIT mysql
[ info ] [ VIEW ] D:\phpStudy\admin/application/admin\view\goods\goods_lst.html [ array (
  0 => 'control',
  1 => 'action',
  2 => 'list',
) ]
[ info ] [ LOG ] INIT File
[ sql ] [ DB ] CONNECT:[ UseTime:0.001395s ] mysql:dbname=admin;host=127.0.0.1;port=3306;charset=utf8
[ sql ] [ SQL ] SHOW COLUMNS FROM `sys_setting` [ RunTime:0.013376s ]
[ sql ] [ SQL ] SELECT * FROM `sys_setting` WHERE  `name` = 'admin_pagesize' LIMIT 1 [ RunTime:0.000305s ]
[ sql ] [ SQL ] SELECT * FROM `sys_setting` WHERE  `name` = 'admin_pagesize' LIMIT 1 [ RunTime:0.000270s ]
[ sql ] [ SQL ] SHOW COLUMNS FROM `sys_goods` [ RunTime:0.012413s ]
[ sql ] [ SQL ] SELECT COUNT(*) AS tp_count FROM `sys_goods` LIMIT 1 [ RunTime:0.000233s ]
[ sql ] [ SQL ] SELECT * FROM `sys_goods` ORDER BY goods_id desc LIMIT 0,8 [ RunTime:0.000329s ]
---------------------------------------------------------------
[ 2017-09-23T16:39:07+08:00 ] 127.0.0.1 127.0.0.1 GET //admin/goods/goods_lst
[ info ] win.admin.com//admin/goods/goods_lst [运行时间：0.068325s][吞吐率：14.64req/s] [内存消耗：2,353.43kb] [文件加载：47]
[ info ] [ LANG ] D:\phpStudy\admin\thinkphp\lang\zh-cn.php
[ info ] [ ROUTE ] array (
  'type' => 'module',
  'module' => 
  array (
    0 => 'admin',
    1 => 'goods',
    2 => 'goods_lst',
  ),
)
[ info ] [ HEADER ] array (
  'host' => 'win.admin.com',
  'connection' => 'keep-alive',
  'upgrade-insecure-requests' => '1',
  'user-agent' => 'Mozilla/5.0 (Windows NT 10.0; WOW64) AppleWebKit/537.36 (KHTML, like Gecko) Chrome/60.0.3112.113 Safari/537.36',
  'accept' => 'text/html,application/xhtml+xml,application/xml;q=0.9,image/webp,image/apng,*/*;q=0.8',
  'referer' => 'http://win.admin.com/admin/index/index.html',
  'accept-encoding' => 'gzip, deflate',
  'accept-language' => 'zh-CN,zh;q=0.8',
  'cookie' => 'PHPSESSID=9urg3cvtekm229tm2khagknfc3; currentmoduleName=%E7%B1%BB%E5%9E%8B%E5%88%97%E8%A1%A8; currentmoduleId=100014',
)
[ info ] [ PARAM ] array (
)
[ info ] [ SESSION ] INIT array (
  'id' => '',
  'var_session_id' => '',
  'prefix' => 'think',
  'type' => '',
  'auto_start' => true,
)
[ info ] [ RUN ] app\admin\controller\Goods->goods_lst[ D:\phpStudy\admin\application\admin\controller\Goods.php ]
[ info ] [ DB ] INIT mysql
[ info ] [ VIEW ] D:\phpStudy\admin/application/admin\view\goods\goods_lst.html [ array (
  0 => 'control',
  1 => 'action',
  2 => 'list',
) ]
[ info ] [ LOG ] INIT File
[ sql ] [ DB ] CONNECT:[ UseTime:0.010633s ] mysql:dbname=admin;host=127.0.0.1;port=3306;charset=utf8
[ sql ] [ SQL ] SHOW COLUMNS FROM `sys_setting` [ RunTime:0.013250s ]
[ sql ] [ SQL ] SELECT * FROM `sys_setting` WHERE  `name` = 'admin_pagesize' LIMIT 1 [ RunTime:0.000488s ]
[ sql ] [ SQL ] SELECT * FROM `sys_setting` WHERE  `name` = 'admin_pagesize' LIMIT 1 [ RunTime:0.000388s ]
[ sql ] [ SQL ] SHOW COLUMNS FROM `sys_goods` [ RunTime:0.012838s ]
[ sql ] [ SQL ] SELECT COUNT(*) AS tp_count FROM `sys_goods` LIMIT 1 [ RunTime:0.000267s ]
[ sql ] [ SQL ] SELECT * FROM `sys_goods` ORDER BY goods_id desc LIMIT 0,8 [ RunTime:0.000370s ]
---------------------------------------------------------------
[ 2017-09-23T16:39:08+08:00 ] 127.0.0.1 127.0.0.1 GET //admin/goods/goods_cat_lst
[ info ] win.admin.com//admin/goods/goods_cat_lst [运行时间：0.042688s][吞吐率：23.43req/s] [内存消耗：2,250.20kb] [文件加载：44]
[ info ] [ LANG ] D:\phpStudy\admin\thinkphp\lang\zh-cn.php
[ info ] [ ROUTE ] array (
  'type' => 'module',
  'module' => 
  array (
    0 => 'admin',
    1 => 'goods',
    2 => 'goods_cat_lst',
  ),
)
[ info ] [ HEADER ] array (
  'host' => 'win.admin.com',
  'connection' => 'keep-alive',
  'upgrade-insecure-requests' => '1',
  'user-agent' => 'Mozilla/5.0 (Windows NT 10.0; WOW64) AppleWebKit/537.36 (KHTML, like Gecko) Chrome/60.0.3112.113 Safari/537.36',
  'accept' => 'text/html,application/xhtml+xml,application/xml;q=0.9,image/webp,image/apng,*/*;q=0.8',
  'referer' => 'http://win.admin.com/admin/index/index.html',
  'accept-encoding' => 'gzip, deflate',
  'accept-language' => 'zh-CN,zh;q=0.8',
  'cookie' => 'PHPSESSID=9urg3cvtekm229tm2khagknfc3; currentmoduleName=%E5%95%86%E5%93%81%E5%88%86%E7%B1%BB; currentmoduleId=100011',
)
[ info ] [ PARAM ] array (
)
[ info ] [ SESSION ] INIT array (
  'id' => '',
  'var_session_id' => '',
  'prefix' => 'think',
  'type' => '',
  'auto_start' => true,
)
[ info ] [ RUN ] app\admin\controller\Goods->goods_cat_lst[ D:\phpStudy\admin\application\admin\controller\Goods.php ]
[ info ] [ DB ] INIT mysql
[ info ] [ VIEW ] D:\phpStudy\admin/application/admin\view\goods\goods_cat_lst.html [ array (
  0 => 'control',
  1 => 'action',
  2 => 'list',
) ]
[ info ] [ LOG ] INIT File
[ sql ] [ DB ] CONNECT:[ UseTime:0.001617s ] mysql:dbname=admin;host=127.0.0.1;port=3306;charset=utf8
[ sql ] [ SQL ] SHOW COLUMNS FROM `sys_goods_cat` [ RunTime:0.012736s ]
[ sql ] [ SQL ] SELECT * FROM `sys_goods_cat` [ RunTime:0.000412s ]
---------------------------------------------------------------
[ 2017-09-23T16:39:11+08:00 ] 127.0.0.1 127.0.0.1 GET //admin/goods/goods_type_lst
[ info ] win.admin.com//admin/goods/goods_type_lst [运行时间：0.069366s][吞吐率：14.42req/s] [内存消耗：2,331.83kb] [文件加载：47]
[ info ] [ LANG ] D:\phpStudy\admin\thinkphp\lang\zh-cn.php
[ info ] [ ROUTE ] array (
  'type' => 'module',
  'module' => 
  array (
    0 => 'admin',
    1 => 'goods',
    2 => 'goods_type_lst',
  ),
)
[ info ] [ HEADER ] array (
  'host' => 'win.admin.com',
  'connection' => 'keep-alive',
  'upgrade-insecure-requests' => '1',
  'user-agent' => 'Mozilla/5.0 (Windows NT 10.0; WOW64) AppleWebKit/537.36 (KHTML, like Gecko) Chrome/60.0.3112.113 Safari/537.36',
  'accept' => 'text/html,application/xhtml+xml,application/xml;q=0.9,image/webp,image/apng,*/*;q=0.8',
  'referer' => 'http://win.admin.com/admin/index/index.html',
  'accept-encoding' => 'gzip, deflate',
  'accept-language' => 'zh-CN,zh;q=0.8',
  'cookie' => 'PHPSESSID=9urg3cvtekm229tm2khagknfc3; currentmoduleName=%E7%B1%BB%E5%9E%8B%E5%88%97%E8%A1%A8; currentmoduleId=100014',
)
[ info ] [ PARAM ] array (
)
[ info ] [ SESSION ] INIT array (
  'id' => '',
  'var_session_id' => '',
  'prefix' => 'think',
  'type' => '',
  'auto_start' => true,
)
[ info ] [ RUN ] app\admin\controller\Goods->goods_type_lst[ D:\phpStudy\admin\application\admin\controller\Goods.php ]
[ info ] [ DB ] INIT mysql
[ info ] [ VIEW ] D:\phpStudy\admin/application/admin\view\goods\goods_type_lst.html [ array (
  0 => 'control',
  1 => 'action',
  2 => 'list',
) ]
[ info ] [ LOG ] INIT File
[ sql ] [ DB ] CONNECT:[ UseTime:0.010260s ] mysql:dbname=admin;host=127.0.0.1;port=3306;charset=utf8
[ sql ] [ SQL ] SHOW COLUMNS FROM `sys_setting` [ RunTime:0.013926s ]
[ sql ] [ SQL ] SELECT * FROM `sys_setting` WHERE  `name` = 'admin_pagesize' LIMIT 1 [ RunTime:0.000417s ]
[ sql ] [ SQL ] SELECT * FROM `sys_setting` WHERE  `name` = 'admin_pagesize' LIMIT 1 [ RunTime:0.000375s ]
[ sql ] [ SQL ] SHOW COLUMNS FROM `sys_goods_type` [ RunTime:0.013419s ]
[ sql ] [ SQL ] SELECT COUNT(*) AS tp_count FROM `sys_goods_type` LIMIT 1 [ RunTime:0.000371s ]
[ sql ] [ SQL ] SELECT * FROM `sys_goods_type` LIMIT 0,8 [ RunTime:0.000328s ]
---------------------------------------------------------------
[ 2017-09-23T16:39:13+08:00 ] 127.0.0.1 127.0.0.1 GET //admin/goods/goods_attr_lst
[ info ] win.admin.com//admin/goods/goods_attr_lst [运行时间：0.063346s][吞吐率：15.79req/s] [内存消耗：2,337.70kb] [文件加载：47]
[ info ] [ LANG ] D:\phpStudy\admin\thinkphp\lang\zh-cn.php
[ info ] [ ROUTE ] array (
  'type' => 'module',
  'module' => 
  array (
    0 => 'admin',
    1 => 'goods',
    2 => 'goods_attr_lst',
  ),
)
[ info ] [ HEADER ] array (
  'host' => 'win.admin.com',
  'connection' => 'keep-alive',
  'upgrade-insecure-requests' => '1',
  'user-agent' => 'Mozilla/5.0 (Windows NT 10.0; WOW64) AppleWebKit/537.36 (KHTML, like Gecko) Chrome/60.0.3112.113 Safari/537.36',
  'accept' => 'text/html,application/xhtml+xml,application/xml;q=0.9,image/webp,image/apng,*/*;q=0.8',
  'referer' => 'http://win.admin.com/admin/index/index.html',
  'accept-encoding' => 'gzip, deflate',
  'accept-language' => 'zh-CN,zh;q=0.8',
  'cookie' => 'PHPSESSID=9urg3cvtekm229tm2khagknfc3; currentmoduleName=%E5%B1%9E%E6%80%A7%E5%88%97%E8%A1%A8; currentmoduleId=100015',
)
[ info ] [ PARAM ] array (
)
[ info ] [ SESSION ] INIT array (
  'id' => '',
  'var_session_id' => '',
  'prefix' => 'think',
  'type' => '',
  'auto_start' => true,
)
[ info ] [ RUN ] app\admin\controller\Goods->goods_attr_lst[ D:\phpStudy\admin\application\admin\controller\Goods.php ]
[ info ] [ DB ] INIT mysql
[ info ] [ VIEW ] D:\phpStudy\admin/application/admin\view\goods\goods_attr_lst.html [ array (
  0 => 'control',
  1 => 'action',
  2 => 'list',
) ]
[ info ] [ LOG ] INIT File
[ sql ] [ DB ] CONNECT:[ UseTime:0.001045s ] mysql:dbname=admin;host=127.0.0.1;port=3306;charset=utf8
[ sql ] [ SQL ] SHOW COLUMNS FROM `sys_setting` [ RunTime:0.013883s ]
[ sql ] [ SQL ] SELECT * FROM `sys_setting` WHERE  `name` = 'admin_pagesize' LIMIT 1 [ RunTime:0.000452s ]
[ sql ] [ SQL ] SELECT * FROM `sys_setting` WHERE  `name` = 'admin_pagesize' LIMIT 1 [ RunTime:0.000423s ]
[ sql ] [ SQL ] SHOW COLUMNS FROM `sys_goods_attr` [ RunTime:0.015314s ]
[ sql ] [ SQL ] SELECT COUNT(*) AS tp_count FROM sys_goods_attr a LEFT JOIN `sys_goods_type` `t` ON `a`.`type_id`=`t`.`id` LIMIT 1 [ RunTime:0.000475s ]
[ sql ] [ SQL ] SELECT `a`.*,`t`.`type_name` FROM sys_goods_attr a LEFT JOIN `sys_goods_type` `t` ON `a`.`type_id`=`t`.`id` LIMIT 0,8 [ RunTime:0.000366s ]
